<?xml version="1.0" encoding="utf-8"?><testsuites name="pytest tests"><testsuite name="pytest" errors="0" failures="0" skipped="0" tests="26" time="6.594" timestamp="2026-02-27T03:41:33.108541+00:00" hostname="agent-env-27f7b9fc-3e67-4779-97a2-88ee7010ffc7"><testcase classname="backend.tests.test_admin_panel_v2.TestAdminDashboard" name="test_admin_dashboard_returns_correct_stats" time="0.765" /><testcase classname="backend.tests.test_admin_panel_v2.TestAdminDashboard" name="test_dashboard_requires_admin_auth" time="0.126" /><testcase classname="backend.tests.test_admin_panel_v2.TestAdminDashboard" name="test_dashboard_rejects_non_admin_user" time="0.476" /><testcase classname="backend.tests.test_admin_panel_v2.TestAdminSessions" name="test_sessions_returns_enriched_data" time="0.136" /><testcase classname="backend.tests.test_admin_panel_v2.TestAdminSessions" name="test_sessions_with_status_filter" time="0.106" /><testcase classname="backend.tests.test_admin_panel_v2.TestAdminSessions" name="test_sessions_pagination" time="0.131" /><testcase classname="backend.tests.test_admin_panel_v2.TestAdminTransactionsEnriched" name="test_enriched_transactions_returns_user_names" time="0.123" /><testcase classname="backend.tests.test_admin_panel_v2.TestAdminTransactionsEnriched" name="test_enriched_transactions_pagination" time="0.134" /><testcase classname="backend.tests.test_admin_panel_v2.TestAdminUsers" name="test_users_list_excludes_password_hash" time="0.141" /><testcase classname="backend.tests.test_admin_panel_v2.TestAdminUsers" name="test_users_filter_by_role" time="0.123" /><testcase classname="backend.tests.test_admin_panel_v2.TestAdminDeleteUser" name="test_create_and_delete_test_user" time="0.588" /><testcase classname="backend.tests.test_admin_panel_v2.TestAdminDeleteUser" name="test_cannot_delete_own_admin_account" time="0.248" /><testcase classname="backend.tests.test_admin_panel_v2.TestAdminDeleteUser" name="test_delete_nonexistent_user" time="0.114" /><testcase classname="backend.tests.test_admin_panel_v2.TestAdminRefund" name="test_refund_nonexistent_session" time="0.134" /><testcase classname="backend.tests.test_admin_panel_v2.TestAdminRefund" name="test_refund_invalid_session_id" time="0.127" /><testcase classname="backend.tests.test_admin_panel_v2.TestAdminConfirmPayment" name="test_confirm_payment_nonexistent_session" time="0.134" /><testcase classname="backend.tests.test_admin_panel_v2.TestAdminConfirmPayment" name="test_confirm_payment_invalid_session_id" time="0.145" /><testcase classname="backend.tests.test_admin_panel_v2.TestAdminProfile" name="test_update_admin_profile_fullname" time="0.250" /><testcase classname="backend.tests.test_admin_panel_v2.TestAdminProfile" name="test_update_admin_profile_phone" time="0.115" /><testcase classname="backend.tests.test_admin_panel_v2.TestAdminProfile" name="test_update_profile_empty_data" time="0.127" /><testcase classname="backend.tests.test_admin_panel_v2.TestAdminProfile" name="test_update_email_to_existing_email_fails" time="0.104" /><testcase classname="backend.tests.test_admin_panel_v2.TestAdminMessage" name="test_send_message_to_user" time="0.600" /><testcase classname="backend.tests.test_admin_panel_v2.TestAdminMessage" name="test_send_message_to_invalid_user" time="0.101" /><testcase classname="backend.tests.test_admin_panel_v2.TestAdminPendingVerifications" name="test_get_pending_verifications" time="0.176" /><testcase classname="backend.tests.test_admin_panel_v2.TestAdminAuthorizationSecurity" name="test_all_admin_endpoints_reject_unauthenticated" time="0.598" /><testcase classname="backend.tests.test_admin_panel_v2.TestAdminAuthorizationSecurity" name="test_admin_endpoints_reject_non_admin_users" time="0.621" /></testsuite></testsuites>