<?xml version="1.0" encoding="utf-8"?><testsuites name="pytest tests"><testsuite name="pytest" errors="0" failures="15" skipped="4" tests="38" time="11.472" timestamp="2026-02-27T16:34:15.698766+00:00" hostname="agent-env-cf7fb010-1479-4389-9d49-cc38d9d1cbc0"><testcase classname="backend.tests.test_comprehensive_qa_audit.TestAuthenticationSecurity" name="test_health_check" time="0.306" /><testcase classname="backend.tests.test_comprehensive_qa_audit.TestAuthenticationSecurity" name="test_login_valid_credentials" time="0.413" /><testcase classname="backend.tests.test_comprehensive_qa_audit.TestAuthenticationSecurity" name="test_login_invalid_credentials" time="0.228" /><testcase classname="backend.tests.test_comprehensive_qa_audit.TestAuthenticationSecurity" name="test_signup_missing_required_fields" time="0.121" /><testcase classname="backend.tests.test_comprehensive_qa_audit.TestAuthenticationSecurity" name="test_signup_password_too_short" time="0.129" /><testcase classname="backend.tests.test_comprehensive_qa_audit.TestAuthenticationSecurity" name="test_protected_endpoint_without_token" time="0.109" /><testcase classname="backend.tests.test_comprehensive_qa_audit.TestAuthenticationSecurity" name="test_protected_endpoint_with_invalid_token" time="0.136" /><testcase classname="backend.tests.test_comprehensive_qa_audit.TestAuthenticationSecurity" name="test_protected_endpoint_with_valid_token" time="0.491" /><testcase classname="backend.tests.test_comprehensive_qa_audit.TestPaymentFlows" name="test_membership_subscribe_creates_payment_intent" time="0.882" /><testcase classname="backend.tests.test_comprehensive_qa_audit.TestPaymentFlows" name="test_membership_double_subscribe_prevention" time="0.483" /><testcase classname="backend.tests.test_comprehensive_qa_audit.TestPaymentFlows" name="test_boost_purchase_weekly" time="0.711" /><testcase classname="backend.tests.test_comprehensive_qa_audit.TestPaymentFlows" name="test_boost_purchase_monthly" time="0.718" /><testcase classname="backend.tests.test_comprehensive_qa_audit.TestPaymentFlows" name="test_boost_purchase_by_non_trainer_rejected" time="0.508" /><testcase classname="backend.tests.test_comprehensive_qa_audit.TestPaymentFlows" name="test_boost_confirm_payment_authorization" time="1.249" /><testcase classname="backend.tests.test_comprehensive_qa_audit.TestSessionLifecycle" name="test_session_create_validates_required_fields" time="0.469" /><testcase classname="backend.tests.test_comprehensive_qa_audit.TestSessionLifecycle" name="test_session_accept_by_trainer" time="0.527" /><testcase classname="backend.tests.test_comprehensive_qa_audit.TestSessionLifecycle" name="test_session_accept_only_by_trainer" time="0.151"><failure message="TypeError: 'NoneType' object is not subscriptable">backend/tests/test_comprehensive_qa_audit.py:446: in test_session_accept_only_by_trainer
    headers = TestSetup.get_auth_header(auth_data["access_token"])
                                        ^^^^^^^^^^^^^^^^^^^^^^^^^
E   TypeError: 'NoneType' object is not subscriptable</failure></testcase><testcase classname="backend.tests.test_comprehensive_qa_audit.TestSessionLifecycle" name="test_session_decline_by_trainer" time="0.123"><failure message="TypeError: 'NoneType' object is not subscriptable">backend/tests/test_comprehensive_qa_audit.py:460: in test_session_decline_by_trainer
    headers = TestSetup.get_auth_header(auth_data["access_token"])
                                        ^^^^^^^^^^^^^^^^^^^^^^^^^
E   TypeError: 'NoneType' object is not subscriptable</failure></testcase><testcase classname="backend.tests.test_comprehensive_qa_audit.TestSessionLifecycle" name="test_session_end_by_trainer" time="0.123"><failure message="TypeError: 'NoneType' object is not subscriptable">backend/tests/test_comprehensive_qa_audit.py:492: in test_session_end_by_trainer
    headers = TestSetup.get_auth_header(auth_data["access_token"])
                                        ^^^^^^^^^^^^^^^^^^^^^^^^^
E   TypeError: 'NoneType' object is not subscriptable</failure></testcase><testcase classname="backend.tests.test_comprehensive_qa_audit.TestSessionLifecycle" name="test_session_client_confirm_end" time="0.117"><failure message="TypeError: 'NoneType' object is not subscriptable">backend/tests/test_comprehensive_qa_audit.py:528: in test_session_client_confirm_end
    headers = TestSetup.get_auth_header(auth_data["access_token"])
                                        ^^^^^^^^^^^^^^^^^^^^^^^^^
E   TypeError: 'NoneType' object is not subscriptable</failure></testcase><testcase classname="backend.tests.test_comprehensive_qa_audit.TestSessionLifecycle" name="test_session_get_requires_auth" time="0.111" /><testcase classname="backend.tests.test_comprehensive_qa_audit.TestSessionLifecycle" name="test_session_get_only_participant_or_admin" time="0.148"><skipped type="pytest.skip" message="Could not login as trainee2">/app/backend/tests/test_comprehensive_qa_audit.py:564: Could not login as trainee2</skipped></testcase><testcase classname="backend.tests.test_comprehensive_qa_audit.TestNotificationSystem" name="test_get_notification_preferences_defaults" time="0.114"><failure message="TypeError: 'NoneType' object is not subscriptable">backend/tests/test_comprehensive_qa_audit.py:586: in test_get_notification_preferences_defaults
    headers = TestSetup.get_auth_header(auth_data["access_token"])
                                        ^^^^^^^^^^^^^^^^^^^^^^^^^
E   TypeError: 'NoneType' object is not subscriptable</failure></testcase><testcase classname="backend.tests.test_comprehensive_qa_audit.TestNotificationSystem" name="test_update_notification_preferences" time="0.117"><failure message="TypeError: 'NoneType' object is not subscriptable">backend/tests/test_comprehensive_qa_audit.py:599: in test_update_notification_preferences
    headers = TestSetup.get_auth_header(auth_data["access_token"])
                                        ^^^^^^^^^^^^^^^^^^^^^^^^^
E   TypeError: 'NoneType' object is not subscriptable</failure></testcase><testcase classname="backend.tests.test_comprehensive_qa_audit.TestNotificationSystem" name="test_notification_preference_filtering" time="0.589" /><testcase classname="backend.tests.test_comprehensive_qa_audit.TestAdminPanel" name="test_admin_users_requires_admin" time="0.123"><failure message="TypeError: 'NoneType' object is not subscriptable">backend/tests/test_comprehensive_qa_audit.py:678: in test_admin_users_requires_admin
    headers = TestSetup.get_auth_header(auth_data["access_token"])
                                        ^^^^^^^^^^^^^^^^^^^^^^^^^
E   TypeError: 'NoneType' object is not subscriptable</failure></testcase><testcase classname="backend.tests.test_comprehensive_qa_audit.TestAdminPanel" name="test_admin_users_works_for_admin" time="0.142"><skipped type="pytest.skip" message="Could not login as admin">/app/backend/tests/test_comprehensive_qa_audit.py:688: Could not login as admin</skipped></testcase><testcase classname="backend.tests.test_comprehensive_qa_audit.TestAdminPanel" name="test_admin_delete_user_requires_admin" time="0.137"><failure message="TypeError: 'NoneType' object is not subscriptable">backend/tests/test_comprehensive_qa_audit.py:701: in test_admin_delete_user_requires_admin
    headers = TestSetup.get_auth_header(auth_data["access_token"])
                                        ^^^^^^^^^^^^^^^^^^^^^^^^^
E   TypeError: 'NoneType' object is not subscriptable</failure></testcase><testcase classname="backend.tests.test_comprehensive_qa_audit.TestAdminPanel" name="test_admin_delete_user_works" time="0.479"><skipped type="pytest.skip" message="Could not login as admin">/app/backend/tests/test_comprehensive_qa_audit.py:729: Could not login as admin</skipped></testcase><testcase classname="backend.tests.test_comprehensive_qa_audit.TestAdminPanel" name="test_admin_refund_requires_admin" time="0.144"><failure message="TypeError: 'NoneType' object is not subscriptable">backend/tests/test_comprehensive_qa_audit.py:744: in test_admin_refund_requires_admin
    headers = TestSetup.get_auth_header(auth_data["access_token"])
                                        ^^^^^^^^^^^^^^^^^^^^^^^^^
E   TypeError: 'NoneType' object is not subscriptable</failure></testcase><testcase classname="backend.tests.test_comprehensive_qa_audit.TestAdminPanel" name="test_admin_dashboard_requires_admin" time="0.136"><failure message="TypeError: 'NoneType' object is not subscriptable">backend/tests/test_comprehensive_qa_audit.py:755: in test_admin_dashboard_requires_admin
    headers = TestSetup.get_auth_header(auth_data["access_token"])
                                        ^^^^^^^^^^^^^^^^^^^^^^^^^
E   TypeError: 'NoneType' object is not subscriptable</failure></testcase><testcase classname="backend.tests.test_comprehensive_qa_audit.TestAdminPanel" name="test_admin_dashboard_works_for_admin" time="0.112"><skipped type="pytest.skip" message="Could not login as admin">/app/backend/tests/test_comprehensive_qa_audit.py:765: Could not login as admin</skipped></testcase><testcase classname="backend.tests.test_comprehensive_qa_audit.TestErrorHandling" name="test_invalid_objectid_returns_400" time="0.135"><failure message="TypeError: 'NoneType' object is not subscriptable">backend/tests/test_comprehensive_qa_audit.py:790: in test_invalid_objectid_returns_400
    headers = TestSetup.get_auth_header(auth_data["access_token"])
                                        ^^^^^^^^^^^^^^^^^^^^^^^^^
E   TypeError: 'NoneType' object is not subscriptable</failure></testcase><testcase classname="backend.tests.test_comprehensive_qa_audit.TestErrorHandling" name="test_nonexistent_resource_returns_404" time="0.166"><failure message="TypeError: 'NoneType' object is not subscriptable">backend/tests/test_comprehensive_qa_audit.py:803: in test_nonexistent_resource_returns_404
    headers = TestSetup.get_auth_header(auth_data["access_token"])
                                        ^^^^^^^^^^^^^^^^^^^^^^^^^
E   TypeError: 'NoneType' object is not subscriptable</failure></testcase><testcase classname="backend.tests.test_comprehensive_qa_audit.TestErrorHandling" name="test_trainer_search_works" time="0.103"><failure message="TypeError: 'NoneType' object is not subscriptable">backend/tests/test_comprehensive_qa_audit.py:815: in test_trainer_search_works
    headers = TestSetup.get_auth_header(auth_data["access_token"])
                                        ^^^^^^^^^^^^^^^^^^^^^^^^^
E   TypeError: 'NoneType' object is not subscriptable</failure></testcase><testcase classname="backend.tests.test_comprehensive_qa_audit.TestErrorHandling" name="test_trainer_profile_not_found" time="0.121"><failure message="TypeError: 'NoneType' object is not subscriptable">backend/tests/test_comprehensive_qa_audit.py:827: in test_trainer_profile_not_found
    headers = TestSetup.get_auth_header(auth_data["access_token"])
                                        ^^^^^^^^^^^^^^^^^^^^^^^^^
E   TypeError: 'NoneType' object is not subscriptable</failure></testcase><testcase classname="backend.tests.test_comprehensive_qa_audit.TestTrainerManagement" name="test_trainer_profile_exists" time="0.129" /><testcase classname="backend.tests.test_comprehensive_qa_audit.TestTrainerManagement" name="test_trainer_search_with_filters" time="0.124"><failure message="TypeError: 'NoneType' object is not subscriptable">backend/tests/test_comprehensive_qa_audit.py:855: in test_trainer_search_with_filters
    headers = TestSetup.get_auth_header(auth_data["access_token"])
                                        ^^^^^^^^^^^^^^^^^^^^^^^^^
E   TypeError: 'NoneType' object is not subscriptable</failure></testcase></testsuite></testsuites>