<?xml version="1.0" encoding="utf-8"?><testsuites name="pytest tests"><testsuite name="pytest" errors="0" failures="3" skipped="1" tests="41" time="5.412" timestamp="2026-02-27T04:47:54.040824+00:00" hostname="agent-env-27f7b9fc-3e67-4779-97a2-88ee7010ffc7"><testcase classname="backend.tests.test_comprehensive_e2e.TestHealth" name="test_health_endpoint" time="0.307" /><testcase classname="backend.tests.test_comprehensive_e2e.TestAuthentication" name="test_admin_login_success" time="0.284" /><testcase classname="backend.tests.test_comprehensive_e2e.TestAuthentication" name="test_trainer_login_success" time="0.273" /><testcase classname="backend.tests.test_comprehensive_e2e.TestAuthentication" name="test_trainee_login_success" time="0.283" /><testcase classname="backend.tests.test_comprehensive_e2e.TestAuthentication" name="test_login_wrong_password_returns_401" time="0.275" /><testcase classname="backend.tests.test_comprehensive_e2e.TestAuthentication" name="test_get_me_returns_profile_without_password" time="0.333" /><testcase classname="backend.tests.test_comprehensive_e2e.TestAdminDashboard" name="test_admin_dashboard_returns_stats" time="0.055" /><testcase classname="backend.tests.test_comprehensive_e2e.TestAdminDashboard" name="test_admin_dashboard_requires_auth" time="0.055" /><testcase classname="backend.tests.test_comprehensive_e2e.TestAdminUsers" name="test_admin_users_list_excludes_password" time="0.050" /><testcase classname="backend.tests.test_comprehensive_e2e.TestAdminUsers" name="test_admin_user_detail_with_profiles" time="0.389" /><testcase classname="backend.tests.test_comprehensive_e2e.TestAdminUsers" name="test_create_and_delete_user" time="0.389" /><testcase classname="backend.tests.test_comprehensive_e2e.TestAdminUsers" name="test_admin_cannot_delete_self" time="0.108" /><testcase classname="backend.tests.test_comprehensive_e2e.TestAdminSessions" name="test_admin_sessions_returns_enriched_data" time="0.054" /><testcase classname="backend.tests.test_comprehensive_e2e.TestAdminSessions" name="test_admin_sessions_filter_by_status" time="0.052" /><testcase classname="backend.tests.test_comprehensive_e2e.TestAdminTransactions" name="test_admin_transactions_enriched" time="0.067" /><testcase classname="backend.tests.test_comprehensive_e2e.TestAdminRefund" name="test_admin_refund_invalid_session" time="0.062" /><testcase classname="backend.tests.test_comprehensive_e2e.TestAdminRefund" name="test_admin_refund_duplicate_protection" time="0.104" /><testcase classname="backend.tests.test_comprehensive_e2e.TestAdminConfirmPayment" name="test_admin_confirm_payment_success" time="0.131" /><testcase classname="backend.tests.test_comprehensive_e2e.TestAdminProfile" name="test_admin_profile_update_success" time="0.121" /><testcase classname="backend.tests.test_comprehensive_e2e.TestAdminProfile" name="test_admin_profile_update_empty_body_fails" time="0.050" /><testcase classname="backend.tests.test_comprehensive_e2e.TestAdminMessage" name="test_admin_send_message_success" time="0.393" /><testcase classname="backend.tests.test_comprehensive_e2e.TestAdminVerifications" name="test_admin_pending_verifications" time="0.060" /><testcase classname="backend.tests.test_comprehensive_e2e.TestAdminVerifications" name="test_admin_verify_trainer" time="0.119"><skipped type="pytest.skip" message="Trainer profile not found for verification test">/app/backend/tests/test_comprehensive_e2e.py:537: Trainer profile not found for verification test</skipped></testcase><testcase classname="backend.tests.test_comprehensive_e2e.TestStreaks" name="test_streaks_as_trainer" time="0.053" /><testcase classname="backend.tests.test_comprehensive_e2e.TestStreaks" name="test_streaks_as_trainee" time="0.058" /><testcase classname="backend.tests.test_comprehensive_e2e.TestStreaks" name="test_streaks_without_auth_returns_401" time="0.075" /><testcase classname="backend.tests.test_comprehensive_e2e.TestLeaderboard" name="test_leaderboard_returns_sorted_array" time="0.065" /><testcase classname="backend.tests.test_comprehensive_e2e.TestLeaderboard" name="test_leaderboard_entry_has_required_fields" time="0.067" /><testcase classname="backend.tests.test_comprehensive_e2e.TestLeaderboard" name="test_leaderboard_limit_parameter" time="0.065" /><testcase classname="backend.tests.test_comprehensive_e2e.TestLeaderboard" name="test_leaderboard_without_auth_returns_401" time="0.054" /><testcase classname="backend.tests.test_comprehensive_e2e.TestAchievements" name="test_achievements_returns_12_badges" time="0.056" /><testcase classname="backend.tests.test_comprehensive_e2e.TestAchievements" name="test_achievements_has_streak_star_badge" time="0.051" /><testcase classname="backend.tests.test_comprehensive_e2e.TestAchievements" name="test_achievements_has_duration_master_badge" time="0.052" /><testcase classname="backend.tests.test_comprehensive_e2e.TestAchievements" name="test_achievements_returns_total_completed_sessions" time="0.055" /><testcase classname="backend.tests.test_comprehensive_e2e.TestTrainers" name="test_nearby_trainers_returns_list" time="0.058" /><testcase classname="backend.tests.test_comprehensive_e2e.TestTrainers" name="test_trainer_profile_has_intro_video_field" time="0.119" /><testcase classname="backend.tests.test_comprehensive_e2e.TestSessions" name="test_trainee_sessions" time="0.057"><failure message="AssertionError: Get trainee sessions failed: {&quot;detail&quot;:&quot;Invalid session ID format&quot;}&#10;assert 400 == 200&#10; +  where 400 = &lt;Response [400]&gt;.status_code">backend/tests/test_comprehensive_e2e.py:767: in test_trainee_sessions
    assert response.status_code == 200, f"Get trainee sessions failed: {response.text}"
E   AssertionError: Get trainee sessions failed: {"detail":"Invalid session ID format"}
E   assert 400 == 200
E    +  where 400 = &lt;Response [400]&gt;.status_code</failure></testcase><testcase classname="backend.tests.test_comprehensive_e2e.TestSessions" name="test_trainer_sessions" time="0.067"><failure message="AssertionError: Get trainer sessions failed: {&quot;detail&quot;:&quot;Invalid session ID format&quot;}&#10;assert 400 == 200&#10; +  where 400 = &lt;Response [400]&gt;.status_code">backend/tests/test_comprehensive_e2e.py:777: in test_trainer_sessions
    assert response.status_code == 200, f"Get trainer sessions failed: {response.text}"
E   AssertionError: Get trainer sessions failed: {"detail":"Invalid session ID format"}
E   assert 400 == 200
E    +  where 400 = &lt;Response [400]&gt;.status_code</failure></testcase><testcase classname="backend.tests.test_comprehensive_e2e.TestMessaging" name="test_get_conversations" time="0.070" /><testcase classname="backend.tests.test_comprehensive_e2e.TestMessaging" name="test_create_conversation" time="0.117" /><testcase classname="backend.tests.test_comprehensive_e2e.TestRatings" name="test_get_trainer_ratings" time="0.101"><failure message="AssertionError: Get ratings failed: {&quot;detail&quot;:&quot;Not Found&quot;}&#10;assert 404 == 200&#10; +  where 404 = &lt;Response [404]&gt;.status_code">backend/tests/test_comprehensive_e2e.py:840: in test_get_trainer_ratings
    assert response.status_code == 200, f"Get ratings failed: {response.text}"
E   AssertionError: Get ratings failed: {"detail":"Not Found"}
E   assert 404 == 200
E    +  where 404 = &lt;Response [404]&gt;.status_code</failure></testcase></testsuite></testsuites>