<?xml version="1.0" encoding="utf-8"?><testsuites name="pytest tests"><testsuite name="pytest" errors="0" failures="0" skipped="0" tests="75" time="5.601" timestamp="2026-03-02T06:31:43.763811+00:00" hostname="agent-env-00728d94-0bf3-4438-bbb1-d667c6cf9d1b"><testcase classname="backend.tests.test_deployment_e2e.TestHealthEndpoints" name="test_root_endpoint" time="0.143" /><testcase classname="backend.tests.test_deployment_e2e.TestHealthEndpoints" name="test_health_endpoint" time="0.078" /><testcase classname="backend.tests.test_deployment_e2e.TestAuthFlow" name="test_admin_login" time="0.275" /><testcase classname="backend.tests.test_deployment_e2e.TestAuthFlow" name="test_trainer_login" time="0.268" /><testcase classname="backend.tests.test_deployment_e2e.TestAuthFlow" name="test_trainee_login" time="0.273" /><testcase classname="backend.tests.test_deployment_e2e.TestAuthFlow" name="test_auth_me_endpoint" time="0.046" /><testcase classname="backend.tests.test_deployment_e2e.TestAuthFlow" name="test_invalid_login" time="0.052" /><testcase classname="backend.tests.test_deployment_e2e.TestAuthFlow" name="test_password_reset_request" time="0.055" /><testcase classname="backend.tests.test_deployment_e2e.TestTraineeProfile" name="test_get_trainee_profile" time="0.046" /><testcase classname="backend.tests.test_deployment_e2e.TestTraineeProfile" name="test_create_or_update_trainee_profile" time="0.058" /><testcase classname="backend.tests.test_deployment_e2e.TestTrainerProfile" name="test_get_trainer_profile" time="0.048" /><testcase classname="backend.tests.test_deployment_e2e.TestTrainerProfile" name="test_create_or_update_trainer_profile" time="0.046" /><testcase classname="backend.tests.test_deployment_e2e.TestTrainerProfile" name="test_toggle_availability" time="0.049" /><testcase classname="backend.tests.test_deployment_e2e.TestTrainerVerification" name="test_get_onboarding_status" time="0.046" /><testcase classname="backend.tests.test_deployment_e2e.TestTrainerVerification" name="test_get_verification_status" time="0.048" /><testcase classname="backend.tests.test_deployment_e2e.TestTrainerVerification" name="test_submit_verification_step" time="0.046" /><testcase classname="backend.tests.test_deployment_e2e.TestTrainerVerification" name="test_update_verification" time="0.046" /><testcase classname="backend.tests.test_deployment_e2e.TestTrainerVerification" name="test_submit_all_verification" time="0.048" /><testcase classname="backend.tests.test_deployment_e2e.TestTrainerSearch" name="test_search_trainers_by_rating" time="0.047" /><testcase classname="backend.tests.test_deployment_e2e.TestTrainerSearch" name="test_search_trainers_by_distance" time="0.045" /><testcase classname="backend.tests.test_deployment_e2e.TestTrainerSearch" name="test_nearby_trainers" time="0.049" /><testcase classname="backend.tests.test_deployment_e2e.TestSessionBooking" name="test_get_trainee_sessions" time="0.051" /><testcase classname="backend.tests.test_deployment_e2e.TestSessionBooking" name="test_get_trainer_sessions" time="0.054" /><testcase classname="backend.tests.test_deployment_e2e.TestSessionBooking" name="test_create_session_blocked_unverified" time="0.046" /><testcase classname="backend.tests.test_deployment_e2e.TestGPSTracking" name="test_update_trainer_location" time="0.049" /><testcase classname="backend.tests.test_deployment_e2e.TestGPSTracking" name="test_session_gps_confirm" time="0.048" /><testcase classname="backend.tests.test_deployment_e2e.TestSelfieVerification" name="test_verify_selfie" time="0.047" /><testcase classname="backend.tests.test_deployment_e2e.TestSelfieVerification" name="test_verification_status" time="0.049" /><testcase classname="backend.tests.test_deployment_e2e.TestMessaging" name="test_send_message" time="0.323" /><testcase classname="backend.tests.test_deployment_e2e.TestMessaging" name="test_get_conversations" time="0.058" /><testcase classname="backend.tests.test_deployment_e2e.TestMessaging" name="test_get_conversation_messages" time="0.048" /><testcase classname="backend.tests.test_deployment_e2e.TestMessaging" name="test_create_conversation" time="0.048" /><testcase classname="backend.tests.test_deployment_e2e.TestPayments" name="test_create_payment_intent" time="0.434" /><testcase classname="backend.tests.test_deployment_e2e.TestPayments" name="test_get_pricing_rules" time="0.045" /><testcase classname="backend.tests.test_deployment_e2e.TestPayments" name="test_calculate_session_cost" time="0.063" /><testcase classname="backend.tests.test_deployment_e2e.TestMembership" name="test_get_membership" time="0.049" /><testcase classname="backend.tests.test_deployment_e2e.TestMembership" name="test_subscribe_membership" time="0.045" /><testcase classname="backend.tests.test_deployment_e2e.TestMembership" name="test_member_badge" time="0.050" /><testcase classname="backend.tests.test_deployment_e2e.TestBoosts" name="test_purchase_boost" time="0.319" /><testcase classname="backend.tests.test_deployment_e2e.TestBoosts" name="test_get_my_boosts" time="0.046" /><testcase classname="backend.tests.test_deployment_e2e.TestBoosts" name="test_boost_analytics" time="0.065" /><testcase classname="backend.tests.test_deployment_e2e.TestBoosts" name="test_track_boost_view" time="0.061" /><testcase classname="backend.tests.test_deployment_e2e.TestRatingsReviews" name="test_get_trainer_ratings" time="0.045" /><testcase classname="backend.tests.test_deployment_e2e.TestStreaksAchievements" name="test_get_my_streaks" time="0.048" /><testcase classname="backend.tests.test_deployment_e2e.TestStreaksAchievements" name="test_get_trainer_achievements" time="0.069" /><testcase classname="backend.tests.test_deployment_e2e.TestStreaksAchievements" name="test_check_badges" time="0.046" /><testcase classname="backend.tests.test_deployment_e2e.TestStreaksAchievements" name="test_trainee_achievements" time="0.055" /><testcase classname="backend.tests.test_deployment_e2e.TestStreaksAchievements" name="test_weekly_leaderboard" time="0.067" /><testcase classname="backend.tests.test_deployment_e2e.TestAdminPanel" name="test_admin_dashboard" time="0.054" /><testcase classname="backend.tests.test_deployment_e2e.TestAdminPanel" name="test_admin_users" time="0.050" /><testcase classname="backend.tests.test_deployment_e2e.TestAdminPanel" name="test_admin_top_trainers" time="0.049" /><testcase classname="backend.tests.test_deployment_e2e.TestAdminPanel" name="test_admin_sessions" time="0.057" /><testcase classname="backend.tests.test_deployment_e2e.TestAdminPanel" name="test_admin_transactions" time="0.047" /><testcase classname="backend.tests.test_deployment_e2e.TestAdminPanel" name="test_admin_pending_verifications" time="0.051" /><testcase classname="backend.tests.test_deployment_e2e.TestAdminPanel" name="test_admin_revenue" time="0.047" /><testcase classname="backend.tests.test_deployment_e2e.TestNotifications" name="test_get_notifications" time="0.055" /><testcase classname="backend.tests.test_deployment_e2e.TestNotifications" name="test_mark_notifications_read" time="0.047" /><testcase classname="backend.tests.test_deployment_e2e.TestNotifications" name="test_get_notification_preferences" time="0.049" /><testcase classname="backend.tests.test_deployment_e2e.TestNotifications" name="test_update_notification_preferences" time="0.048" /><testcase classname="backend.tests.test_deployment_e2e.TestNotifications" name="test_register_push_token" time="0.045" /><testcase classname="backend.tests.test_deployment_e2e.TestDownloads" name="test_download_user_manual" time="0.066" /><testcase classname="backend.tests.test_deployment_e2e.TestDownloads" name="test_download_testing_checklist" time="0.050" /><testcase classname="backend.tests.test_deployment_e2e.TestSafetyFeatures" name="test_safety_report" time="0.049" /><testcase classname="backend.tests.test_deployment_e2e.TestSafetyFeatures" name="test_block_user" time="0.046" /><testcase classname="backend.tests.test_deployment_e2e.TestSafetyFeatures" name="test_get_blocks" time="0.048" /><testcase classname="backend.tests.test_deployment_e2e.TestSafetyFeatures" name="test_unblock_user" time="0.044" /><testcase classname="backend.tests.test_deployment_e2e.TestVirtualMatching" name="test_virtual_request" time="0.045" /><testcase classname="backend.tests.test_deployment_e2e.TestVirtualMatching" name="test_instant_request" time="0.045" /><testcase classname="backend.tests.test_deployment_e2e.TestVirtualMatching" name="test_virtual_pending" time="0.047" /><testcase classname="backend.tests.test_deployment_e2e.TestTrainerEarnings" name="test_get_trainer_earnings" time="0.048" /><testcase classname="backend.tests.test_deployment_e2e.TestTrainerEarnings" name="test_request_payout" time="0.049" /><testcase classname="backend.tests.test_deployment_e2e.TestTrainerEarnings" name="test_get_payout_requests" time="0.046" /><testcase classname="backend.tests.test_deployment_e2e.TestTrainerEarnings" name="test_pricing_limits" time="0.044" /><testcase classname="backend.tests.test_deployment_e2e.TestPostSessionSummary" name="test_get_my_summaries" time="0.046" /><testcase classname="backend.tests.test_deployment_e2e.TestWeeklyDigest" name="test_get_weekly_digest" time="0.047" /></testsuite></testsuites>