<?xml version="1.0" encoding="utf-8"?><testsuites name="pytest tests"><testsuite name="pytest" errors="0" failures="5" skipped="2" tests="42" time="25.789" timestamp="2026-02-26T20:14:48.639539+00:00" hostname="agent-env-684430b2-5b29-408a-a5ab-81d87feeef9e"><testcase classname="backend.tests.test_e2e_comprehensive.TestFlow1_Auth" name="test_register_new_user" time="0.971" /><testcase classname="backend.tests.test_e2e_comprehensive.TestFlow1_Auth" name="test_login_returns_token" time="0.353" /><testcase classname="backend.tests.test_e2e_comprehensive.TestFlow1_Auth" name="test_get_me_returns_user" time="0.548" /><testcase classname="backend.tests.test_e2e_comprehensive.TestFlow2_TraineeProfile" name="test_create_trainee_profile" time="0.491" /><testcase classname="backend.tests.test_e2e_comprehensive.TestFlow2_TraineeProfile" name="test_get_trainee_profile" time="0.470" /><testcase classname="backend.tests.test_e2e_comprehensive.TestFlow3_TrainerProfile" name="test_create_trainer_profile" time="0.524" /><testcase classname="backend.tests.test_e2e_comprehensive.TestFlow3_TrainerProfile" name="test_get_trainer_profile" time="0.441" /><testcase classname="backend.tests.test_e2e_comprehensive.TestFlow4_TrainerVerification" name="test_get_verification_status" time="0.475" /><testcase classname="backend.tests.test_e2e_comprehensive.TestFlow4_TrainerVerification" name="test_submit_verification_step" time="0.598" /><testcase classname="backend.tests.test_e2e_comprehensive.TestFlow4_TrainerVerification" name="test_submit_all_verification" time="0.545" /><testcase classname="backend.tests.test_e2e_comprehensive.TestFlow5_TrainerSearch" name="test_get_nearby_trainers" time="0.590" /><testcase classname="backend.tests.test_e2e_comprehensive.TestFlow6_SessionBooking" name="test_create_session" time="0.869"><failure message="AssertionError: Expected 200, got 403: {&quot;detail&quot;:&quot;Trainer is not verified yet. Missing: SSN identity check, Background check, Sex offender screening, CPR/AED certification, Intro video (10-30 seconds)&quot;}&#10;assert 403 == 200&#10; +  where 403 = &lt;Response [403]&gt;.status_code">backend/tests/test_e2e_comprehensive.py:330: in test_create_session
    assert response.status_code == 200, f"Expected 200, got {response.status_code}: {response.text}"
E   AssertionError: Expected 200, got 403: {"detail":"Trainer is not verified yet. Missing: SSN identity check, Background check, Sex offender screening, CPR/AED certification, Intro video (10-30 seconds)"}
E   assert 403 == 200
E    +  where 403 = &lt;Response [403]&gt;.status_code</failure></testcase><testcase classname="backend.tests.test_e2e_comprehensive.TestFlow6_SessionBooking" name="test_get_trainee_sessions" time="0.850"><failure message="AssertionError: Expected 200, got 500: Internal Server Error&#10;assert 500 == 200&#10; +  where 500 = &lt;Response [500]&gt;.status_code">backend/tests/test_e2e_comprehensive.py:345: in test_get_trainee_sessions
    assert response.status_code == 200, f"Expected 200, got {response.status_code}: {response.text}"
E   AssertionError: Expected 200, got 500: Internal Server Error
E   assert 500 == 200
E    +  where 500 = &lt;Response [500]&gt;.status_code</failure></testcase><testcase classname="backend.tests.test_e2e_comprehensive.TestFlow6_SessionBooking" name="test_get_trainer_sessions" time="0.848"><failure message="AssertionError: Expected 200, got 500: Internal Server Error&#10;assert 500 == 200&#10; +  where 500 = &lt;Response [500]&gt;.status_code">backend/tests/test_e2e_comprehensive.py:357: in test_get_trainer_sessions
    assert response.status_code == 200, f"Expected 200, got {response.status_code}: {response.text}"
E   AssertionError: Expected 200, got 500: Internal Server Error
E   assert 500 == 200
E    +  where 500 = &lt;Response [500]&gt;.status_code</failure></testcase><testcase classname="backend.tests.test_e2e_comprehensive.TestFlow7_SessionLifecycle" name="test_confirm_session" time="0.896"><skipped type="pytest.skip" message="No session to test">/app/backend/tests/test_e2e_comprehensive.py:398: No session to test</skipped></testcase><testcase classname="backend.tests.test_e2e_comprehensive.TestFlow7_SessionLifecycle" name="test_complete_session" time="0.827"><skipped type="pytest.skip" message="No session to test">/app/backend/tests/test_e2e_comprehensive.py:413: No session to test</skipped></testcase><testcase classname="backend.tests.test_e2e_comprehensive.TestFlow8_StripePayments" name="test_create_payment_intent" time="1.024" /><testcase classname="backend.tests.test_e2e_comprehensive.TestFlow8_StripePayments" name="test_get_pricing_rules" time="0.499"><failure message="AssertionError: assert ('sessionMinimums' in {'boostPrices': {'daily': 9.99, 'monthly': 149.99, 'weekly': 49.99}, 'cancellationFees': {'inHome': 35.0, 'outdoor': 25.0, 'virtual': 15.0}, 'membership': {'benefits': ['Discounted sessions', '1 free profile Boost per month', 'Priority customer support', 'Early access to elite trainers'], 'monthlyPrice': 19.99}, 'minimumPrices': {'inHome': 60.0, 'outdoor': 40.0, 'traineeHome': 60.0, 'virtual': 30.0}, ...} or 'trainerRevenuePercent' in {'boostPrices': {'daily': 9.99, 'monthly': 149.99, 'weekly': 49.99}, 'cancellationFees': {'inHome': 35.0, 'outdoor': 25.0, 'virtual': 15.0}, 'membership': {'benefits': ['Discounted sessions', '1 free profile Boost per month', 'Priority customer support', 'Early access to elite trainers'], 'monthlyPrice': 19.99}, 'minimumPrices': {'inHome': 60.0, 'outdoor': 40.0, 'traineeHome': 60.0, 'virtual': 30.0}, ...})">backend/tests/test_e2e_comprehensive.py:469: in test_get_pricing_rules
    assert "sessionMinimums" in data or "trainerRevenuePercent" in data
E   AssertionError: assert ('sessionMinimums' in {'boostPrices': {'daily': 9.99, 'monthly': 149.99, 'weekly': 49.99}, 'cancellationFees': {'inHome': 35.0, 'outdoor': 25.0, 'virtual': 15.0}, 'membership': {'benefits': ['Discounted sessions', '1 free profile Boost per month', 'Priority customer support', 'Early access to elite trainers'], 'monthlyPrice': 19.99}, 'minimumPrices': {'inHome': 60.0, 'outdoor': 40.0, 'traineeHome': 60.0, 'virtual': 30.0}, ...} or 'trainerRevenuePercent' in {'boostPrices': {'daily': 9.99, 'monthly': 149.99, 'weekly': 49.99}, 'cancellationFees': {'inHome': 35.0, 'outdoor': 25.0, 'virtual': 15.0}, 'membership': {'benefits': ['Discounted sessions', '1 free profile Boost per month', 'Priority customer support', 'Early access to elite trainers'], 'monthlyPrice': 19.99}, 'minimumPrices': {'inHome': 60.0, 'outdoor': 40.0, 'traineeHome': 60.0, 'virtual': 30.0}, ...})</failure></testcase><testcase classname="backend.tests.test_e2e_comprehensive.TestFlow8_StripePayments" name="test_calculate_session_cost" time="0.507"><failure message="AssertionError: Expected 200, got 422: {&quot;detail&quot;:[{&quot;type&quot;:&quot;missing&quot;,&quot;loc&quot;:[&quot;query&quot;,&quot;session_type&quot;],&quot;msg&quot;:&quot;Field required&quot;,&quot;input&quot;:null,&quot;url&quot;:&quot;https://errors.pydantic.dev/2.12/v/missing&quot;},{&quot;type&quot;:&quot;missing&quot;,&quot;loc&quot;:[&quot;query&quot;,&quot;session_price_cents&quot;],&quot;msg&quot;:&quot;Field required&quot;,&quot;input&quot;:null,&quot;url&quot;:&quot;https://errors.pydantic.dev/2.12/v/missing&quot;}]}&#10;assert 422 == 200&#10; +  where 422 = &lt;Response [422]&gt;.status_code">backend/tests/test_e2e_comprehensive.py:487: in test_calculate_session_cost
    assert response.status_code == 200, f"Expected 200, got {response.status_code}: {response.text}"
E   AssertionError: Expected 200, got 422: {"detail":[{"type":"missing","loc":["query","session_type"],"msg":"Field required","input":null,"url":"https://errors.pydantic.dev/2.12/v/missing"},{"type":"missing","loc":["query","session_price_cents"],"msg":"Field required","input":null,"url":"https://errors.pydantic.dev/2.12/v/missing"}]}
E   assert 422 == 200
E    +  where 422 = &lt;Response [422]&gt;.status_code</failure></testcase><testcase classname="backend.tests.test_e2e_comprehensive.TestFlow9_Membership" name="test_get_my_membership" time="0.677" /><testcase classname="backend.tests.test_e2e_comprehensive.TestFlow9_Membership" name="test_subscribe_duplicate_returns_400" time="0.650" /><testcase classname="backend.tests.test_e2e_comprehensive.TestFlow10_Boosts" name="test_purchase_boost" time="0.498" /><testcase classname="backend.tests.test_e2e_comprehensive.TestFlow10_Boosts" name="test_get_my_boosts" time="0.568" /><testcase classname="backend.tests.test_e2e_comprehensive.TestFlow11_EarningsAndPayout" name="test_get_trainer_earnings" time="0.498" /><testcase classname="backend.tests.test_e2e_comprehensive.TestFlow11_EarningsAndPayout" name="test_request_payout_duplicate_returns_400" time="0.698" /><testcase classname="backend.tests.test_e2e_comprehensive.TestFlow11_EarningsAndPayout" name="test_get_payout_requests" time="0.524" /><testcase classname="backend.tests.test_e2e_comprehensive.TestFlow12_Messaging" name="test_create_message" time="0.464" /><testcase classname="backend.tests.test_e2e_comprehensive.TestFlow12_Messaging" name="test_get_conversations" time="0.575" /><testcase classname="backend.tests.test_e2e_comprehensive.TestFlow12_Messaging" name="test_get_conversation_messages" time="0.638" /><testcase classname="backend.tests.test_e2e_comprehensive.TestFlow13_Ratings" name="test_get_trainer_ratings" time="0.151" /><testcase classname="backend.tests.test_e2e_comprehensive.TestFlow13_Ratings" name="test_duplicate_rating_returns_error" time="0.475" /><testcase classname="backend.tests.test_e2e_comprehensive.TestFlow14_AdminDashboard" name="test_get_admin_dashboard" time="0.506" /><testcase classname="backend.tests.test_e2e_comprehensive.TestFlow14_AdminDashboard" name="test_get_admin_users" time="0.623" /><testcase classname="backend.tests.test_e2e_comprehensive.TestFlow14_AdminDashboard" name="test_get_admin_user_detail" time="0.472" /><testcase classname="backend.tests.test_e2e_comprehensive.TestFlow14_AdminDashboard" name="test_get_admin_sessions" time="0.572" /><testcase classname="backend.tests.test_e2e_comprehensive.TestFlow14_AdminDashboard" name="test_get_admin_transactions" time="0.498" /><testcase classname="backend.tests.test_e2e_comprehensive.TestFlow14_AdminDashboard" name="test_get_admin_pending_verifications" time="0.503" /><testcase classname="backend.tests.test_e2e_comprehensive.TestFlow15_AdminActions" name="test_admin_approve_verification" time="0.473" /><testcase classname="backend.tests.test_e2e_comprehensive.TestFlow15_AdminActions" name="test_non_admin_gets_403_on_admin_endpoints" time="1.127" /><testcase classname="backend.tests.test_e2e_comprehensive.TestFlow16_Security" name="test_unauthenticated_requests_return_401" time="0.770" /><testcase classname="backend.tests.test_e2e_comprehensive.TestFlow16_Security" name="test_trainer_only_endpoints_reject_trainees" time="0.754" /><testcase classname="backend.tests.test_e2e_comprehensive.TestFlow16_Security" name="test_admin_only_endpoints_reject_non_admins" time="0.557" /></testsuite></testsuites>