<?xml version="1.0" encoding="utf-8"?><testsuites name="pytest tests"><testsuite name="pytest" errors="0" failures="0" skipped="2" tests="42" time="104.850" timestamp="2026-02-26T20:16:46.636106+00:00" hostname="agent-env-684430b2-5b29-408a-a5ab-81d87feeef9e"><testcase classname="backend.tests.test_e2e_comprehensive.TestFlow1_Auth" name="test_register_new_user" time="0.513" /><testcase classname="backend.tests.test_e2e_comprehensive.TestFlow1_Auth" name="test_login_returns_token" time="0.473" /><testcase classname="backend.tests.test_e2e_comprehensive.TestFlow1_Auth" name="test_get_me_returns_user" time="0.591" /><testcase classname="backend.tests.test_e2e_comprehensive.TestFlow2_TraineeProfile" name="test_create_trainee_profile" time="0.646" /><testcase classname="backend.tests.test_e2e_comprehensive.TestFlow2_TraineeProfile" name="test_get_trainee_profile" time="0.557" /><testcase classname="backend.tests.test_e2e_comprehensive.TestFlow3_TrainerProfile" name="test_create_trainer_profile" time="0.589" /><testcase classname="backend.tests.test_e2e_comprehensive.TestFlow3_TrainerProfile" name="test_get_trainer_profile" time="0.564" /><testcase classname="backend.tests.test_e2e_comprehensive.TestFlow4_TrainerVerification" name="test_get_verification_status" time="0.648" /><testcase classname="backend.tests.test_e2e_comprehensive.TestFlow4_TrainerVerification" name="test_submit_verification_step" time="0.574" /><testcase classname="backend.tests.test_e2e_comprehensive.TestFlow4_TrainerVerification" name="test_submit_all_verification" time="0.595" /><testcase classname="backend.tests.test_e2e_comprehensive.TestFlow5_TrainerSearch" name="test_get_nearby_trainers" time="0.585" /><testcase classname="backend.tests.test_e2e_comprehensive.TestFlow6_SessionBooking" name="test_create_session_requires_verified_trainer" time="1.016" /><testcase classname="backend.tests.test_e2e_comprehensive.TestFlow6_SessionBooking" name="test_get_trainee_sessions_endpoint_exists" time="1.142" /><testcase classname="backend.tests.test_e2e_comprehensive.TestFlow6_SessionBooking" name="test_get_trainer_sessions_endpoint_exists" time="27.993" /><testcase classname="backend.tests.test_e2e_comprehensive.TestFlow7_SessionLifecycle" name="test_confirm_session" time="4.094"><skipped type="pytest.skip" message="No session to test">/app/backend/tests/test_e2e_comprehensive.py:423: No session to test</skipped></testcase><testcase classname="backend.tests.test_e2e_comprehensive.TestFlow7_SessionLifecycle" name="test_complete_session" time="20.593"><skipped type="pytest.skip" message="No session to test">/app/backend/tests/test_e2e_comprehensive.py:438: No session to test</skipped></testcase><testcase classname="backend.tests.test_e2e_comprehensive.TestFlow8_StripePayments" name="test_create_payment_intent" time="1.041" /><testcase classname="backend.tests.test_e2e_comprehensive.TestFlow8_StripePayments" name="test_get_pricing_rules" time="0.600" /><testcase classname="backend.tests.test_e2e_comprehensive.TestFlow8_StripePayments" name="test_calculate_session_cost" time="0.559" /><testcase classname="backend.tests.test_e2e_comprehensive.TestFlow9_Membership" name="test_get_my_membership" time="0.578" /><testcase classname="backend.tests.test_e2e_comprehensive.TestFlow9_Membership" name="test_subscribe_duplicate_returns_400" time="0.726" /><testcase classname="backend.tests.test_e2e_comprehensive.TestFlow10_Boosts" name="test_purchase_boost" time="7.780" /><testcase classname="backend.tests.test_e2e_comprehensive.TestFlow10_Boosts" name="test_get_my_boosts" time="0.716" /><testcase classname="backend.tests.test_e2e_comprehensive.TestFlow11_EarningsAndPayout" name="test_get_trainer_earnings" time="0.588" /><testcase classname="backend.tests.test_e2e_comprehensive.TestFlow11_EarningsAndPayout" name="test_request_payout_duplicate_returns_400" time="19.848" /><testcase classname="backend.tests.test_e2e_comprehensive.TestFlow11_EarningsAndPayout" name="test_get_payout_requests" time="0.587" /><testcase classname="backend.tests.test_e2e_comprehensive.TestFlow12_Messaging" name="test_create_message" time="0.596" /><testcase classname="backend.tests.test_e2e_comprehensive.TestFlow12_Messaging" name="test_get_conversations" time="0.566" /><testcase classname="backend.tests.test_e2e_comprehensive.TestFlow12_Messaging" name="test_get_conversation_messages" time="0.722" /><testcase classname="backend.tests.test_e2e_comprehensive.TestFlow13_Ratings" name="test_get_trainer_ratings" time="0.171" /><testcase classname="backend.tests.test_e2e_comprehensive.TestFlow13_Ratings" name="test_duplicate_rating_returns_error" time="0.644" /><testcase classname="backend.tests.test_e2e_comprehensive.TestFlow14_AdminDashboard" name="test_get_admin_dashboard" time="0.605" /><testcase classname="backend.tests.test_e2e_comprehensive.TestFlow14_AdminDashboard" name="test_get_admin_users" time="0.623" /><testcase classname="backend.tests.test_e2e_comprehensive.TestFlow14_AdminDashboard" name="test_get_admin_user_detail" time="0.570" /><testcase classname="backend.tests.test_e2e_comprehensive.TestFlow14_AdminDashboard" name="test_get_admin_sessions" time="0.582" /><testcase classname="backend.tests.test_e2e_comprehensive.TestFlow14_AdminDashboard" name="test_get_admin_transactions" time="0.561" /><testcase classname="backend.tests.test_e2e_comprehensive.TestFlow14_AdminDashboard" name="test_get_admin_pending_verifications" time="0.567" /><testcase classname="backend.tests.test_e2e_comprehensive.TestFlow15_AdminActions" name="test_admin_approve_verification" time="0.549" /><testcase classname="backend.tests.test_e2e_comprehensive.TestFlow15_AdminActions" name="test_non_admin_gets_403_on_admin_endpoints" time="1.272" /><testcase classname="backend.tests.test_e2e_comprehensive.TestFlow16_Security" name="test_unauthenticated_requests_return_401" time="1.003" /><testcase classname="backend.tests.test_e2e_comprehensive.TestFlow16_Security" name="test_trainer_only_endpoints_reject_trainees" time="0.924" /><testcase classname="backend.tests.test_e2e_comprehensive.TestFlow16_Security" name="test_admin_only_endpoints_reject_non_admins" time="0.570" /></testsuite></testsuites>