<?xml version="1.0" encoding="utf-8"?><testsuites name="pytest tests"><testsuite name="pytest" errors="0" failures="0" skipped="5" tests="95" time="6.708" timestamp="2026-03-01T21:50:22.141961+00:00" hostname="agent-env-607f1665-73f0-4b67-9ab3-20e4d984a7ac"><testcase classname="backend.tests.test_full_api_audit.TestHealthAndMisc" name="test_health_check" time="0.230" /><testcase classname="backend.tests.test_full_api_audit.TestHealthAndMisc" name="test_user_manual_download" time="0.093" /><testcase classname="backend.tests.test_full_api_audit.TestAuthRoutes" name="test_login_trainer1" time="0.286" /><testcase classname="backend.tests.test_full_api_audit.TestAuthRoutes" name="test_login_trainee1" time="0.274" /><testcase classname="backend.tests.test_full_api_audit.TestAuthRoutes" name="test_login_admin" time="0.278" /><testcase classname="backend.tests.test_full_api_audit.TestAuthRoutes" name="test_login_invalid_credentials" time="0.049" /><testcase classname="backend.tests.test_full_api_audit.TestAuthRoutes" name="test_get_current_user" time="0.056" /><testcase classname="backend.tests.test_full_api_audit.TestAuthRoutes" name="test_get_me_unauthenticated" time="0.057" /><testcase classname="backend.tests.test_full_api_audit.TestAuthRoutes" name="test_signup_and_delete_account" time="0.346" /><testcase classname="backend.tests.test_full_api_audit.TestAuthRoutes" name="test_forgot_password" time="0.066" /><testcase classname="backend.tests.test_full_api_audit.TestAuthRoutes" name="test_reset_password_invalid_token" time="0.053" /><testcase classname="backend.tests.test_full_api_audit.TestProfiles" name="test_get_trainer_profile" time="0.058" /><testcase classname="backend.tests.test_full_api_audit.TestProfiles" name="test_create_trainer_profile" time="0.061" /><testcase classname="backend.tests.test_full_api_audit.TestProfiles" name="test_get_trainee_profile" time="0.078" /><testcase classname="backend.tests.test_full_api_audit.TestProfiles" name="test_create_trainee_profile" time="0.054" /><testcase classname="backend.tests.test_full_api_audit.TestTrainerVerification" name="test_get_onboarding_status" time="0.050" /><testcase classname="backend.tests.test_full_api_audit.TestTrainerVerification" name="test_get_verification_status" time="0.058" /><testcase classname="backend.tests.test_full_api_audit.TestTrainerVerification" name="test_update_verification" time="0.058" /><testcase classname="backend.tests.test_full_api_audit.TestTrainerVerification" name="test_submit_verification_step" time="0.052" /><testcase classname="backend.tests.test_full_api_audit.TestTrainerVerification" name="test_submit_all_verification" time="0.056" /><testcase classname="backend.tests.test_full_api_audit.TestTraineeFeatures" name="test_search_trainers_by_rating" time="0.078" /><testcase classname="backend.tests.test_full_api_audit.TestTraineeFeatures" name="test_search_trainers_by_price" time="0.054" /><testcase classname="backend.tests.test_full_api_audit.TestTraineeFeatures" name="test_search_trainers_by_distance" time="0.060" /><testcase classname="backend.tests.test_full_api_audit.TestTraineeFeatures" name="test_trainee_sessions_list" time="0.058" /><testcase classname="backend.tests.test_full_api_audit.TestTraineeFeatures" name="test_trainee_achievements" time="0.104" /><testcase classname="backend.tests.test_full_api_audit.TestTraineeFeatures" name="test_trainee_check_badges" time="0.058" /><testcase classname="backend.tests.test_full_api_audit.TestTrainerFeatures" name="test_toggle_availability" time="0.053" /><testcase classname="backend.tests.test_full_api_audit.TestTrainerFeatures" name="test_trainer_sessions" time="0.069" /><testcase classname="backend.tests.test_full_api_audit.TestTrainerFeatures" name="test_trainer_earnings" time="0.059" /><testcase classname="backend.tests.test_full_api_audit.TestTrainerFeatures" name="test_request_payout" time="0.065" /><testcase classname="backend.tests.test_full_api_audit.TestTrainerFeatures" name="test_payout_requests" time="0.070" /><testcase classname="backend.tests.test_full_api_audit.TestTrainerFeatures" name="test_trainer_achievements" time="0.054" /><testcase classname="backend.tests.test_full_api_audit.TestTrainerFeatures" name="test_trainer_check_badges" time="0.086" /><testcase classname="backend.tests.test_full_api_audit.TestTrainerFeatures" name="test_pricing_limits" time="0.097" /><testcase classname="backend.tests.test_full_api_audit.TestSessions" name="test_create_session" time="0.056" /><testcase classname="backend.tests.test_full_api_audit.TestSessions" name="test_get_session" time="0.000"><skipped type="pytest.skip" message="No session created">/app/backend/tests/test_full_api_audit.py:591: No session created</skipped></testcase><testcase classname="backend.tests.test_full_api_audit.TestSessions" name="test_accept_session" time="0.000"><skipped type="pytest.skip" message="No session created">/app/backend/tests/test_full_api_audit.py:604: No session created</skipped></testcase><testcase classname="backend.tests.test_full_api_audit.TestSessions" name="test_decline_session" time="0.053"><skipped type="pytest.skip" message="Could not create session to decline">/app/backend/tests/test_full_api_audit.py:629: Could not create session to decline</skipped></testcase><testcase classname="backend.tests.test_full_api_audit.TestSessions" name="test_cancel_session_free" time="0.060"><skipped type="pytest.skip" message="Could not create session to cancel">/app/backend/tests/test_full_api_audit.py:657: Could not create session to cancel</skipped></testcase><testcase classname="backend.tests.test_full_api_audit.TestSessions" name="test_complete_session" time="0.000" /><testcase classname="backend.tests.test_full_api_audit.TestSessions" name="test_no_show" time="0.060"><skipped type="pytest.skip" message="Could not create session for no-show test">/app/backend/tests/test_full_api_audit.py:701: Could not create session for no-show test</skipped></testcase><testcase classname="backend.tests.test_full_api_audit.TestMatchingEngine" name="test_virtual_request" time="0.052" /><testcase classname="backend.tests.test_full_api_audit.TestMatchingEngine" name="test_instant_request" time="0.049" /><testcase classname="backend.tests.test_full_api_audit.TestMatchingEngine" name="test_get_request_status" time="0.056" /><testcase classname="backend.tests.test_full_api_audit.TestMatchingEngine" name="test_get_pending_requests" time="0.053" /><testcase classname="backend.tests.test_full_api_audit.TestMatchingEngine" name="test_accept_virtual" time="0.052" /><testcase classname="backend.tests.test_full_api_audit.TestMatchingEngine" name="test_reject_virtual" time="0.109" /><testcase classname="backend.tests.test_full_api_audit.TestMatchingEngine" name="test_find_another" time="0.105" /><testcase classname="backend.tests.test_full_api_audit.TestMatchingEngine" name="test_cancel_virtual" time="0.117" /><testcase classname="backend.tests.test_full_api_audit.TestGPSTracking" name="test_update_trainer_location" time="0.048" /><testcase classname="backend.tests.test_full_api_audit.TestGPSTracking" name="test_nearby_trainers" time="0.067" /><testcase classname="backend.tests.test_full_api_audit.TestGPSTracking" name="test_start_en_route" time="0.000" /><testcase classname="backend.tests.test_full_api_audit.TestGPSTracking" name="test_gps_update" time="0.000" /><testcase classname="backend.tests.test_full_api_audit.TestGPSTracking" name="test_confirm_gps_arrival" time="0.000" /><testcase classname="backend.tests.test_full_api_audit.TestGPSTracking" name="test_gps_track_history" time="0.000" /><testcase classname="backend.tests.test_full_api_audit.TestSelfieVerification" name="test_verify_selfie_valid" time="0.000" /><testcase classname="backend.tests.test_full_api_audit.TestSelfieVerification" name="test_verify_selfie_too_small" time="0.000" /><testcase classname="backend.tests.test_full_api_audit.TestSelfieVerification" name="test_verification_status" time="0.000" /><testcase classname="backend.tests.test_full_api_audit.TestPostSessionSummary" name="test_get_session_summary" time="0.000" /><testcase classname="backend.tests.test_full_api_audit.TestPostSessionSummary" name="test_my_summaries" time="0.051" /><testcase classname="backend.tests.test_full_api_audit.TestPostSessionSummary" name="test_share_card_public" time="0.000" /><testcase classname="backend.tests.test_full_api_audit.TestMessaging" name="test_create_conversation" time="0.050" /><testcase classname="backend.tests.test_full_api_audit.TestMessaging" name="test_send_message" time="0.050" /><testcase classname="backend.tests.test_full_api_audit.TestMessaging" name="test_get_conversations" time="0.054" /><testcase classname="backend.tests.test_full_api_audit.TestMessaging" name="test_get_conversation_messages" time="0.070" /><testcase classname="backend.tests.test_full_api_audit.TestPayments" name="test_create_payment_intent" time="0.055" /><testcase classname="backend.tests.test_full_api_audit.TestPayments" name="test_pricing_rules" time="0.093" /><testcase classname="backend.tests.test_full_api_audit.TestPayments" name="test_calculate_session_cost" time="0.053" /><testcase classname="backend.tests.test_full_api_audit.TestMembership" name="test_subscribe_membership" time="0.054" /><testcase classname="backend.tests.test_full_api_audit.TestMembership" name="test_get_my_membership" time="0.059" /><testcase classname="backend.tests.test_full_api_audit.TestMembership" name="test_member_badge" time="0.052" /><testcase classname="backend.tests.test_full_api_audit.TestBoosts" name="test_purchase_boost_daily" time="0.048" /><testcase classname="backend.tests.test_full_api_audit.TestBoosts" name="test_get_my_boosts" time="0.059" /><testcase classname="backend.tests.test_full_api_audit.TestBoosts" name="test_boost_analytics" time="0.052" /><testcase classname="backend.tests.test_full_api_audit.TestBoosts" name="test_track_boost_view" time="0.052" /><testcase classname="backend.tests.test_full_api_audit.TestRatings" name="test_get_trainer_ratings" time="0.049" /><testcase classname="backend.tests.test_full_api_audit.TestAchievementsStreaks" name="test_get_my_streaks" time="0.055" /><testcase classname="backend.tests.test_full_api_audit.TestAchievementsStreaks" name="test_weekly_leaderboard" time="0.068" /><testcase classname="backend.tests.test_full_api_audit.TestNotifications" name="test_get_notifications" time="0.049" /><testcase classname="backend.tests.test_full_api_audit.TestNotifications" name="test_mark_notifications_read" time="0.058" /><testcase classname="backend.tests.test_full_api_audit.TestNotifications" name="test_get_notification_preferences" time="0.050" /><testcase classname="backend.tests.test_full_api_audit.TestNotifications" name="test_update_notification_preferences" time="0.057" /><testcase classname="backend.tests.test_full_api_audit.TestNotifications" name="test_register_push_token" time="0.051" /><testcase classname="backend.tests.test_full_api_audit.TestSafety" name="test_report_user" time="0.051" /><testcase classname="backend.tests.test_full_api_audit.TestSafety" name="test_block_user" time="0.367" /><testcase classname="backend.tests.test_full_api_audit.TestSafety" name="test_get_blocks" time="0.050" /><testcase classname="backend.tests.test_full_api_audit.TestSafety" name="test_unblock_user" time="0.058" /><testcase classname="backend.tests.test_full_api_audit.TestAdmin" name="test_admin_dashboard" time="0.069" /><testcase classname="backend.tests.test_full_api_audit.TestAdmin" name="test_admin_top_trainers" time="0.064" /><testcase classname="backend.tests.test_full_api_audit.TestAdmin" name="test_admin_get_users" time="0.058" /><testcase classname="backend.tests.test_full_api_audit.TestAdmin" name="test_admin_get_sessions" time="0.055" /><testcase classname="backend.tests.test_full_api_audit.TestAdmin" name="test_admin_get_transactions" time="0.066" /><testcase classname="backend.tests.test_full_api_audit.TestAdmin" name="test_admin_pending_verifications" time="0.067" /><testcase classname="backend.tests.test_full_api_audit.TestAdmin" name="test_admin_revenue" time="0.066" /><testcase classname="backend.tests.test_full_api_audit.TestSettings" name="test_weekly_digest" time="0.060" /></testsuite></testsuites>