<?xml version="1.0" encoding="utf-8"?><testsuites name="pytest tests"><testsuite name="pytest" errors="0" failures="0" skipped="0" tests="14" time="1.941" timestamp="2026-07-01T01:52:55.230623+00:00" hostname="agent-env-fb4edd1c-c968-47d4-928a-9043a1bd22b6"><testcase classname="tests.test_iter106an_critical_batch_1" name="test_config_snapshot_contains_all_knobs" time="0.001" /><testcase classname="tests.test_iter106an_critical_batch_1" name="test_admin_can_view_config" time="0.982" /><testcase classname="tests.test_iter106an_critical_batch_1" name="test_non_admin_blocked_from_config" time="0.053" /><testcase classname="tests.test_iter106an_critical_batch_1" name="test_auto_no_show_transitions_confirmed_to_no_show" time="0.358" /><testcase classname="tests.test_iter106an_critical_batch_1" name="test_auto_no_show_is_idempotent" time="0.018" /><testcase classname="tests.test_iter106an_critical_batch_1" name="test_auto_no_show_skips_when_en_route" time="0.033" /><testcase classname="tests.test_iter106an_critical_batch_1" name="test_auto_decline_stale_request" time="0.019" /><testcase classname="tests.test_iter106an_critical_batch_1" name="test_responsiveness_strike_after_threshold" time="0.038" /><testcase classname="tests.test_iter106an_critical_batch_1" name="test_webhook_rejects_without_secret" time="0.047" /><testcase classname="tests.test_iter106an_critical_batch_1" name="test_webhook_bad_signature_rejected" time="0.046" /><testcase classname="tests.test_iter106an_critical_batch_1" name="test_orphan_reconcile_finalizes_via_stripe" time="0.031" /><testcase classname="tests.test_iter106an_critical_batch_1" name="test_admin_audit_endpoint_returns_rows" time="0.048" /><testcase classname="tests.test_iter106an_critical_batch_1" name="test_admin_audit_filters_by_action" time="0.047" /><testcase classname="tests.test_iter106an_critical_batch_1" name="test_non_admin_cannot_view_audit" time="0.045" /></testsuite></testsuites>