<?xml version="1.0" encoding="utf-8"?><testsuites name="pytest tests"><testsuite name="pytest" errors="0" failures="0" skipped="0" tests="7" time="10.555" timestamp="2026-04-07T02:47:32.779763+00:00" hostname="agent-env-e9f360b3-abd4-4d62-86c2-e4cd7c4b9876"><testcase classname="backend.tests.test_iteration52_verify_zelle_notifications.TestVerifyZelleNotifications" name="test_01_verify_zelle_creates_trainee_notification" time="2.294" /><testcase classname="backend.tests.test_iteration52_verify_zelle_notifications.TestVerifyZelleNotifications" name="test_02_verify_zelle_creates_trainer_notification" time="2.097" /><testcase classname="backend.tests.test_iteration52_verify_zelle_notifications.TestVerifyZelleNotifications" name="test_03_notification_data_contains_view_receipt_action" time="2.062" /><testcase classname="backend.tests.test_iteration52_verify_zelle_notifications.TestVerifyZelleNotifications" name="test_04_verify_zelle_updates_status_to_verified" time="0.991" /><testcase classname="backend.tests.test_iteration52_verify_zelle_notifications.TestVerifyZelleNotifications" name="test_05_verify_zelle_creates_transaction_record" time="0.933" /><testcase classname="backend.tests.test_iteration52_verify_zelle_notifications.TestVerifyZelleNotifications" name="test_06_verify_zelle_returns_success_with_new_status" time="1.005" /><testcase classname="backend.tests.test_iteration52_verify_zelle_notifications.TestVerifyZelleNotifications" name="test_07_verify_zelle_requires_admin_auth" time="1.094" /></testsuite></testsuites>