<?xml version="1.0" encoding="utf-8"?><testsuites name="pytest tests"><testsuite name="pytest" errors="0" failures="1" skipped="0" tests="38" time="5.779" timestamp="2026-06-03T17:03:59.672737+00:00" hostname="agent-env-fb4edd1c-c968-47d4-928a-9043a1bd22b6"><testcase classname="backend.tests.test_iteration95_negotiation_e2e" name="test_login_works_for_all_three_accounts" time="1.171" /><testcase classname="backend.tests.test_iteration95_negotiation_e2e.TestPricingQuote" name="test_quote_new_in_person_60_8000" time="0.126" /><testcase classname="backend.tests.test_iteration95_negotiation_e2e.TestPricingQuote" name="test_quote_new_in_person_60_within_cap" time="0.121" /><testcase classname="backend.tests.test_iteration95_negotiation_e2e.TestPricingQuote" name="test_quote_certified_virtual_60_8000" time="0.155" /><testcase classname="backend.tests.test_iteration95_negotiation_e2e.TestPricingQuote" name="test_quote_specialty_in_person_60_14000" time="0.120" /><testcase classname="backend.tests.test_iteration95_negotiation_e2e.TestTierAssignment" name="test_admin_assigns_tier_to_trainer" time="0.380" /><testcase classname="backend.tests.test_iteration95_negotiation_e2e.TestTierAssignment" name="test_non_admin_cannot_assign_tier" time="0.159" /><testcase classname="backend.tests.test_iteration95_negotiation_e2e.TestTierAssignment" name="test_invalid_tier_rejected" time="0.131" /><testcase classname="backend.tests.test_iteration95_negotiation_e2e.TestNegotiationHappyPath" name="test_propose_counter_accept_then_paymentReady" time="0.523" /><testcase classname="backend.tests.test_iteration95_negotiation_e2e.TestNegotiationHappyPath" name="test_session_detail_surfaces_negotiation_fields" time="0.373"><failure message="AssertionError: GET /api/sessions/{id} is missing required negotiation fields: ['negotiationStatus', 'agreedTime', 'agreedLocation', 'paymentReady']. Returned keys: ['basePricePerMinuteCents', 'baseSessionPriceCents', 'cancellationFeeCents', 'clientConfirmedEnd', 'createdAt', 'discountAmountCents', 'discountType', 'durationMinutes', 'finalSessionPriceCents', 'id', 'isGroupSession', 'locationNameOrAddress', 'locationType', 'noShowFeeCents', 'notes', 'platformFeeCents', 'platformFeePercent', 'platformTravelFeeCents', 'safetyPin', 'safetyPinVerified', 'scheduledDate', 'scheduledTime', 'sessionDateTimeEnd', 'sessionDateTimeStart', 'sessionEndedAt', 'sessionStartedAt', 'sessionType', 'status', 'traineeId', 'traineeLatitude', 'traineeLongitude', 'traineeName', 'traineePhone', 'traineePhoto', 'trainerEarningsCents', 'trainerGpsConfirmed', 'trainerId', 'trainerName', 'trainerPhoto', 'trainerTravelEarningsCents', 'travelDistanceMiles', 'travelFeeCents', 'zellePaymentStatus']&#10;assert not ['negotiationStatus', 'agreedTime', 'agreedLocation', 'paymentReady']">backend/tests/test_iteration95_negotiation_e2e.py:306: in test_session_detail_surfaces_negotiation_fields
    assert not missing, (
E   AssertionError: GET /api/sessions/{id} is missing required negotiation fields: ['negotiationStatus', 'agreedTime', 'agreedLocation', 'paymentReady']. Returned keys: ['basePricePerMinuteCents', 'baseSessionPriceCents', 'cancellationFeeCents', 'clientConfirmedEnd', 'createdAt', 'discountAmountCents', 'discountType', 'durationMinutes', 'finalSessionPriceCents', 'id', 'isGroupSession', 'locationNameOrAddress', 'locationType', 'noShowFeeCents', 'notes', 'platformFeeCents', 'platformFeePercent', 'platformTravelFeeCents', 'safetyPin', 'safetyPinVerified', 'scheduledDate', 'scheduledTime', 'sessionDateTimeEnd', 'sessionDateTimeStart', 'sessionEndedAt', 'sessionStartedAt', 'sessionType', 'status', 'traineeId', 'traineeLatitude', 'traineeLongitude', 'traineeName', 'traineePhone', 'traineePhoto', 'trainerEarningsCents', 'trainerGpsConfirmed', 'trainerId', 'trainerName', 'trainerPhoto', 'trainerTravelEarningsCents', 'travelDistanceMiles', 'travelFeeCents', 'zellePaymentStatus']
E   assert not ['negotiationStatus', 'agreedTime', 'agreedLocation', 'paymentReady']</failure></testcase><testcase classname="backend.tests.test_iteration95_negotiation_e2e.TestNegotiationRejection" name="test_propose_reject_then_re_propose_allowed" time="0.416" /><testcase classname="backend.tests.test_iteration95_negotiation_e2e.TestPermissionsAndTurn" name="test_non_participant_blocked" time="0.113" /><testcase classname="backend.tests.test_iteration95_negotiation_e2e.TestPermissionsAndTurn" name="test_cannot_counter_own_proposal" time="0.258" /><testcase classname="backend.tests.test_iteration95_negotiation_e2e.TestExpiry" name="test_stale_proposal_auto_expires_and_repropose_allowed" time="0.403" /><testcase classname="backend.tests.test_iteration95_negotiation_e2e.TestPaymentGating" name="test_create_payment_intent_blocked_before_agreed" time="0.389" /><testcase classname="backend.tests.test_iteration95_negotiation_e2e.TestPaymentGating" name="test_create_payment_intent_succeeds_after_agreed" time="0.434" /><testcase classname="backend.tests.test_iteration93_negotiation_and_pricing" name="test_negotiation_module_imports_and_exposes_router" time="0.319" /><testcase classname="backend.tests.test_iteration93_negotiation_and_pricing" name="test_negotiation_constants_match_state_machine_contract" time="0.000" /><testcase classname="backend.tests.test_iteration93_negotiation_and_pricing" name="test_negotiation_router_mounted_in_server" time="0.000" /><testcase classname="backend.tests.test_iteration93_negotiation_and_pricing" name="test_frontend_pricing_util_exists_with_required_exports" time="0.000" /><testcase classname="backend.tests.test_iteration93_negotiation_and_pricing" name="test_frontend_pricing_matrix_matches_backend_values" time="0.000" /><testcase classname="backend.tests.test_iteration93_negotiation_and_pricing" name="test_trainer_set_rates_screen_uses_tier_endpoints" time="0.000" /><testcase classname="backend.tests.test_iteration93_negotiation_and_pricing" name="test_zelle_tab_component_deleted" time="0.000" /><testcase classname="backend.tests.test_iteration93_negotiation_and_pricing" name="test_admin_dashboard_has_back_button" time="0.000" /><testcase classname="backend.tests.test_iteration93_negotiation_and_pricing" name="test_zelle_tab_not_imported_in_admin_dashboard" time="0.000" /><testcase classname="backend.tests.test_iteration92_tier_pricing" name="test_matrix_cells_match_canonical_calculator" time="0.000" /><testcase classname="backend.tests.test_iteration92_tier_pricing" name="test_rate_caps_match_matrix_max_values" time="0.000" /><testcase classname="backend.tests.test_iteration92_tier_pricing" name="test_validate_trainer_rate_accepts_within_cap" time="0.000" /><testcase classname="backend.tests.test_iteration92_tier_pricing" name="test_validate_trainer_rate_rejects_negative_and_bad_types" time="0.000" /><testcase classname="backend.tests.test_iteration92_tier_pricing" name="test_commission_percentages_are_canonical" time="0.000" /><testcase classname="backend.tests.test_iteration92_tier_pricing" name="test_get_tier_summary_has_all_three_tiers" time="0.000" /><testcase classname="backend.tests.test_iteration92_tier_pricing" name="test_invariant_take_home_plus_commission_equals_base" time="0.000" /><testcase classname="backend.tests.test_iteration92_tier_pricing" name="test_invariant_customer_total_equals_base_plus_service_fee" time="0.000" /><testcase classname="backend.tests.test_iteration92_tier_pricing" name="test_invariant_rapidreps_total_equals_commission_plus_service_fee" time="0.000" /><testcase classname="backend.tests.test_iteration92b_tier_endpoints" name="test_zelle_endpoints_removed_from_payment_routes" time="0.000" /><testcase classname="backend.tests.test_iteration92b_tier_endpoints" name="test_zelle_seed_removed_from_server" time="0.000" /><testcase classname="backend.tests.test_iteration92b_tier_endpoints" name="test_new_tier_endpoints_registered" time="0.000" /><testcase classname="backend.tests.test_iteration92b_tier_endpoints" name="test_pricing_module_canonical_values_unchanged" time="0.000" /></testsuite></testsuites>