<?xml version="1.0" encoding="utf-8"?><testsuites name="pytest tests"><testsuite name="pytest" errors="0" failures="0" skipped="0" tests="10" time="2.999" timestamp="2026-08-09T23:07:32.651052+00:00" hostname="agent-env-fb4edd1c-c968-47d4-928a-9043a1bd22b6"><testcase classname="tests.test_iter118p_batch12.TestReliabilityFields" name="test_trainer_profile_returns_reliability_fields" time="0.951" /><testcase classname="tests.test_iter118p_batch12.TestReliabilityFields" name="test_no_completed_sessions_returns_zero_and_null" time="0.124" /><testcase classname="tests.test_iter118p_batch12.TestTraineeNoShowAction" name="test_requires_auth" time="0.167" /><testcase classname="tests.test_iter118p_batch12.TestTraineeNoShowAction" name="test_invalid_action_returns_400" time="0.154" /><testcase classname="tests.test_iter118p_batch12.TestTraineeNoShowAction" name="test_wait_action_updates_session" time="0.107" /><testcase classname="tests.test_iter118p_batch12.TestTraineeNoShowAction" name="test_refund_before_15min_returns_400" time="0.110" /><testcase classname="tests.test_iter118p_batch12.TestTraineeNoShowAction" name="test_refund_after_15min_marks_no_show" time="0.145" /><testcase classname="tests.test_iter118p_batch12.TestGpsCheckinLateness" name="test_late_checkin_flags_trainer" time="0.111" /><testcase classname="tests.test_iter118p_batch12.TestGpsCheckinLateness" name="test_ontime_checkin_no_late_flag" time="0.126" /><testcase classname="tests.test_iter118p_batch12.TestTrainersNearbyIsBoosted" name="test_nearby_returns_isBoosted" time="0.791" /></testsuite></testsuites>