<?xml version="1.0" encoding="utf-8"?><testsuites name="pytest tests"><testsuite name="pytest" errors="0" failures="0" skipped="0" tests="19" time="5.265" timestamp="2026-04-03T00:00:12.799234+00:00" hostname="agent-env-9d012fa1-43b0-49f0-aa16-49ba4488652e"><testcase classname="tests.test_iteration47_zelle_payments.TestZellePaymentSystem" name="test_get_zelle_settings_public" time="0.139" /><testcase classname="tests.test_iteration47_zelle_payments.TestZellePaymentSystem" name="test_update_zelle_settings_admin" time="0.726" /><testcase classname="tests.test_iteration47_zelle_payments.TestZellePaymentSystem" name="test_update_zelle_settings_requires_admin" time="0.456" /><testcase classname="tests.test_iteration47_zelle_payments.TestZellePaymentSystem" name="test_trainer_save_zelle_info" time="0.475" /><testcase classname="tests.test_iteration47_zelle_payments.TestZellePaymentSystem" name="test_trainer_get_zelle_info" time="0.116" /><testcase classname="tests.test_iteration47_zelle_payments.TestZellePaymentSystem" name="test_trainer_connect_status_zelle" time="0.120" /><testcase classname="tests.test_iteration47_zelle_payments.TestZellePaymentSystem" name="test_trainer_zelle_info_requires_auth" time="0.111" /><testcase classname="tests.test_iteration47_zelle_payments.TestZellePaymentSystem" name="test_zelle_mark_sent_requires_auth" time="0.139" /><testcase classname="tests.test_iteration47_zelle_payments.TestZellePaymentSystem" name="test_zelle_mark_sent_invalid_session" time="0.119" /><testcase classname="tests.test_iteration47_zelle_payments.TestZellePaymentSystem" name="test_admin_get_pending_zelle_payments" time="0.129" /><testcase classname="tests.test_iteration47_zelle_payments.TestZellePaymentSystem" name="test_admin_verify_zelle_invalid_session" time="0.115" /><testcase classname="tests.test_iteration47_zelle_payments.TestZellePaymentSystem" name="test_admin_pending_zelle_requires_admin" time="0.123" /><testcase classname="tests.test_iteration47_zelle_payments.TestZellePaymentSystem" name="test_admin_get_pending_payouts" time="0.103" /><testcase classname="tests.test_iteration47_zelle_payments.TestZellePaymentSystem" name="test_admin_pay_trainer_invalid_trainer" time="0.125" /><testcase classname="tests.test_iteration47_zelle_payments.TestZellePaymentSystem" name="test_admin_payouts_requires_admin" time="0.109" /><testcase classname="tests.test_iteration47_zelle_payments.TestZellePaymentSystem" name="test_trainer_earnings" time="0.105" /><testcase classname="tests.test_iteration47_zelle_payments.TestZellePaymentSystem" name="test_trainer_request_payout" time="0.110" /><testcase classname="tests.test_iteration47_zelle_payments.TestZellePaymentSystem" name="test_trainer_earnings_requires_auth" time="0.113" /><testcase classname="tests.test_iteration47_zelle_payments.TestZelleEndToEndFlow" name="test_full_zelle_flow_visibility" time="1.753" /></testsuite></testsuites>