<?xml version="1.0" encoding="utf-8"?><testsuites name="pytest tests"><testsuite name="pytest" errors="0" failures="0" skipped="0" tests="6" time="2.060" timestamp="2026-06-04T18:28:09.003383+00:00" hostname="agent-env-fb4edd1c-c968-47d4-928a-9043a1bd22b6"><testcase classname="backend.tests.test_iteration98_admin_dashboard" name="test_dashboard_returns_new_kpi_fields" time="0.755" /><testcase classname="backend.tests.test_iteration98_admin_dashboard" name="test_recent_sessions_endpoint" time="0.323" /><testcase classname="backend.tests.test_iteration98_admin_dashboard" name="test_csv_export_this_month" time="0.105" /><testcase classname="backend.tests.test_iteration98_admin_dashboard" name="test_csv_export_sorted_by_trainer" time="0.121" /><testcase classname="backend.tests.test_iteration98_admin_dashboard" name="test_csv_export_invalid_date" time="0.263" /><testcase classname="backend.tests.test_iteration98_admin_dashboard" name="test_admin_endpoints_require_auth" time="0.416" /></testsuite></testsuites>