<?xml version="1.0" encoding="utf-8"?><testsuites name="pytest tests"><testsuite name="pytest" errors="0" failures="0" skipped="0" tests="8" time="3.685" timestamp="2026-03-07T02:51:35.065487+00:00" hostname="agent-env-d44a064d-0dff-4260-b451-202981b582ec"><testcase classname="backend.tests.test_iteration34_ui_ux.TestAdminAuth" name="test_admin_login_success" time="0.444" /><testcase classname="backend.tests.test_iteration34_ui_ux.TestAdminAuth" name="test_admin_dashboard" time="0.525" /><testcase classname="backend.tests.test_iteration34_ui_ux.TestSafetyReportEndpoint" name="test_safety_report_submission" time="0.527" /><testcase classname="backend.tests.test_iteration34_ui_ux.TestSafetyReportEndpoint" name="test_safety_report_missing_fields" time="0.457" /><testcase classname="backend.tests.test_iteration34_ui_ux.TestChangePassword" name="test_change_password_wrong_current" time="0.724" /><testcase classname="backend.tests.test_iteration34_ui_ux.TestChangePassword" name="test_change_password_short_new_password" time="0.716" /><testcase classname="backend.tests.test_iteration34_ui_ux.TestHealthEndpoints" name="test_api_health" time="0.112" /><testcase classname="backend.tests.test_iteration34_ui_ux.TestHealthEndpoints" name="test_auth_me_unauthorized" time="0.120" /></testsuite></testsuites>