<?xml version="1.0" encoding="utf-8"?><testsuites name="pytest tests"><testsuite name="pytest" errors="0" failures="0" skipped="0" tests="27" time="6.279" timestamp="2026-02-27T16:54:38.286572+00:00" hostname="agent-env-cf7fb010-1479-4389-9d49-cc38d9d1cbc0"><testcase classname="backend.tests.test_iteration15_new_features.TestHealthCheck" name="test_api_health" time="0.198" /><testcase classname="backend.tests.test_iteration15_new_features.TestPasswordResetFlow" name="test_forgot_password_existing_email" time="0.145" /><testcase classname="backend.tests.test_iteration15_new_features.TestPasswordResetFlow" name="test_forgot_password_nonexistent_email" time="0.119" /><testcase classname="backend.tests.test_iteration15_new_features.TestPasswordResetFlow" name="test_reset_password_valid_token" time="0.482" /><testcase classname="backend.tests.test_iteration15_new_features.TestPasswordResetFlow" name="test_reset_password_already_used_token" time="0.140" /><testcase classname="backend.tests.test_iteration15_new_features.TestPasswordResetFlow" name="test_reset_password_expired_token" time="0.120" /><testcase classname="backend.tests.test_iteration15_new_features.TestPasswordResetFlow" name="test_reset_password_short_password" time="0.135" /><testcase classname="backend.tests.test_iteration15_new_features.TestPasswordResetFlow" name="test_reset_password_invalid_token" time="0.107" /><testcase classname="backend.tests.test_iteration15_new_features.TestWeeklyDigest" name="test_weekly_digest_returns_summary" time="0.117" /><testcase classname="backend.tests.test_iteration15_new_features.TestWeeklyDigest" name="test_weekly_digest_requires_auth" time="0.128" /><testcase classname="backend.tests.test_iteration15_new_features.TestAdminPagination" name="test_admin_users_pagination_first_page" time="0.120" /><testcase classname="backend.tests.test_iteration15_new_features.TestAdminPagination" name="test_admin_users_pagination_second_page" time="0.230" /><testcase classname="backend.tests.test_iteration15_new_features.TestAdminPagination" name="test_admin_sessions_pagination" time="0.120" /><testcase classname="backend.tests.test_iteration15_new_features.TestAdminPagination" name="test_admin_transactions_enriched_pagination" time="0.107" /><testcase classname="backend.tests.test_iteration15_new_features.TestAdminPagination" name="test_admin_pagination_requires_admin" time="0.121" /><testcase classname="backend.tests.test_iteration15_new_features.TestAuthRegression" name="test_login_valid_credentials" time="0.348" /><testcase classname="backend.tests.test_iteration15_new_features.TestAuthRegression" name="test_login_invalid_credentials" time="0.345" /><testcase classname="backend.tests.test_iteration15_new_features.TestAuthRegression" name="test_signup_creates_user_with_email_verified" time="0.346" /><testcase classname="backend.tests.test_iteration15_new_features.TestRatingsRegression" name="test_ratings_require_auth" time="0.209" /><testcase classname="backend.tests.test_iteration15_new_features.TestNotificationsRegression" name="test_get_notifications" time="0.122" /><testcase classname="backend.tests.test_iteration15_new_features.TestNotificationsRegression" name="test_get_notification_preferences" time="0.117" /><testcase classname="backend.tests.test_iteration15_new_features.TestNotificationsRegression" name="test_update_notification_preferences" time="0.136" /><testcase classname="backend.tests.test_iteration15_new_features.TestPushTokensRegression" name="test_register_push_token" time="0.123" /><testcase classname="backend.tests.test_iteration15_new_features.TestPaymentsRegression" name="test_membership_subscribe_creates_payment_intent" time="0.137" /><testcase classname="backend.tests.test_iteration15_new_features.TestPaymentsRegression" name="test_boost_purchase_creates_payment_intent" time="0.541" /><testcase classname="backend.tests.test_iteration15_new_features.TestSessionsRegression" name="test_create_session" time="0.116" /><testcase classname="backend.tests.test_iteration15_new_features.TestRateLimiting" name="test_login_rate_limiting" time="1.175" /></testsuite></testsuites>