<?xml version="1.0" encoding="utf-8"?><testsuites name="pytest tests"><testsuite name="pytest" errors="0" failures="0" skipped="0" tests="17" time="10.153" timestamp="2026-04-17T17:03:54.233162+00:00" hostname="agent-env-fb4edd1c-c968-47d4-928a-9043a1bd22b6"><testcase classname="backend.tests.test_iteration67_admin_verifications.TestAuthLogin" name="test_admin_login_returns_access_token" time="0.522" /><testcase classname="backend.tests.test_iteration67_admin_verifications.TestAuthLogin" name="test_trainer_login_returns_access_token" time="0.423" /><testcase classname="backend.tests.test_iteration67_admin_verifications.TestAuthLogin" name="test_invalid_credentials_returns_401" time="0.153" /><testcase classname="backend.tests.test_iteration67_admin_verifications.TestAdminVerificationsUnverified" name="test_unverified_trainers_returns_array" time="0.543" /><testcase classname="backend.tests.test_iteration67_admin_verifications.TestAdminVerificationsUnverified" name="test_unverified_trainers_requires_admin" time="0.592" /><testcase classname="backend.tests.test_iteration67_admin_verifications.TestAdminVerificationsApproved" name="test_approved_trainers_returns_array" time="0.555" /><testcase classname="backend.tests.test_iteration67_admin_verifications.TestAdminVerificationsApproved" name="test_approved_trainers_requires_admin" time="0.491" /><testcase classname="backend.tests.test_iteration67_admin_verifications.TestAdminVerificationsPending" name="test_pending_verifications_returns_array" time="0.459" /><testcase classname="backend.tests.test_iteration67_admin_verifications.TestAdminVerificationsPending" name="test_pending_verifications_requires_admin" time="0.565" /><testcase classname="backend.tests.test_iteration67_admin_verifications.TestAdminBackgroundCheckStatus" name="test_set_background_check_passed" time="1.072" /><testcase classname="backend.tests.test_iteration67_admin_verifications.TestAdminBackgroundCheckStatus" name="test_set_background_check_pending" time="0.898" /><testcase classname="backend.tests.test_iteration67_admin_verifications.TestAdminBackgroundCheckStatus" name="test_set_background_check_failed" time="0.907" /><testcase classname="backend.tests.test_iteration67_admin_verifications.TestAdminBackgroundCheckStatus" name="test_set_background_check_invalid_status" time="0.884" /><testcase classname="backend.tests.test_iteration67_admin_verifications.TestAdminBackgroundCheckStatus" name="test_background_check_requires_admin" time="0.936" /><testcase classname="backend.tests.test_iteration67_admin_verifications.TestAdminDashboard" name="test_dashboard_returns_stats" time="0.463" /><testcase classname="backend.tests.test_iteration67_admin_verifications.TestAdminDashboard" name="test_dashboard_requires_admin" time="0.476" /><testcase classname="backend.tests.test_iteration67_admin_verifications.TestHealthEndpoint" name="test_health_endpoint" time="0.124" /></testsuite></testsuites>