<?xml version="1.0" encoding="utf-8"?><testsuites name="pytest tests"><testsuite name="pytest" errors="0" failures="0" skipped="1" tests="17" time="11.326" timestamp="2026-03-05T15:26:38.819988+00:00" hostname="agent-env-51832194-58fa-4a50-8c8e-a2f9f2357153"><testcase classname="backend.tests.test_iteration31_enroute_features.TestHealthAndBasics" name="test_api_health" time="0.286" /><testcase classname="backend.tests.test_iteration31_enroute_features.TestHealthAndBasics" name="test_trainer_login" time="0.391" /><testcase classname="backend.tests.test_iteration31_enroute_features.TestHealthAndBasics" name="test_trainee_login" time="0.399" /><testcase classname="backend.tests.test_iteration31_enroute_features.TestPricingFormula" name="test_outdoor_60min_pricing_4000_cents" time="0.159" /><testcase classname="backend.tests.test_iteration31_enroute_features.TestPricingFormula" name="test_pricing_rules_endpoint" time="0.164" /><testcase classname="backend.tests.test_iteration31_enroute_features.TestTrainerProfileFullName" name="test_trainer_profile_includes_fullname" time="0.623" /><testcase classname="backend.tests.test_iteration31_enroute_features.TestTrainerProfileFields" name="test_trainer_profile_accepts_avatar_and_video_urls" time="0.574" /><testcase classname="backend.tests.test_iteration31_enroute_features.TestStripeConnectOnboard" name="test_stripe_onboard_requires_auth" time="0.122" /><testcase classname="backend.tests.test_iteration31_enroute_features.TestStripeConnectOnboard" name="test_stripe_onboard_with_trainer" time="1.675" /><testcase classname="backend.tests.test_iteration31_enroute_features.TestEnRouteSessionLifecycle" name="test_start_en_route_endpoint_exists" time="1.106" /><testcase classname="backend.tests.test_iteration31_enroute_features.TestEnRouteSessionLifecycle" name="test_gps_update_endpoint_exists" time="0.786" /><testcase classname="backend.tests.test_iteration31_enroute_features.TestEnRouteSessionLifecycle" name="test_gps_track_endpoint_exists" time="0.788" /><testcase classname="backend.tests.test_iteration31_enroute_features.TestEnRouteSessionLifecycle" name="test_start_session_endpoint_exists" time="0.807" /><testcase classname="backend.tests.test_iteration31_enroute_features.TestMessagingEndpoints" name="test_send_message" time="0.831" /><testcase classname="backend.tests.test_iteration31_enroute_features.TestMessagingEndpoints" name="test_get_conversations" time="0.803" /><testcase classname="backend.tests.test_iteration31_enroute_features.TestMessagingEndpoints" name="test_get_conversation_messages" time="0.916" /><testcase classname="backend.tests.test_iteration31_enroute_features.TestFullEnRouteWorkflow" name="test_complete_en_route_flow" time="0.757"><skipped type="pytest.skip" message="Cannot book test session">/app/backend/tests/test_iteration31_enroute_features.py:550: Cannot book test session</skipped></testcase></testsuite></testsuites>