<?xml version="1.0" encoding="utf-8"?><testsuites name="pytest tests"><testsuite name="pytest" errors="0" failures="0" skipped="0" tests="40" time="10.188" timestamp="2026-06-02T08:42:06.193565+00:00" hostname="agent-env-fb4edd1c-c968-47d4-928a-9043a1bd22b6"><testcase classname="backend.tests.test_iteration79_ci_guards" name="test_no_duplicate_export_const_in_api_ts" time="0.001" /><testcase classname="backend.tests.test_iteration79_ci_guards" name="test_no_expo_router_route_collisions" time="0.002" /><testcase classname="backend.tests.test_iteration79_ci_guards" name="test_icon_only_buttons_have_accessibility_label" time="0.007" /><testcase classname="backend.tests.test_iteration79_ci_guards" name="test_no_hardcoded_localhost_urls_in_frontend" time="0.035" /><testcase classname="backend.tests.test_iteration79_ci_guards" name="test_no_debug_marker_console_logs_in_frontend" time="0.030" /><testcase classname="backend.tests.test_iteration81_no_garbage_files" name="test_no_garbage_filenames_in_frontend" time="0.001" /><testcase classname="backend.tests.test_iteration82_regression_and_edges" name="test_trainer_vibe_set_and_clear" time="0.583" /><testcase classname="backend.tests.test_iteration82_regression_and_edges" name="test_trainer_accent_color_valid_and_invalid" time="0.092" /><testcase classname="backend.tests.test_iteration82_regression_and_edges" name="test_trainer_personality_tag" time="0.156" /><testcase classname="backend.tests.test_iteration82_regression_and_edges" name="test_trainer_highlight_lifecycle" time="0.509" /><testcase classname="backend.tests.test_iteration82_regression_and_edges" name="test_trainer_profile_response_keys" time="0.121" /><testcase classname="backend.tests.test_iteration82_regression_and_edges" name="test_discover_item_shape" time="0.527" /><testcase classname="backend.tests.test_iteration82_regression_and_edges" name="test_discover_no_mongo_objectid_leak" time="0.050" /><testcase classname="backend.tests.test_iteration82_regression_and_edges" name="test_trainee_accent_color_invalid_variants[6C5CE7]" time="0.045" /><testcase classname="backend.tests.test_iteration82_regression_and_edges" name="test_trainee_accent_color_invalid_variants[#12345]" time="0.046" /><testcase classname="backend.tests.test_iteration82_regression_and_edges" name="test_trainee_accent_color_invalid_variants[#1234567]" time="0.047" /><testcase classname="backend.tests.test_iteration82_regression_and_edges" name="test_trainee_accent_color_invalid_variants[#GGGGGG]" time="0.043" /><testcase classname="backend.tests.test_iteration82_regression_and_edges" name="test_trainee_accent_color_invalid_variants[blue]" time="0.050" /><testcase classname="backend.tests.test_iteration82_regression_and_edges" name="test_trainee_accent_color_invalid_variants[#00B894]" time="0.044" /><testcase classname="backend.tests.test_iteration82_regression_and_edges" name="test_trainee_highlight_bad_base64" time="0.047" /><testcase classname="backend.tests.test_iteration82_regression_and_edges" name="test_trainee_vibe_unauthenticated_blocked" time="0.110" /><testcase classname="backend.tests.test_iteration83_phase_b_highlights" name="test_trainee_video_upload_generates_thumbnail" time="1.322" /><testcase classname="backend.tests.test_iteration83_phase_b_highlights" name="test_trainer_video_upload_generates_thumbnail" time="1.224" /><testcase classname="backend.tests.test_iteration83_phase_b_highlights" name="test_photo_upload_has_no_thumbnail_url" time="0.491" /><testcase classname="backend.tests.test_iteration83_phase_b_highlights" name="test_files_endpoint_supports_range_requests" time="1.294" /><testcase classname="backend.tests.test_iteration83_phase_b_highlights" name="test_highlight_reel_frontend_uses_thumbnail_url" time="0.002" /><testcase classname="backend.tests.test_iteration83_phase_c_verification_sync" name="test_admin_login_works" time="0.320" /><testcase classname="backend.tests.test_iteration83_phase_c_verification_sync" name="test_verification_status_after_admin_approve" time="1.536" /><testcase classname="backend.tests.test_iteration83_phase_c_verification_sync" name="test_verification_status_after_admin_reject" time="0.152" /><testcase classname="backend.tests.test_iteration83_phase_c_verification_sync" name="test_verification_status_pending_returns_submitted_or_pending" time="0.052" /><testcase classname="backend.tests.test_iteration83_phase_c_verification_sync" name="test_admin_endpoints_require_admin" time="0.054" /><testcase classname="backend.tests.test_iteration84_pdf_round4" name="test_intro_video_meta_set_and_get" time="0.562" /><testcase classname="backend.tests.test_iteration84_pdf_round4" name="test_intro_video_meta_cross_user_403" time="0.430" /><testcase classname="backend.tests.test_iteration84_pdf_round4" name="test_notifications_response_has_id_field" time="0.048" /><testcase classname="backend.tests.test_iteration84_pdf_round4" name="test_notification_delete_404_for_bogus_id" time="0.046" /><testcase classname="backend.tests.test_iteration84_pdf_round4" name="test_virtual_session_notification_has_deeplink" time="0.001" /><testcase classname="backend.tests.test_iteration84_pdf_round4" name="test_trainee_detail_renders_sticky_accept_when_param_set" time="0.000" /><testcase classname="backend.tests.test_iteration84_pdf_round4" name="test_unread_notification_has_orange_tint" time="0.000" /><testcase classname="backend.tests.test_iteration84_pdf_round4" name="test_safety_center_contrast_boosted" time="0.000" /><testcase classname="backend.tests.test_iteration84_pdf_round4" name="test_intro_video_renders_above_highlight_reel" time="0.002" /></testsuite></testsuites>