<?xml version="1.0" encoding="utf-8"?><testsuites name="pytest tests"><testsuite name="pytest" errors="0" failures="0" skipped="0" tests="79" time="7.402" timestamp="2026-06-04T14:45:30.566275+00:00" hostname="agent-env-fb4edd1c-c968-47d4-928a-9043a1bd22b6"><testcase classname="tests.test_iteration96b_sprint_ab" name="test_pricing_quote_45_min_supported" time="0.241" /><testcase classname="tests.test_iteration96b_sprint_ab" name="test_pricing_quote_flat_fee_across_all_tiers" time="0.236" /><testcase classname="tests.test_iteration96b_sprint_ab" name="test_frontend_pricing_has_45_min_and_flat_fee" time="0.000" /><testcase classname="tests.test_iteration96b_sprint_ab" name="test_trainer_set_rates_screen_has_45_min_rows" time="0.000" /><testcase classname="tests.test_iteration96b_sprint_ab" name="test_trainer_detail_uses_tierRates_per_duration" time="0.000" /><testcase classname="tests.test_iteration96b_sprint_ab" name="test_confirm_booking_uses_flat_299_fee" time="0.000" /><testcase classname="tests.test_iteration96b_sprint_ab" name="test_ab_variant_hook_present" time="0.000" /><testcase classname="tests.test_iteration96b_sprint_ab" name="test_welcome_router_uses_hook" time="0.000" /><testcase classname="tests.test_iteration96b_sprint_ab" name="test_payment_intent_imports_corporate_helpers" time="0.000" /><testcase classname="tests.test_iteration96b_sprint_ab" name="test_visibility_filter_applied_to_listings" time="0.000" /><testcase classname="tests.test_iteration96b_sprint_ab" name="test_stripe_payouts_banner_removed" time="0.000" /><testcase classname="tests.test_iteration96b_sprint_ab" name="test_new_trainers_banner_removed" time="0.000" /><testcase classname="tests.test_iteration96b_sprint_ab" name="test_admin_logout_uses_authcontext" time="0.000" /><testcase classname="tests.test_iteration96b_sprint_ab" name="test_admin_can_open_user_profile_from_dashboard" time="0.000" /><testcase classname="tests.test_iteration96b_sprint_ab" name="test_messages_dropped_en_us_locale" time="0.000" /><testcase classname="tests.test_iteration96_corporate" name="test_create_company_rejects_duplicate_slug" time="0.238" /><testcase classname="tests.test_iteration96_corporate" name="test_create_company_rejects_invalid_slug" time="0.004" /><testcase classname="tests.test_iteration96_corporate" name="test_list_companies_requires_platform_admin" time="0.239" /><testcase classname="tests.test_iteration96_corporate" name="test_update_company_metadata" time="0.004" /><testcase classname="tests.test_iteration96_corporate" name="test_get_company_forbidden_for_outsiders" time="0.003" /><testcase classname="tests.test_iteration96_corporate" name="test_topup_credit_pool" time="0.005" /><testcase classname="tests.test_iteration96_corporate" name="test_topup_rejects_negative" time="0.003" /><testcase classname="tests.test_iteration96_corporate" name="test_invite_listed" time="0.008" /><testcase classname="tests.test_iteration96_corporate" name="test_redeem_invalid_code" time="0.004" /><testcase classname="tests.test_iteration96_corporate" name="test_redeem_happy_path_and_exhausted" time="0.041" /><testcase classname="tests.test_iteration96_corporate" name="test_me_company_reflects_membership" time="0.008" /><testcase classname="tests.test_iteration96_corporate" name="test_employees_and_usage" time="0.009" /><testcase classname="tests.test_iteration96_corporate" name="test_corporate_frontend_screens_exist" time="0.001" /><testcase classname="tests.test_iteration96_corporate" name="test_corporate_api_client_exposed" time="0.001" /><testcase classname="tests.test_iteration96_corporate" name="test_redeem_screen_uses_ds_tokens" time="0.000" /><testcase classname="tests.test_iteration96_corporate" name="test_dashboard_screen_has_required_testids" time="0.000" /><testcase classname="tests.test_iteration96_corporate" name="test_ds_token_sweep_complete_on_remaining_screens" time="0.001" /><testcase classname="tests.test_iteration96_corporate" name="test_quote_for_non_enrolled_user" time="0.012" /><testcase classname="tests.test_iteration96_corporate" name="test_quote_after_enrollment_shows_subsidy" time="0.020" /><testcase classname="tests.test_iteration96_corporate" name="test_quote_caps_at_amount_when_allowance_exceeds" time="0.005" /><testcase classname="tests.test_iteration96_corporate" name="test_public_landing_returns_safe_fields" time="0.003" /><testcase classname="tests.test_iteration96_corporate" name="test_public_landing_404_for_unknown_slug" time="0.003" /><testcase classname="tests.test_iteration96_corporate" name="test_public_landing_rejects_bad_slug" time="0.002" /><testcase classname="tests.test_iteration95_negotiation_e2e" name="test_login_works_for_all_three_accounts" time="1.150" /><testcase classname="tests.test_iteration95_negotiation_e2e.TestPricingQuote" name="test_quote_new_in_person_60_8000" time="0.128" /><testcase classname="tests.test_iteration95_negotiation_e2e.TestPricingQuote" name="test_quote_new_in_person_60_within_cap" time="0.125" /><testcase classname="tests.test_iteration95_negotiation_e2e.TestPricingQuote" name="test_quote_certified_virtual_60_8000" time="0.119" /><testcase classname="tests.test_iteration95_negotiation_e2e.TestPricingQuote" name="test_quote_specialty_in_person_60_14000" time="0.120" /><testcase classname="tests.test_iteration95_negotiation_e2e.TestTierAssignment" name="test_admin_assigns_tier_to_trainer" time="0.428" /><testcase classname="tests.test_iteration95_negotiation_e2e.TestTierAssignment" name="test_non_admin_cannot_assign_tier" time="0.118" /><testcase classname="tests.test_iteration95_negotiation_e2e.TestTierAssignment" name="test_invalid_tier_rejected" time="0.107" /><testcase classname="tests.test_iteration95_negotiation_e2e.TestNegotiationHappyPath" name="test_propose_counter_accept_then_paymentReady" time="0.495" /><testcase classname="tests.test_iteration95_negotiation_e2e.TestNegotiationHappyPath" name="test_session_detail_surfaces_negotiation_fields" time="0.382" /><testcase classname="tests.test_iteration95_negotiation_e2e.TestNegotiationRejection" name="test_propose_reject_then_re_propose_allowed" time="0.343" /><testcase classname="tests.test_iteration95_negotiation_e2e.TestPermissionsAndTurn" name="test_non_participant_blocked" time="0.119" /><testcase classname="tests.test_iteration95_negotiation_e2e.TestPermissionsAndTurn" name="test_cannot_counter_own_proposal" time="0.276" /><testcase classname="tests.test_iteration95_negotiation_e2e.TestExpiry" name="test_stale_proposal_auto_expires_and_repropose_allowed" time="0.363" /><testcase classname="tests.test_iteration95_negotiation_e2e.TestPaymentGating" name="test_create_payment_intent_blocked_before_agreed" time="0.123" /><testcase classname="tests.test_iteration95_negotiation_e2e.TestPaymentGating" name="test_create_payment_intent_succeeds_after_agreed" time="0.624" /><testcase classname="tests.test_iteration95b_trainer_detail_and_ab" name="test_trainer_session_detail_exists" time="0.000" /><testcase classname="tests.test_iteration95b_trainer_detail_and_ab" name="test_trainer_sessions_list_navigates_to_detail" time="0.000" /><testcase classname="tests.test_iteration95b_trainer_detail_and_ab" name="test_welcome_variant_flag_present_in_premium_theme" time="0.000" /><testcase classname="tests.test_iteration95b_trainer_detail_and_ab" name="test_welcome_variant_b_file_exists" time="0.000" /><testcase classname="tests.test_iteration95b_trainer_detail_and_ab" name="test_index_switcher_routes_by_variant" time="0.000" /><testcase classname="tests.test_iteration95b_trainer_detail_and_ab" name="test_tier_assigned_email_helper_exists" time="0.000" /><testcase classname="tests.test_iteration95b_trainer_detail_and_ab" name="test_admin_assign_tier_route_sends_email" time="0.001" /><testcase classname="tests.test_iteration95b_trainer_detail_and_ab" name="test_create_payment_intent_negotiation_gate_present" time="0.000" /><testcase classname="tests.test_iteration95b_trainer_detail_and_ab" name="test_session_response_surfaces_negotiation_fields" time="0.000" /><testcase classname="tests.test_iteration95c_batch_all" name="test_variant_b_hero_is_differentiated" time="0.000" /><testcase classname="tests.test_iteration95c_batch_all" name="test_index_switcher_consults_variant" time="0.000" /><testcase classname="tests.test_iteration95c_batch_all" name="test_tier_celebration_sheet_exists" time="0.000" /><testcase classname="tests.test_iteration95c_batch_all" name="test_trainer_home_wires_celebration_sheet" time="0.000" /><testcase classname="tests.test_iteration95c_batch_all" name="test_celebration_backend_endpoints_registered" time="0.000" /><testcase classname="tests.test_iteration95c_batch_all" name="test_tier_celebration_returns_shouldShow_after_assignment" time="0.472" /><testcase classname="tests.test_iteration95c_batch_all" name="test_chunked_routes_registered" time="0.000" /><testcase classname="tests.test_iteration95c_batch_all" name="test_frontend_chunked_helper_exists" time="0.000" /><testcase classname="tests.test_iteration95c_batch_all" name="test_trainer_highlight_upload_uses_chunked" time="0.000" /><testcase classname="tests.test_iteration95c_batch_all" name="test_chunked_e2e_init_append_commit" time="0.146" /><testcase classname="tests.test_iteration95c_batch_all" name="test_chunked_init_rejects_oversized" time="0.231" /><testcase classname="tests.test_iteration95c_batch_all" name="test_chunked_abort_cleans_up_session" time="0.240" /><testcase classname="tests.test_iteration95c_batch_all" name="test_ds_tokens_include_orange_variants" time="0.001" /><testcase classname="tests.test_iteration95c_batch_all" name="test_trainee_profile_uses_ds_tokens" time="0.000" /><testcase classname="tests.test_iteration95c_batch_all" name="test_trainee_sessions_uses_ds_tokens" time="0.001" /><testcase classname="tests.test_iteration95c_batch_all" name="test_trainer_session_detail_already_uses_ds" time="0.000" /></testsuite></testsuites>