<?xml version="1.0" encoding="utf-8"?><testsuites name="pytest tests"><testsuite name="pytest" errors="0" failures="6" skipped="0" tests="18" time="6.603" timestamp="2026-04-10T15:50:05.901130+00:00" hostname="agent-env-8b4f778d-fc8e-4d3d-ba9e-55a18da786e3"><testcase classname="tests.test_iteration60_highlights_vibe.TestMusicSearchAPI" name="test_music_search_eminem" time="0.372" /><testcase classname="tests.test_iteration60_highlights_vibe.TestMusicSearchAPI" name="test_music_search_various_queries" time="1.034" /><testcase classname="tests.test_iteration60_highlights_vibe.TestMusicSearchAPI" name="test_music_search_limit_parameter" time="0.353" /><testcase classname="tests.test_iteration60_highlights_vibe.TestMusicSearchAPI" name="test_music_search_short_query_rejected" time="0.100" /><testcase classname="tests.test_iteration60_highlights_vibe.TestMusicSearchAPI" name="test_music_search_no_auth_required" time="0.153" /><testcase classname="tests.test_iteration60_highlights_vibe.TestHighlightsAPI" name="test_get_highlights_public" time="0.623" /><testcase classname="tests.test_iteration60_highlights_vibe.TestHighlightsAPI" name="test_post_highlights_requires_auth" time="0.116" /><testcase classname="tests.test_iteration60_highlights_vibe.TestHighlightsAPI" name="test_delete_highlights_requires_auth" time="0.135" /><testcase classname="tests.test_iteration60_highlights_vibe.TestHighlightsAPI" name="test_delete_highlights_wrong_user" time="0.502"><failure message="AssertionError: Expected 403 for non-owner, got 401&#10;assert 401 == 403&#10; +  where 401 = &lt;Response [401]&gt;.status_code">tests/test_iteration60_highlights_vibe.py:164: in test_delete_highlights_wrong_user
    assert response.status_code == 403, f"Expected 403 for non-owner, got {response.status_code}"
E   AssertionError: Expected 403 for non-owner, got 401
E   assert 401 == 403
E    +  where 401 = &lt;Response [401]&gt;.status_code</failure></testcase><testcase classname="tests.test_iteration60_highlights_vibe.TestVibeAPI" name="test_put_vibe_requires_auth" time="0.596" /><testcase classname="tests.test_iteration60_highlights_vibe.TestVibeAPI" name="test_put_vibe_saves_data" time="0.109"><failure message="AssertionError: Expected 200, got 401: {&quot;detail&quot;:&quot;Invalid token&quot;}&#10;assert 401 == 200&#10; +  where 401 = &lt;Response [401]&gt;.status_code">tests/test_iteration60_highlights_vibe.py:197: in test_put_vibe_saves_data
    assert response.status_code == 200, f"Expected 200, got {response.status_code}: {response.text}"
E   AssertionError: Expected 200, got 401: {"detail":"Invalid token"}
E   assert 401 == 200
E    +  where 401 = &lt;Response [401]&gt;.status_code</failure></testcase><testcase classname="tests.test_iteration60_highlights_vibe.TestVibeAPI" name="test_put_vibe_rejects_non_owner" time="0.436"><failure message="AssertionError: Expected 403 for non-owner, got 401&#10;assert 401 == 403&#10; +  where 401 = &lt;Response [401]&gt;.status_code">tests/test_iteration60_highlights_vibe.py:215: in test_put_vibe_rejects_non_owner
    assert response.status_code == 403, f"Expected 403 for non-owner, got {response.status_code}"
E   AssertionError: Expected 403 for non-owner, got 401
E   assert 401 == 403
E    +  where 401 = &lt;Response [401]&gt;.status_code</failure></testcase><testcase classname="tests.test_iteration60_highlights_vibe.TestVibeAPI" name="test_delete_vibe_requires_auth" time="0.104" /><testcase classname="tests.test_iteration60_highlights_vibe.TestVibeAPI" name="test_delete_vibe_clears_data" time="0.112"><failure message="AssertionError: Expected 200, got 401&#10;assert 401 == 200&#10; +  where 401 = &lt;Response [401]&gt;.status_code">tests/test_iteration60_highlights_vibe.py:228: in test_delete_vibe_clears_data
    assert response.status_code == 200, f"Expected 200, got {response.status_code}"
E   AssertionError: Expected 200, got 401
E   assert 401 == 200
E    +  where 401 = &lt;Response [401]&gt;.status_code</failure></testcase><testcase classname="tests.test_iteration60_highlights_vibe.TestVibeAPI" name="test_delete_vibe_rejects_non_owner" time="0.128"><failure message="AssertionError: Expected 403 for non-owner, got 401&#10;assert 401 == 403&#10; +  where 401 = &lt;Response [401]&gt;.status_code">tests/test_iteration60_highlights_vibe.py:245: in test_delete_vibe_rejects_non_owner
    assert response.status_code == 403, f"Expected 403 for non-owner, got {response.status_code}"
E   AssertionError: Expected 403 for non-owner, got 401
E   assert 401 == 403
E    +  where 401 = &lt;Response [401]&gt;.status_code</failure></testcase><testcase classname="tests.test_iteration60_highlights_vibe.TestFullVibeFlow" name="test_complete_vibe_flow" time="0.884"><failure message="AssertionError: Save failed: {&quot;detail&quot;:&quot;Invalid token&quot;}&#10;assert 401 == 200&#10; +  where 401 = &lt;Response [401]&gt;.status_code">tests/test_iteration60_highlights_vibe.py:280: in test_complete_vibe_flow
    assert save_response.status_code == 200, f"Save failed: {save_response.text}"
E   AssertionError: Save failed: {"detail":"Invalid token"}
E   assert 401 == 200
E    +  where 401 = &lt;Response [401]&gt;.status_code</failure></testcase><testcase classname="tests.test_iteration60_highlights_vibe.TestTrainerProfileEndpoints" name="test_get_trainer_profile" time="0.573" /><testcase classname="tests.test_iteration60_highlights_vibe.TestTrainerProfileEndpoints" name="test_trainer_profile_includes_gallery" time="0.151" /></testsuite></testsuites>