<?xml version="1.0" encoding="utf-8"?><testsuites name="pytest tests"><testsuite name="pytest" errors="0" failures="0" skipped="0" tests="10" time="2.426" timestamp="2026-08-10T00:12:24.849969+00:00" hostname="agent-env-fb4edd1c-c968-47d4-928a-9043a1bd22b6"><testcase classname="backend.tests.test_iter118r_profile_photo_guard" name="test_trainee_profile_rejects_device_local_uri[file:///data/tmp/photo.jpg]" time="0.577" /><testcase classname="backend.tests.test_iter118r_profile_photo_guard" name="test_trainee_profile_rejects_device_local_uri[content://media/external/images/1234]" time="0.113" /><testcase classname="backend.tests.test_iter118r_profile_photo_guard" name="test_trainee_profile_rejects_device_local_uri[ph://ABCD-1234]" time="0.107" /><testcase classname="backend.tests.test_iter118r_profile_photo_guard" name="test_trainee_profile_rejects_device_local_uri[assets-library://asset/xyz]" time="0.119" /><testcase classname="backend.tests.test_iter118r_profile_photo_guard" name="test_trainer_profile_rejects_device_local_uri[file:///data/tmp/photo.jpg]" time="0.437" /><testcase classname="backend.tests.test_iter118r_profile_photo_guard" name="test_trainer_profile_rejects_device_local_uri[content://media/external/images/1234]" time="0.116" /><testcase classname="backend.tests.test_iter118r_profile_photo_guard" name="test_trainer_profile_rejects_device_local_uri[ph://ABCD-1234]" time="0.104" /><testcase classname="backend.tests.test_iter118r_profile_photo_guard" name="test_trainer_profile_rejects_device_local_uri[assets-library://asset/xyz]" time="0.108" /><testcase classname="backend.tests.test_iter118r_profile_photo_guard" name="test_trainee_valid_data_url_persists_and_syncs" time="0.318" /><testcase classname="backend.tests.test_iter118r_profile_photo_guard" name="test_trainer_valid_data_url_persists_and_syncs" time="0.358" /></testsuite></testsuites>