<?xml version="1.0" encoding="utf-8"?><testsuites name="pytest tests"><testsuite name="pytest" errors="0" failures="0" skipped="0" tests="28" time="10.275" timestamp="2026-04-09T00:32:26.464985+00:00" hostname="agent-env-e9f360b3-abd4-4d62-86c2-e4cd7c4b9876"><testcase classname="backend.tests.test_iteration55_gallery_upload.TestGalleryUploadAuth" name="test_upload_requires_auth" time="0.252" /><testcase classname="backend.tests.test_iteration55_gallery_upload.TestGalleryUploadAuth" name="test_upload_with_invalid_token" time="0.151" /><testcase classname="backend.tests.test_iteration55_gallery_upload.TestGalleryUploadValidation" name="test_upload_rejects_txt_file" time="0.445" /><testcase classname="backend.tests.test_iteration55_gallery_upload.TestGalleryUploadValidation" name="test_upload_rejects_pdf_file" time="0.152" /><testcase classname="backend.tests.test_iteration55_gallery_upload.TestGalleryUploadValidation" name="test_upload_rejects_exe_file" time="0.149" /><testcase classname="backend.tests.test_iteration55_gallery_upload.TestGalleryUploadSuccess" name="test_upload_png_image" time="1.531" /><testcase classname="backend.tests.test_iteration55_gallery_upload.TestGalleryUploadSuccess" name="test_upload_jpeg_image" time="0.237" /><testcase classname="backend.tests.test_iteration55_gallery_upload.TestGalleryUploadSuccess" name="test_upload_with_caption" time="0.263" /><testcase classname="backend.tests.test_iteration55_gallery_upload.TestGalleryUploadSuccess" name="test_upload_video_extension_detection" time="0.321" /><testcase classname="backend.tests.test_iteration55_gallery_upload.TestGalleryUploadSuccess" name="test_upload_mov_video" time="0.321" /><testcase classname="backend.tests.test_iteration55_gallery_upload.TestGalleryItemStructure" name="test_gallery_item_has_required_fields" time="0.296" /><testcase classname="backend.tests.test_iteration55_gallery_upload.TestFileServing" name="test_serve_uploaded_file" time="0.577" /><testcase classname="backend.tests.test_iteration55_gallery_upload.TestFileServing" name="test_serve_nonexistent_file" time="0.553" /><testcase classname="backend.tests.test_iteration55_gallery_upload.TestGalleryDelete" name="test_delete_gallery_item" time="0.719" /><testcase classname="backend.tests.test_iteration55_gallery_upload.TestGalleryDelete" name="test_delete_invalid_index" time="0.112" /><testcase classname="backend.tests.test_iteration55_gallery_upload.TestGalleryDelete" name="test_delete_negative_index" time="0.132" /><testcase classname="backend.tests.test_iteration55_gallery_upload.TestGalleryDelete" name="test_delete_requires_auth" time="0.112" /><testcase classname="backend.tests.test_iteration55_gallery_upload.TestGalleryPersistence" name="test_upload_appends_to_trainer_gallery" time="0.640" /><testcase classname="backend.tests.test_iteration55_gallery_upload.TestAllowedExtensions" name="test_allowed_image_extensions[jpg-photo]" time="0.375" /><testcase classname="backend.tests.test_iteration55_gallery_upload.TestAllowedExtensions" name="test_allowed_image_extensions[jpeg-photo]" time="0.290" /><testcase classname="backend.tests.test_iteration55_gallery_upload.TestAllowedExtensions" name="test_allowed_image_extensions[png-photo]" time="0.382" /><testcase classname="backend.tests.test_iteration55_gallery_upload.TestAllowedExtensions" name="test_allowed_image_extensions[gif-photo]" time="0.327" /><testcase classname="backend.tests.test_iteration55_gallery_upload.TestAllowedExtensions" name="test_allowed_image_extensions[webp-photo]" time="0.343" /><testcase classname="backend.tests.test_iteration55_gallery_upload.TestAllowedExtensions" name="test_allowed_image_extensions[heic-photo]" time="0.307" /><testcase classname="backend.tests.test_iteration55_gallery_upload.TestAllowedExtensions" name="test_allowed_video_extensions[mp4-video]" time="0.223" /><testcase classname="backend.tests.test_iteration55_gallery_upload.TestAllowedExtensions" name="test_allowed_video_extensions[mov-video]" time="0.286" /><testcase classname="backend.tests.test_iteration55_gallery_upload.TestAllowedExtensions" name="test_allowed_video_extensions[avi-video]" time="0.286" /><testcase classname="backend.tests.test_iteration55_gallery_upload.TestAllowedExtensions" name="test_allowed_video_extensions[mkv-video]" time="0.397" /></testsuite></testsuites>