<?xml version="1.0" encoding="utf-8"?><testsuites name="pytest tests"><testsuite name="pytest" errors="0" failures="0" skipped="0" tests="11" time="5.026" timestamp="2026-03-08T03:54:59.089818+00:00" hostname="agent-env-3aa1501b-ebdd-471e-ba81-0fa985caa55b"><testcase classname="tests.test_iteration38_508_compliance.TestHealthAndAuth" name="test_health_endpoint" time="0.297" /><testcase classname="tests.test_iteration38_508_compliance.TestHealthAndAuth" name="test_admin_login" time="0.452" /><testcase classname="tests.test_iteration38_508_compliance.TestHealthAndAuth" name="test_login_invalid_credentials" time="0.176" /><testcase classname="tests.test_iteration38_508_compliance.TestBackgroundPII" name="test_submit_background_pii_success" time="0.463" /><testcase classname="tests.test_iteration38_508_compliance.TestBackgroundPII" name="test_submit_background_pii_missing_fields" time="0.520" /><testcase classname="tests.test_iteration38_508_compliance.TestFavoriteToggle" name="test_toggle_favorite" time="0.607" /><testcase classname="tests.test_iteration38_508_compliance.TestVerificationStatus" name="test_verification_status" time="0.487" /><testcase classname="tests.test_iteration38_508_compliance.TestSessions" name="test_trainer_sessions" time="0.496" /><testcase classname="tests.test_iteration38_508_compliance.TestSessions" name="test_trainee_sessions" time="0.475" /><testcase classname="tests.test_iteration38_508_compliance.TestGroupSessions" name="test_edit_nonexistent_group_session" time="0.483" /><testcase classname="tests.test_iteration38_508_compliance.TestGroupSessions" name="test_edit_invalid_id_format" time="0.452" /></testsuite></testsuites>