<?xml version="1.0" encoding="utf-8"?><testsuites name="pytest tests"><testsuite name="pytest" errors="0" failures="0" skipped="0" tests="12" time="4.725" timestamp="2026-04-06T20:38:03.191439+00:00" hostname="agent-env-e9f360b3-abd4-4d62-86c2-e4cd7c4b9876"><testcase classname="backend.tests.test_iteration49_receipts.TestReceiptLogo" name="test_receipt_logo_returns_base64_data" time="0.322" /><testcase classname="backend.tests.test_iteration49_receipts.TestSessionReceipt" name="test_admin_can_get_receipt" time="0.519" /><testcase classname="backend.tests.test_iteration49_receipts.TestSessionReceipt" name="test_trainee_can_get_own_receipt" time="0.483" /><testcase classname="backend.tests.test_iteration49_receipts.TestSessionReceipt" name="test_trainer_can_get_own_receipt" time="0.520" /><testcase classname="backend.tests.test_iteration49_receipts.TestSessionReceipt" name="test_receipt_has_correct_amount_fields" time="0.206" /><testcase classname="backend.tests.test_iteration49_receipts.TestSessionReceipt" name="test_receipt_not_found_for_invalid_session" time="0.142" /><testcase classname="backend.tests.test_iteration49_receipts.TestSessionReceipt" name="test_receipt_requires_authentication" time="0.146" /><testcase classname="backend.tests.test_iteration49_receipts.TestAdminReceipts" name="test_admin_can_get_all_receipts" time="0.440" /><testcase classname="backend.tests.test_iteration49_receipts.TestAdminReceipts" name="test_non_admin_cannot_access_admin_receipts" time="0.438" /><testcase classname="backend.tests.test_iteration49_receipts.TestSessionResponseZelleStatus" name="test_trainer_sessions_include_zelle_status" time="0.467" /><testcase classname="backend.tests.test_iteration49_receipts.TestSessionResponseZelleStatus" name="test_trainee_sessions_include_zelle_status" time="0.486" /><testcase classname="backend.tests.test_iteration49_receipts.TestReceiptDataIntegrity" name="test_receipt_contains_all_required_fields" time="0.432" /></testsuite></testsuites>