<?xml version="1.0" encoding="utf-8"?><testsuites name="pytest tests"><testsuite name="pytest" errors="0" failures="1" skipped="0" tests="5" time="1.612" timestamp="2026-08-10T22:06:00.291014+00:00" hostname="agent-env-fb4edd1c-c968-47d4-928a-9043a1bd22b6"><testcase classname="backend.tests.test_notifications_iter126" name="test_get_notifications_returns_list" time="0.586" /><testcase classname="backend.tests.test_notifications_iter126" name="test_post_mark_read_bulk" time="0.113" /><testcase classname="backend.tests.test_notifications_iter126" name="test_post_per_item_mark_read_route" time="0.225"><failure message="AssertionError: handleTap route POST /api/notifications/{id}/read returned 404. Frontend catches silently so no crash, but the unread dot will not disappear.&#10;assert 404 == 200&#10; +  where 404 = &lt;Response [404]&gt;.status_code">backend/tests/test_notifications_iter126.py:68: in test_post_per_item_mark_read_route
    assert r2.status_code == 200, (
E   AssertionError: handleTap route POST /api/notifications/{id}/read returned 404. Frontend catches silently so no crash, but the unread dot will not disappear.
E   assert 404 == 200
E    +  where 404 = &lt;Response [404]&gt;.status_code</failure></testcase><testcase classname="backend.tests.test_notifications_iter126" name="test_delete_notification" time="0.360" /><testcase classname="backend.tests.test_notifications_iter126" name="test_trainee_profile_get" time="0.249" /></testsuite></testsuites>