<?xml version="1.0" encoding="utf-8"?><testsuites name="pytest tests"><testsuite name="pytest" errors="0" failures="0" skipped="0" tests="17" time="6.611" timestamp="2026-04-10T15:18:01.045379+00:00" hostname="agent-env-8b4f778d-fc8e-4d3d-ba9e-55a18da786e3"><testcase classname="backend.tests.test_iteration58_dark_theme_fixes.TestAuthentication" name="test_admin_login_success" time="0.467" /><testcase classname="backend.tests.test_iteration58_dark_theme_fixes.TestAuthentication" name="test_trainer_login_success" time="0.387" /><testcase classname="backend.tests.test_iteration58_dark_theme_fixes.TestAuthentication" name="test_trainee_login_success" time="0.406" /><testcase classname="backend.tests.test_iteration58_dark_theme_fixes.TestAuthentication" name="test_invalid_credentials_rejected" time="0.254" /><testcase classname="backend.tests.test_iteration58_dark_theme_fixes.TestAuthMe" name="test_auth_me_admin" time="0.529" /><testcase classname="backend.tests.test_iteration58_dark_theme_fixes.TestAuthMe" name="test_auth_me_trainer" time="0.590" /><testcase classname="backend.tests.test_iteration58_dark_theme_fixes.TestAuthMe" name="test_auth_me_trainee" time="0.577" /><testcase classname="backend.tests.test_iteration58_dark_theme_fixes.TestAuthMe" name="test_auth_me_requires_token" time="0.405" /><testcase classname="backend.tests.test_iteration58_dark_theme_fixes.TestAuthMe" name="test_auth_me_invalid_token" time="0.130" /><testcase classname="backend.tests.test_iteration58_dark_theme_fixes.TestTrainerProfiles" name="test_get_trainer_profile" time="0.475" /><testcase classname="backend.tests.test_iteration58_dark_theme_fixes.TestAdminEndpoints" name="test_admin_earnings_summary" time="0.489" /><testcase classname="backend.tests.test_iteration58_dark_theme_fixes.TestAdminEndpoints" name="test_admin_earnings_requires_admin" time="0.465" /><testcase classname="backend.tests.test_iteration58_dark_theme_fixes.TestAdminEndpoints" name="test_admin_earnings_requires_auth" time="0.139" /><testcase classname="backend.tests.test_iteration58_dark_theme_fixes.TestHealthEndpoints" name="test_health_check" time="0.106" /><testcase classname="backend.tests.test_iteration58_dark_theme_fixes.TestHealthEndpoints" name="test_api_root" time="0.133" /><testcase classname="backend.tests.test_iteration58_dark_theme_fixes.TestTrainerSessions" name="test_get_trainer_sessions" time="0.504" /><testcase classname="backend.tests.test_iteration58_dark_theme_fixes.TestTraineeSessions" name="test_get_trainee_sessions" time="0.484" /></testsuite></testsuites>