<?xml version="1.0" encoding="utf-8"?><testsuites name="pytest tests"><testsuite name="pytest" errors="0" failures="0" skipped="0" tests="12" time="2.134" timestamp="2026-06-04T18:30:05.940104+00:00" hostname="agent-env-fb4edd1c-c968-47d4-928a-9043a1bd22b6"><testcase classname="backend.tests.test_iteration99_csv_export_extras" name="test_csv_header_has_all_required_columns" time="0.645" /><testcase classname="backend.tests.test_iteration99_csv_export_extras" name="test_csv_content_disposition_attachment_filename" time="0.141" /><testcase classname="backend.tests.test_iteration99_csv_export_extras" name="test_csv_period_last_month" time="0.136" /><testcase classname="backend.tests.test_iteration99_csv_export_extras" name="test_csv_period_all_time_filename" time="0.113" /><testcase classname="backend.tests.test_iteration99_csv_export_extras" name="test_csv_default_no_params_returns_all" time="0.134" /><testcase classname="backend.tests.test_iteration99_csv_export_extras" name="test_csv_sort_case_insensitive" time="0.138" /><testcase classname="backend.tests.test_iteration99_csv_export_extras" name="test_csv_invalid_start_date_returns_400" time="0.131" /><testcase classname="backend.tests.test_iteration99_csv_export_extras" name="test_csv_invalid_end_date_returns_400" time="0.103" /><testcase classname="backend.tests.test_iteration99_csv_export_extras" name="test_csv_export_unauth_rejected" time="0.126" /><testcase classname="backend.tests.test_iteration99_csv_export_extras" name="test_dashboard_unauth_rejected" time="0.119" /><testcase classname="backend.tests.test_iteration99_csv_export_extras" name="test_dashboard_commission_breakout_math" time="0.123" /><testcase classname="backend.tests.test_iteration99_csv_export_extras" name="test_recent_sessions_default_limit" time="0.128" /></testsuite></testsuites>