<?xml version="1.0" encoding="utf-8"?><testsuites name="pytest tests"><testsuite name="pytest" errors="0" failures="0" skipped="0" tests="21" time="9.972" timestamp="2026-04-10T18:39:13.167013+00:00" hostname="agent-env-a2b3cef2-fc13-4dbf-9dd1-d3a8276a39dc"><testcase classname="backend.tests.test_iteration65_route_extraction.TestHealthEndpoint" name="test_health_check" time="0.182" /><testcase classname="backend.tests.test_iteration65_route_extraction.TestAuthRoutes" name="test_login_trainer" time="0.360" /><testcase classname="backend.tests.test_iteration65_route_extraction.TestAuthRoutes" name="test_login_trainee" time="0.355" /><testcase classname="backend.tests.test_iteration65_route_extraction.TestAuthRoutes" name="test_login_admin" time="0.421" /><testcase classname="backend.tests.test_iteration65_route_extraction.TestAuthRoutes" name="test_auth_me_with_token" time="0.452" /><testcase classname="backend.tests.test_iteration65_route_extraction.TestAuthRoutes" name="test_auth_me_without_token" time="0.127" /><testcase classname="backend.tests.test_iteration65_route_extraction.TestAuthRoutes" name="test_signup_new_user" time="0.366" /><testcase classname="backend.tests.test_iteration65_route_extraction.TestAuthRoutes" name="test_change_password" time="1.035" /><testcase classname="backend.tests.test_iteration65_route_extraction.TestAuthRoutes" name="test_forgot_password" time="0.171" /><testcase classname="backend.tests.test_iteration65_route_extraction.TestSessionRoutes" name="test_get_trainee_sessions" time="0.609" /><testcase classname="backend.tests.test_iteration65_route_extraction.TestSessionRoutes" name="test_get_trainer_sessions" time="0.604" /><testcase classname="backend.tests.test_iteration65_route_extraction.TestAdminRoutes" name="test_admin_dashboard" time="0.517" /><testcase classname="backend.tests.test_iteration65_route_extraction.TestAdminRoutes" name="test_admin_users_paginated" time="0.586" /><testcase classname="backend.tests.test_iteration65_route_extraction.TestAdminRoutes" name="test_admin_top_trainers" time="0.484" /><testcase classname="backend.tests.test_iteration65_route_extraction.TestAdminRoutes" name="test_admin_earnings_summary" time="0.516" /><testcase classname="backend.tests.test_iteration65_route_extraction.TestAdminRoutes" name="test_admin_requires_auth" time="0.500" /><testcase classname="backend.tests.test_iteration65_route_extraction.TestServerPyRoutes" name="test_personality_tag_set_valid" time="0.599" /><testcase classname="backend.tests.test_iteration65_route_extraction.TestServerPyRoutes" name="test_accent_color_set_valid" time="0.592" /><testcase classname="backend.tests.test_iteration65_route_extraction.TestImportVerification" name="test_auth_routes_limiter" time="0.239" /><testcase classname="backend.tests.test_iteration65_route_extraction.TestImportVerification" name="test_session_routes_imports" time="0.624" /><testcase classname="backend.tests.test_iteration65_route_extraction.TestImportVerification" name="test_admin_routes_imports" time="0.507" /></testsuite></testsuites>