<?xml version="1.0" encoding="utf-8"?><testsuites name="pytest tests"><testsuite name="pytest" errors="0" failures="0" skipped="0" tests="21" time="9.589" timestamp="2026-04-09T13:59:38.263260+00:00" hostname="agent-env-8038f64f-8fd8-4286-96e6-f86e4d21dceb"><testcase classname="backend.tests.test_iteration56_theme_redesign.TestHealthCheck" name="test_health_endpoint" time="0.219" /><testcase classname="backend.tests.test_iteration56_theme_redesign.TestAuthLogin" name="test_admin_login_success" time="0.355" /><testcase classname="backend.tests.test_iteration56_theme_redesign.TestAuthLogin" name="test_trainer_login_success" time="0.436" /><testcase classname="backend.tests.test_iteration56_theme_redesign.TestAuthLogin" name="test_trainee_login_success" time="0.422" /><testcase classname="backend.tests.test_iteration56_theme_redesign.TestAuthLogin" name="test_login_invalid_credentials" time="0.134" /><testcase classname="backend.tests.test_iteration56_theme_redesign.TestAuthMe" name="test_auth_me_with_admin_token" time="0.480" /><testcase classname="backend.tests.test_iteration56_theme_redesign.TestAuthMe" name="test_auth_me_with_trainer_token" time="0.468" /><testcase classname="backend.tests.test_iteration56_theme_redesign.TestAuthMe" name="test_auth_me_with_trainee_token" time="0.500" /><testcase classname="backend.tests.test_iteration56_theme_redesign.TestAuthMe" name="test_auth_me_without_token" time="0.120" /><testcase classname="backend.tests.test_iteration56_theme_redesign.TestAuthMe" name="test_auth_me_with_invalid_token" time="0.111" /><testcase classname="backend.tests.test_iteration56_theme_redesign.TestTrainerProfiles" name="test_get_trainer_profile_by_user_id" time="0.527" /><testcase classname="backend.tests.test_iteration56_theme_redesign.TestTrainerProfiles" name="test_get_trainer_profile_without_auth" time="0.512" /><testcase classname="backend.tests.test_iteration56_theme_redesign.TestGalleryUpload" name="test_gallery_upload_requires_auth" time="0.121" /><testcase classname="backend.tests.test_iteration56_theme_redesign.TestGalleryUpload" name="test_gallery_upload_with_auth" time="1.847" /><testcase classname="backend.tests.test_iteration56_theme_redesign.TestAdminEarnings" name="test_admin_earnings_summary_with_admin" time="0.557" /><testcase classname="backend.tests.test_iteration56_theme_redesign.TestAdminEarnings" name="test_admin_earnings_summary_without_admin" time="0.463" /><testcase classname="backend.tests.test_iteration56_theme_redesign.TestAdminEarnings" name="test_admin_earnings_summary_without_auth" time="0.104" /><testcase classname="backend.tests.test_iteration56_theme_redesign.TestSocialLinksUpdate" name="test_update_social_links" time="0.580" /><testcase classname="backend.tests.test_iteration56_theme_redesign.TestSocialLinksUpdate" name="test_update_social_links_requires_auth" time="0.510" /><testcase classname="backend.tests.test_iteration56_theme_redesign.TestGalleryUpdate" name="test_update_gallery" time="0.502" /><testcase classname="backend.tests.test_iteration56_theme_redesign.TestGalleryUpdate" name="test_update_gallery_requires_auth" time="0.539" /></testsuite></testsuites>