<?xml version="1.0" encoding="utf-8"?><testsuites name="pytest tests"><testsuite name="pytest" errors="0" failures="13" skipped="0" tests="49" time="15.628" timestamp="2026-06-02T08:43:44.506572+00:00" hostname="agent-env-fb4edd1c-c968-47d4-928a-9043a1bd22b6"><testcase classname="backend.tests.test_iteration67_admin_verifications.TestAuthLogin" name="test_admin_login_returns_access_token" time="0.348" /><testcase classname="backend.tests.test_iteration67_admin_verifications.TestAuthLogin" name="test_trainer_login_returns_access_token" time="0.326" /><testcase classname="backend.tests.test_iteration67_admin_verifications.TestAuthLogin" name="test_invalid_credentials_returns_401" time="0.120" /><testcase classname="backend.tests.test_iteration67_admin_verifications.TestAdminVerificationsUnverified" name="test_unverified_trainers_returns_array" time="0.430" /><testcase classname="backend.tests.test_iteration67_admin_verifications.TestAdminVerificationsUnverified" name="test_unverified_trainers_requires_admin" time="0.451" /><testcase classname="backend.tests.test_iteration67_admin_verifications.TestAdminVerificationsApproved" name="test_approved_trainers_returns_array" time="0.442" /><testcase classname="backend.tests.test_iteration67_admin_verifications.TestAdminVerificationsApproved" name="test_approved_trainers_requires_admin" time="0.461" /><testcase classname="backend.tests.test_iteration67_admin_verifications.TestAdminVerificationsPending" name="test_pending_verifications_returns_array" time="0.454" /><testcase classname="backend.tests.test_iteration67_admin_verifications.TestAdminVerificationsPending" name="test_pending_verifications_requires_admin" time="0.431" /><testcase classname="backend.tests.test_iteration67_admin_verifications.TestAdminBackgroundCheckStatus" name="test_set_background_check_passed" time="0.768" /><testcase classname="backend.tests.test_iteration67_admin_verifications.TestAdminBackgroundCheckStatus" name="test_set_background_check_pending" time="0.763" /><testcase classname="backend.tests.test_iteration67_admin_verifications.TestAdminBackgroundCheckStatus" name="test_set_background_check_failed" time="0.804" /><testcase classname="backend.tests.test_iteration67_admin_verifications.TestAdminBackgroundCheckStatus" name="test_set_background_check_invalid_status" time="0.768" /><testcase classname="backend.tests.test_iteration67_admin_verifications.TestAdminBackgroundCheckStatus" name="test_background_check_requires_admin" time="0.768" /><testcase classname="backend.tests.test_iteration67_admin_verifications.TestAdminDashboard" name="test_dashboard_returns_stats" time="0.443" /><testcase classname="backend.tests.test_iteration67_admin_verifications.TestAdminDashboard" name="test_dashboard_requires_admin" time="0.448" /><testcase classname="backend.tests.test_iteration67_admin_verifications.TestHealthEndpoint" name="test_health_endpoint" time="0.103" /><testcase classname="backend.tests.test_notifications_system.TestNotificationsEndpoints" name="test_health_check" time="0.142" /><testcase classname="backend.tests.test_notifications_system.TestNotificationsEndpoints" name="test_register_push_token_success" time="0.332"><failure message="AssertionError: Login failed: {&quot;detail&quot;:&quot;Invalid email or password&quot;}&#10;assert 401 == 200&#10; +  where 401 = &lt;Response [401]&gt;.status_code">E   AssertionError: Login failed: {"detail":"Invalid email or password"}
    assert 401 == 200
     +  where 401 = &lt;Response [401]&gt;.status_code</failure></testcase><testcase classname="backend.tests.test_notifications_system.TestNotificationsEndpoints" name="test_register_push_token_unauthenticated" time="0.110" /><testcase classname="backend.tests.test_notifications_system.TestNotificationsEndpoints" name="test_unregister_push_token_success" time="0.335"><failure message="AssertionError: Login failed: {&quot;detail&quot;:&quot;Invalid email or password&quot;}&#10;assert 401 == 200&#10; +  where 401 = &lt;Response [401]&gt;.status_code">E   AssertionError: Login failed: {"detail":"Invalid email or password"}
    assert 401 == 200
     +  where 401 = &lt;Response [401]&gt;.status_code</failure></testcase><testcase classname="backend.tests.test_notifications_system.TestNotificationsEndpoints" name="test_get_notifications_success" time="0.338"><failure message="AssertionError: Login failed: {&quot;detail&quot;:&quot;Invalid email or password&quot;}&#10;assert 401 == 200&#10; +  where 401 = &lt;Response [401]&gt;.status_code">E   AssertionError: Login failed: {"detail":"Invalid email or password"}
    assert 401 == 200
     +  where 401 = &lt;Response [401]&gt;.status_code</failure></testcase><testcase classname="backend.tests.test_notifications_system.TestNotificationsEndpoints" name="test_get_notifications_unauthenticated" time="0.104" /><testcase classname="backend.tests.test_notifications_system.TestNotificationsEndpoints" name="test_mark_notifications_read" time="0.338"><failure message="AssertionError: Login failed: {&quot;detail&quot;:&quot;Invalid email or password&quot;}&#10;assert 401 == 200&#10; +  where 401 = &lt;Response [401]&gt;.status_code">E   AssertionError: Login failed: {"detail":"Invalid email or password"}
    assert 401 == 200
     +  where 401 = &lt;Response [401]&gt;.status_code</failure></testcase><testcase classname="backend.tests.test_notifications_system.TestSessionLifecycleNotifications" name="test_session_accept_creates_notification_for_trainee" time="0.342"><failure message="AssertionError: Login failed: {&quot;detail&quot;:&quot;Invalid email or password&quot;}&#10;assert 401 == 200&#10; +  where 401 = &lt;Response [401]&gt;.status_code">E   AssertionError: Login failed: {"detail":"Invalid email or password"}
    assert 401 == 200
     +  where 401 = &lt;Response [401]&gt;.status_code</failure></testcase><testcase classname="backend.tests.test_notifications_system.TestSessionLifecycleNotifications" name="test_session_decline_creates_notification_for_trainee" time="0.361"><failure message="AssertionError: Login failed: {&quot;detail&quot;:&quot;Invalid email or password&quot;}&#10;assert 401 == 200&#10; +  where 401 = &lt;Response [401]&gt;.status_code">E   AssertionError: Login failed: {"detail":"Invalid email or password"}
    assert 401 == 200
     +  where 401 = &lt;Response [401]&gt;.status_code</failure></testcase><testcase classname="backend.tests.test_notifications_system.TestSessionLifecycleNotifications" name="test_session_end_creates_notification_for_trainee" time="0.336"><failure message="AssertionError: Login failed: {&quot;detail&quot;:&quot;Invalid email or password&quot;}&#10;assert 401 == 200&#10; +  where 401 = &lt;Response [401]&gt;.status_code">E   AssertionError: Login failed: {"detail":"Invalid email or password"}
    assert 401 == 200
     +  where 401 = &lt;Response [401]&gt;.status_code</failure></testcase><testcase classname="backend.tests.test_notifications_system.TestSessionLifecycleNotifications" name="test_client_confirm_end_creates_payment_notification_for_trainer" time="0.343"><failure message="AssertionError: Login failed: {&quot;detail&quot;:&quot;Invalid email or password&quot;}&#10;assert 401 == 200&#10; +  where 401 = &lt;Response [401]&gt;.status_code">E   AssertionError: Login failed: {"detail":"Invalid email or password"}
    assert 401 == 200
     +  where 401 = &lt;Response [401]&gt;.status_code</failure></testcase><testcase classname="backend.tests.test_notifications_system.TestMessageNotifications" name="test_sending_message_creates_notification_for_receiver" time="0.348"><failure message="AssertionError: Login failed: {&quot;detail&quot;:&quot;Invalid email or password&quot;}&#10;assert 401 == 200&#10; +  where 401 = &lt;Response [401]&gt;.status_code">E   AssertionError: Login failed: {"detail":"Invalid email or password"}
    assert 401 == 200
     +  where 401 = &lt;Response [401]&gt;.status_code</failure></testcase><testcase classname="backend.tests.test_notifications_system.TestBackgroundSchedulerNotifications" name="test_boost_expiring_notification_db_structure" time="0.010" /><testcase classname="backend.tests.test_notifications_system.TestBackgroundSchedulerNotifications" name="test_session_reminder_scheduled_sessions" time="0.004" /><testcase classname="backend.tests.test_notifications_system.TestBackgroundSchedulerNotifications" name="test_streak_warning_notification_structure" time="0.003" /><testcase classname="backend.tests.test_notifications_system.TestRegressionExistingEndpoints" name="test_health_endpoint" time="0.109" /><testcase classname="backend.tests.test_notifications_system.TestRegressionExistingEndpoints" name="test_auth_login" time="0.335"><failure message="AssertionError: Login failed: {&quot;detail&quot;:&quot;Invalid email or password&quot;}&#10;assert 401 in [200, 429]&#10; +  where 401 = &lt;Response [401]&gt;.status_code">E   AssertionError: Login failed: {"detail":"Invalid email or password"}
    assert 401 in [200, 429]
     +  where 401 = &lt;Response [401]&gt;.status_code</failure></testcase><testcase classname="backend.tests.test_notifications_system.TestRegressionExistingEndpoints" name="test_auth_me" time="0.331"><failure message="KeyError: 'access_token'">E   KeyError: 'access_token'</failure></testcase><testcase classname="backend.tests.test_notifications_system.TestRegressionExistingEndpoints" name="test_trainers_search" time="0.104" /><testcase classname="backend.tests.test_notifications_system.TestRegressionExistingEndpoints" name="test_conversations_endpoint" time="0.332"><failure message="KeyError: 'access_token'">E   KeyError: 'access_token'</failure></testcase><testcase classname="backend.tests.test_iteration74_profile_photo_highlights.TestAuthRegression" name="test_admin_login" time="0.359" /><testcase classname="backend.tests.test_iteration74_profile_photo_highlights.TestAuthRegression" name="test_trainee_login" time="0.328" /><testcase classname="backend.tests.test_iteration74_profile_photo_highlights.TestAuthRegression" name="test_trainer_login" time="0.330" /><testcase classname="backend.tests.test_iteration74_profile_photo_highlights.TestTrainerProfilePhotoSync" name="test_post_with_legacy_profilePhoto_syncs_to_avatarUrl" time="0.421" /><testcase classname="backend.tests.test_iteration74_profile_photo_highlights.TestTrainerProfilePhotoSync" name="test_post_with_canonical_avatarUrl" time="0.148" /><testcase classname="backend.tests.test_iteration74_profile_photo_highlights.TestHighlights" name="test_upload_highlight_base64_and_retrieve_and_serve" time="0.473" /><testcase classname="backend.tests.test_iteration74_profile_photo_highlights.TestAdminVerification" name="test_verification_detail_has_steps_with_url_for_photo" time="0.115" /><testcase classname="backend.tests.test_iteration74_profile_photo_highlights.TestAdminVerification" name="test_approve_step_response_shape" time="0.047" /><testcase classname="backend.tests.test_iteration74_profile_photo_highlights.TestAdminVerification" name="test_approve_step_missing_stepId" time="0.044" /><testcase classname="backend.tests.test_iteration74_profile_photo_highlights.TestVerificationStatus" name="test_get_verification_status_shape" time="0.050" /><testcase classname="backend.tests.test_iteration74_profile_photo_highlights.TestBookingRegression" name="test_post_session_returns_requested" time="0.109"><failure message="AssertionError: booking failed: 403 {&quot;detail&quot;:&quot;Trainer is not verified yet. Missing: Government ID verification, SSN identity check, Background check, Sex offender screening, CPR/AED certification, Intro video (10-30 seconds), Complete bio (min 50 characters), Training styles&quot;}&#10;assert 403 in (200, 201)&#10; +  where 403 = &lt;Response [403]&gt;.status_code">E   AssertionError: booking failed: 403 {"detail":"Trainer is not verified yet. Missing: Government ID verification, SSN identity check, Background check, Sex offender screening, CPR/AED certification, Intro video (10-30 seconds), Complete bio (min 50 characters), Training styles"}
    assert 403 in (200, 201)
     +  where 403 = &lt;Response [403]&gt;.status_code</failure></testcase><testcase classname="backend.tests.test_iteration74_profile_photo_highlights.TestBookingRegression" name="test_get_trainee_sessions_pending" time="0.056" /></testsuite></testsuites>