<?xml version="1.0" encoding="utf-8"?><testsuites name="pytest tests"><testsuite name="pytest" errors="0" failures="0" skipped="0" tests="13" time="5.353" timestamp="2026-08-09T23:56:38.572709+00:00" hostname="agent-env-fb4edd1c-c968-47d4-928a-9043a1bd22b6"><testcase classname="tests.test_iter118q_stripe_connect_migration.TestSplitMath" name="test_split_50_dollar_session" time="0.005" /><testcase classname="tests.test_iter118q_stripe_connect_migration.TestSplitMath" name="test_split_75_dollar_session" time="0.000" /><testcase classname="tests.test_iter118q_stripe_connect_migration.TestSplitMath" name="test_split_free_session" time="0.000" /><testcase classname="tests.test_iter118q_stripe_connect_migration.TestConnectStatusEndpoint" name="test_status_shape_for_trainer" time="1.659" /><testcase classname="tests.test_iter118q_stripe_connect_migration.TestConnectStatusEndpoint" name="test_status_not_connected_when_no_profile" time="0.558" /><testcase classname="tests.test_iter118q_stripe_connect_migration.TestAccountLink" name="test_account_link_creates_or_forwards_restriction" time="0.347" /><testcase classname="tests.test_iter118q_stripe_connect_migration.TestAdminConnectStatus" name="test_admin_list_shape_and_ordering" time="0.332" /><testcase classname="tests.test_iter118q_stripe_connect_migration.TestLegacyRequestPayout" name="test_returns_410_gone" time="0.047" /><testcase classname="tests.test_iter118q_stripe_connect_migration.TestMarkEligible" name="test_sets_eligibility_and_gross" time="0.006" /><testcase classname="tests.test_iter118q_stripe_connect_migration.TestReleaseDueTransfers" name="test_awaiting_onboarding_when_no_connect_account" time="0.007" /><testcase classname="tests.test_iter118q_stripe_connect_migration.TestMigrationIdempotent" name="test_second_run_is_noop" time="2.281" /><testcase classname="tests.test_iter118q_stripe_connect_migration.TestWebhookHandlers" name="test_account_updated_mirrors_state" time="0.010" /><testcase classname="tests.test_iter118q_stripe_connect_migration.TestWebhookHandlers" name="test_payout_paid_upserts_row" time="0.006" /></testsuite></testsuites>