<?xml version="1.0" encoding="utf-8"?><testsuites name="pytest tests"><testsuite name="pytest" errors="0" failures="0" skipped="0" tests="4" time="0.747" timestamp="2026-08-10T02:10:21.759478+00:00" hostname="agent-env-fb4edd1c-c968-47d4-928a-9043a1bd22b6"><testcase classname="backend.tests.test_photo_upload_regression.TestProfilePhotoRegression" name="test_trainer_profile_rejects_file_uri" time="0.274" /><testcase classname="backend.tests.test_photo_upload_regression.TestProfilePhotoRegression" name="test_trainee_profile_rejects_file_uri" time="0.135" /><testcase classname="backend.tests.test_photo_upload_regression.TestProfilePhotoRegression" name="test_trainer_profile_accepts_base64_shape" time="0.167" /><testcase classname="backend.tests.test_photo_upload_regression.TestProfilePhotoRegression" name="test_trainee_profile_accepts_base64_shape" time="0.107" /></testsuite></testsuites>