<?xml version="1.0" encoding="utf-8"?><testsuites name="pytest tests"><testsuite name="pytest" errors="0" failures="0" skipped="0" tests="13" time="3.060" timestamp="2026-05-31T13:22:36.939410+00:00" hostname="agent-env-fb4edd1c-c968-47d4-928a-9043a1bd22b6"><testcase classname="backend.tests.test_iteration73_booking_flow.TestAuthRegression" name="test_admin_login" time="0.439" /><testcase classname="backend.tests.test_iteration73_booking_flow.TestAuthRegression" name="test_trainee_login" time="0.363" /><testcase classname="backend.tests.test_iteration73_booking_flow.TestAuthRegression" name="test_trainer_login" time="0.343" /><testcase classname="backend.tests.test_iteration73_booking_flow.TestAuthRegression" name="test_auth_me_trainee" time="0.112" /><testcase classname="backend.tests.test_iteration73_booking_flow.TestAuthRegression" name="test_auth_me_trainer" time="0.123" /><testcase classname="backend.tests.test_iteration73_booking_flow.TestAuthRegression" name="test_auth_me_admin" time="0.119" /><testcase classname="backend.tests.test_iteration73_booking_flow.TestTrainerVerificationStatus" name="test_verification_status_shape" time="0.131" /><testcase classname="backend.tests.test_iteration73_booking_flow.TestTrainerVerificationStatus" name="test_verification_status_unauthenticated" time="0.134" /><testcase classname="backend.tests.test_iteration73_booking_flow.TestBookingFlow" name="test_post_session_creates_requested_session" time="0.754" /><testcase classname="backend.tests.test_iteration73_booking_flow.TestRegression" name="test_trainer_profile_by_id" time="0.118" /><testcase classname="backend.tests.test_iteration73_booking_flow.TestRegression" name="test_trainee_sessions_endpoint" time="0.125" /><testcase classname="backend.tests.test_iteration73_booking_flow.TestRegression" name="test_experiments_event_post" time="0.127" /><testcase classname="backend.tests.test_iteration73_booking_flow.TestRegression" name="test_instagram_data_deletion" time="0.107" /></testsuite></testsuites>