<?xml version="1.0" encoding="utf-8"?><testsuites name="pytest tests"><testsuite name="pytest" errors="0" failures="0" skipped="0" tests="16" time="2.095" timestamp="2026-04-07T02:31:31.187546+00:00" hostname="agent-env-e9f360b3-abd4-4d62-86c2-e4cd7c4b9876"><testcase classname="backend.tests.test_iteration51_admin_earnings_summary.TestAdminEarningsSummaryAuthentication" name="test_admin_earnings_summary_requires_auth" time="0.239" /><testcase classname="backend.tests.test_iteration51_admin_earnings_summary.TestAdminEarningsSummaryAuthentication" name="test_admin_earnings_summary_rejects_trainee" time="0.365" /><testcase classname="backend.tests.test_iteration51_admin_earnings_summary.TestAdminEarningsSummaryAuthentication" name="test_admin_earnings_summary_rejects_trainer" time="0.334" /><testcase classname="backend.tests.test_iteration51_admin_earnings_summary.TestAdminEarningsSummaryResponse" name="test_admin_earnings_summary_success" time="0.323" /><testcase classname="backend.tests.test_iteration51_admin_earnings_summary.TestAdminEarningsSummaryResponse" name="test_response_includes_total_revenue_fields" time="0.052" /><testcase classname="backend.tests.test_iteration51_admin_earnings_summary.TestAdminEarningsSummaryResponse" name="test_response_includes_period_revenue_fields" time="0.051" /><testcase classname="backend.tests.test_iteration51_admin_earnings_summary.TestAdminEarningsSummaryResponse" name="test_response_includes_daily_breakdown" time="0.054" /><testcase classname="backend.tests.test_iteration51_admin_earnings_summary.TestAdminEarningsSummaryResponse" name="test_response_includes_weekly_breakdown" time="0.082" /><testcase classname="backend.tests.test_iteration51_admin_earnings_summary.TestAdminEarningsSummaryResponse" name="test_response_includes_monthly_breakdown" time="0.054" /><testcase classname="backend.tests.test_iteration51_admin_earnings_summary.TestAdminEarningsSummaryResponse" name="test_platform_cut_is_20_percent" time="0.051" /><testcase classname="backend.tests.test_iteration51_admin_earnings_summary.TestTrainerEarningsStillWorks" name="test_trainer_earnings_requires_auth" time="0.047" /><testcase classname="backend.tests.test_iteration51_admin_earnings_summary.TestTrainerEarningsStillWorks" name="test_trainer_earnings_success" time="0.062" /><testcase classname="backend.tests.test_iteration51_admin_earnings_summary.TestTrainerEarningsStillWorks" name="test_trainer_earnings_response_structure" time="0.111" /><testcase classname="backend.tests.test_iteration51_admin_earnings_summary.TestAdminEarningsSummaryDataIntegrity" name="test_daily_breakdown_platformcents_is_20_percent" time="0.068" /><testcase classname="backend.tests.test_iteration51_admin_earnings_summary.TestAdminEarningsSummaryDataIntegrity" name="test_weekly_breakdown_platformcents_is_20_percent" time="0.054" /><testcase classname="backend.tests.test_iteration51_admin_earnings_summary.TestAdminEarningsSummaryDataIntegrity" name="test_monthly_breakdown_platformcents_is_20_percent" time="0.056" /></testsuite></testsuites>