<?xml version="1.0" encoding="utf-8"?><testsuites name="pytest tests"><testsuite name="pytest" errors="0" failures="0" skipped="0" tests="10" time="5.051" timestamp="2026-03-11T01:40:16.777666+00:00" hostname="agent-env-0e115018-32c8-4261-8273-28e0dbe9fc9a"><testcase classname="backend.tests.test_iteration43_p1_features.TestHealthCheck" name="test_api_health" time="0.159" /><testcase classname="backend.tests.test_iteration43_p1_features.TestAdminLogin" name="test_admin_login" time="0.339" /><testcase classname="backend.tests.test_iteration43_p1_features.TestAdminVerificationDetail" name="test_admin_verifications_pending" time="0.531" /><testcase classname="backend.tests.test_iteration43_p1_features.TestAdminVerificationDetail" name="test_admin_verifications_approved" time="0.474" /><testcase classname="backend.tests.test_iteration43_p1_features.TestAdminVerificationDetail" name="test_admin_verification_detail_returns_profile_info" time="0.746" /><testcase classname="backend.tests.test_iteration43_p1_features.TestAdminVerificationDetail" name="test_admin_verification_detail_404_for_invalid_trainer" time="0.452" /><testcase classname="backend.tests.test_iteration43_p1_features.TestTraineeSavedTrainers" name="test_get_saved_trainers_empty" time="0.462" /><testcase classname="backend.tests.test_iteration43_p1_features.TestTraineeSavedTrainers" name="test_save_trainer_and_get_details" time="1.107" /><testcase classname="backend.tests.test_iteration43_p1_features.TestTrainerRates" name="test_set_rates_endpoint" time="0.700" /><testcase classname="backend.tests.test_iteration43_p1_features.TestCleanup" name="test_cleanup_note" time="0.000" /></testsuite></testsuites>