<?xml version="1.0" encoding="utf-8"?><testsuites name="pytest tests"><testsuite name="pytest" errors="0" failures="0" skipped="0" tests="9" time="2.131" timestamp="2026-06-09T06:19:08.058243+00:00" hostname="agent-env-fb4edd1c-c968-47d4-928a-9043a1bd22b6"><testcase classname="tests.test_iter106h_ws_tracking" name="test_ws_connect_and_broadcast" time="0.473" /><testcase classname="tests.test_iter106h_ws_tracking" name="test_ws_rejects_invalid_token" time="0.003" /><testcase classname="tests.test_iter106h_ws_tracking" name="test_ws_rejects_missing_token" time="0.002" /><testcase classname="tests.test_iter106h_ws_tracking" name="test_ws_rejects_non_participant" time="0.229" /><testcase classname="tests.test_iter106h_ws_edge_cases" name="test_ws_rejects_bogus_session_id_format" time="0.459" /><testcase classname="tests.test_iter106h_ws_edge_cases" name="test_ws_rejects_valid_but_unknown_session_id" time="0.003" /><testcase classname="tests.test_iter106h_ws_edge_cases" name="test_reverse_direction_trainer_ws_trainee_posts" time="0.210" /><testcase classname="tests.test_iter106h_ws_edge_cases" name="test_two_concurrent_clients_both_receive_broadcast" time="0.313" /><testcase classname="tests.test_iter106h_ws_edge_cases" name="test_polling_fallback_returns_latest_position" time="0.310" /></testsuite></testsuites>