<?xml version="1.0" encoding="utf-8"?><testsuites name="pytest tests"><testsuite name="pytest" errors="0" failures="0" skipped="0" tests="10" time="6.098" timestamp="2026-06-08T18:00:59.085259+00:00" hostname="agent-env-fb4edd1c-c968-47d4-928a-9043a1bd22b6"><testcase classname="backend.tests.test_iter102aq_booking_shortener_contract" name="test_post_sessions_creates_requested_with_supplied_terms" time="1.498" /><testcase classname="backend.tests.test_iter102aq_booking_shortener_contract" name="test_payment_intent_blocked_before_acceptance" time="0.505" /><testcase classname="backend.tests.test_iter102aq_booking_shortener_contract" name="test_accept_flips_flags_for_outdoor" time="0.693" /><testcase classname="backend.tests.test_iter102aq_booking_shortener_contract" name="test_payment_intent_passes_gate_after_acceptance" time="1.081" /><testcase classname="backend.tests.test_iter102aq_booking_shortener_contract" name="test_get_session_surfaces_required_fields" time="0.631" /><testcase classname="backend.tests.test_iter102aq_booking_shortener_contract" name="test_video_call_link_roundtrip_valid" time="0.285" /><testcase classname="backend.tests.test_iter102aq_booking_shortener_contract" name="test_video_call_link_rejects_invalid_scheme" time="0.115" /><testcase classname="backend.tests.test_iter102aq_booking_shortener_contract" name="test_video_call_link_rejects_cross_account" time="0.142" /><testcase classname="backend.tests.test_iter102aq_booking_shortener_contract" name="test_unverified_trainer_cannot_accept" time="0.550" /><testcase classname="backend.tests.test_iter102aq_booking_shortener_contract" name="test_pricing_chain_outdoor_60_with_tier_rate" time="0.424" /></testsuite></testsuites>