<?xml version="1.0" encoding="utf-8"?><testsuites name="pytest tests"><testsuite name="pytest" errors="0" failures="0" skipped="0" tests="10" time="2.672" timestamp="2026-06-01T15:16:21.021275+00:00" hostname="agent-env-fb4edd1c-c968-47d4-928a-9043a1bd22b6"><testcase classname="backend.tests.test_iteration82_trainee_vibrancy" name="test_vibe_set_clear" time="0.836" /><testcase classname="backend.tests.test_iteration82_trainee_vibrancy" name="test_accent_color_valid_and_invalid" time="0.100" /><testcase classname="backend.tests.test_iteration82_trainee_vibrancy" name="test_bio_update" time="0.172" /><testcase classname="backend.tests.test_iteration82_trainee_vibrancy" name="test_highlights_base64_lifecycle" time="0.570" /><testcase classname="backend.tests.test_iteration82_trainee_vibrancy" name="test_profile_response_surfaces_showcase_keys" time="0.136" /><testcase classname="backend.tests.test_iteration82_trainee_vibrancy" name="test_cross_user_vibe_update_blocked" time="0.387" /><testcase classname="backend.tests.test_iteration82_trainee_vibrancy" name="test_cross_user_highlight_upload_blocked" time="0.051" /><testcase classname="backend.tests.test_iteration82_trainee_vibrancy" name="test_discover_trainees_returns_showcase_users" time="0.170" /><testcase classname="backend.tests.test_iteration82_trainee_vibrancy" name="test_discover_excludes_current_user" time="0.052" /><testcase classname="backend.tests.test_iteration82_trainee_vibrancy" name="test_discover_requires_auth" time="0.131" /></testsuite></testsuites>