<?xml version="1.0" encoding="utf-8"?><testsuites name="pytest tests"><testsuite name="pytest" errors="0" failures="0" skipped="0" tests="16" time="11.777" timestamp="2026-03-09T03:38:50.236996+00:00" hostname="agent-env-be6d7e80-86e9-4b5d-975f-c20687731f26"><testcase classname="backend.tests.test_iteration41_session_countdown.TestHealthAndAuth" name="test_api_health" time="0.271" /><testcase classname="backend.tests.test_iteration41_session_countdown.TestHealthAndAuth" name="test_admin_login_returns_access_token" time="0.367" /><testcase classname="backend.tests.test_iteration41_session_countdown.TestSessionEndpointsExists" name="test_trainer_sessions_endpoint_exists" time="0.510" /><testcase classname="backend.tests.test_iteration41_session_countdown.TestSessionEndpointsExists" name="test_trainee_sessions_endpoint_exists" time="0.136" /><testcase classname="backend.tests.test_iteration41_session_countdown.TestFullVerificationFlowWithCountdown" name="test_full_verification_flow_with_timer" time="1.921" /><testcase classname="backend.tests.test_iteration41_session_countdown.TestFullVerificationFlowWithCountdown" name="test_session_started_at_in_trainer_sessions_list" time="0.439" /><testcase classname="backend.tests.test_iteration41_session_countdown.TestFullVerificationFlowWithCountdown" name="test_session_started_at_in_trainee_sessions_list" time="0.117" /><testcase classname="backend.tests.test_iteration41_session_countdown.TestTimerCalculationsForDifferentDurations" name="test_timer_remaining_seconds_for_duration[30-1800]" time="1.730" /><testcase classname="backend.tests.test_iteration41_session_countdown.TestTimerCalculationsForDifferentDurations" name="test_timer_remaining_seconds_for_duration[45-2700]" time="0.461" /><testcase classname="backend.tests.test_iteration41_session_countdown.TestTimerCalculationsForDifferentDurations" name="test_timer_remaining_seconds_for_duration[60-3600]" time="0.451" /><testcase classname="backend.tests.test_iteration41_session_countdown.TestCanStartEndpoint" name="test_virtual_session_can_start_without_verification" time="1.563" /><testcase classname="backend.tests.test_iteration41_session_countdown.TestCanStartEndpoint" name="test_outdoor_session_cannot_start_before_verification" time="0.233" /><testcase classname="backend.tests.test_iteration41_session_countdown.TestAdminEndpointsAuthorization" name="test_admin_endpoints_return_403_for_non_admin" time="0.763" /><testcase classname="backend.tests.test_iteration41_session_countdown.TestAdminEndpointsAuthorization" name="test_admin_endpoints_return_200_for_admin" time="0.834" /><testcase classname="backend.tests.test_iteration41_session_countdown.TestTokenReusePreventionAndInvalidTokens" name="test_used_token_returns_400" time="1.747" /><testcase classname="backend.tests.test_iteration41_session_countdown.TestTokenReusePreventionAndInvalidTokens" name="test_invalid_token_returns_400" time="0.103" /></testsuite></testsuites>