<?xml version="1.0" encoding="utf-8"?><testsuites name="pytest tests"><testsuite name="pytest" errors="0" failures="0" skipped="0" tests="16" time="10.768" timestamp="2026-04-10T15:36:58.912023+00:00" hostname="agent-env-8b4f778d-fc8e-4d3d-ba9e-55a18da786e3"><testcase classname="backend.tests.test_iteration59_vibe_music.TestMusicSearch" name="test_music_search_eminem" time="0.522" /><testcase classname="backend.tests.test_iteration59_vibe_music.TestMusicSearch" name="test_music_search_various_artists" time="1.447" /><testcase classname="backend.tests.test_iteration59_vibe_music.TestMusicSearch" name="test_music_search_limit_parameter" time="0.430" /><testcase classname="backend.tests.test_iteration59_vibe_music.TestMusicSearch" name="test_music_search_short_query_rejected" time="0.155" /><testcase classname="backend.tests.test_iteration59_vibe_music.TestMusicSearch" name="test_music_search_no_auth_required" time="0.384" /><testcase classname="backend.tests.test_iteration59_vibe_music.TestVibeEndpoints" name="test_vibe_update_requires_auth" time="0.707" /><testcase classname="backend.tests.test_iteration59_vibe_music.TestVibeEndpoints" name="test_vibe_update_rejects_non_owner" time="0.936" /><testcase classname="backend.tests.test_iteration59_vibe_music.TestVibeEndpoints" name="test_vibe_update_success" time="0.659" /><testcase classname="backend.tests.test_iteration59_vibe_music.TestVibeEndpoints" name="test_vibe_in_profile_response" time="0.667" /><testcase classname="backend.tests.test_iteration59_vibe_music.TestVibeEndpoints" name="test_vibe_delete_requires_auth" time="0.608" /><testcase classname="backend.tests.test_iteration59_vibe_music.TestVibeEndpoints" name="test_vibe_delete_rejects_non_owner" time="0.928" /><testcase classname="backend.tests.test_iteration59_vibe_music.TestVibeEndpoints" name="test_vibe_delete_success" time="0.866" /><testcase classname="backend.tests.test_iteration59_vibe_music.TestVibeEndpoints" name="test_vibe_full_flow" time="1.289" /><testcase classname="backend.tests.test_iteration59_vibe_music.TestAuthenticationBasics" name="test_trainer_login" time="0.360" /><testcase classname="backend.tests.test_iteration59_vibe_music.TestAuthenticationBasics" name="test_trainee_login" time="0.341" /><testcase classname="backend.tests.test_iteration59_vibe_music.TestAuthenticationBasics" name="test_admin_login" time="0.394" /></testsuite></testsuites>