<?xml version="1.0" encoding="utf-8"?><testsuites name="pytest tests"><testsuite name="pytest" errors="0" failures="0" skipped="5" tests="20" time="8.699" timestamp="2026-03-24T19:49:09.303297+00:00" hostname="agent-env-9e55dc1b-33bb-42eb-8e64-706f9ce22a7b"><testcase classname="backend.tests.test_iteration45_location_arrival.TestLocationProposal" name="test_trainer_can_propose_location" time="1.149"><skipped type="pytest.skip" message="Could not create or find outdoor session for testing">/app/backend/tests/test_iteration45_location_arrival.py:85: Could not create or find outdoor session for testing</skipped></testcase><testcase classname="backend.tests.test_iteration45_location_arrival.TestLocationProposal" name="test_trainee_cannot_propose_location" time="0.000"><skipped type="pytest.skip" message="Could not create or find outdoor session for testing">/app/backend/tests/test_iteration45_location_arrival.py:107: Could not create or find outdoor session for testing</skipped></testcase><testcase classname="backend.tests.test_iteration45_location_arrival.TestLocationProposal" name="test_propose_location_empty_rejected" time="0.000"><skipped type="pytest.skip" message="Could not create or find outdoor session for testing">/app/backend/tests/test_iteration45_location_arrival.py:122: Could not create or find outdoor session for testing</skipped></testcase><testcase classname="backend.tests.test_iteration45_location_arrival.TestLocationProposal" name="test_propose_location_invalid_session" time="0.116" /><testcase classname="backend.tests.test_iteration45_location_arrival.TestLocationAgreement" name="test_trainee_can_agree_to_location" time="1.103" /><testcase classname="backend.tests.test_iteration45_location_arrival.TestLocationAgreement" name="test_trainee_can_counter_propose" time="0.113"><skipped type="pytest.skip" message="Could not create session for counter-proposal test">/app/backend/tests/test_iteration45_location_arrival.py:230: Could not create session for counter-proposal test</skipped></testcase><testcase classname="backend.tests.test_iteration45_location_arrival.TestLocationAgreement" name="test_trainer_cannot_agree_to_location" time="0.117" /><testcase classname="backend.tests.test_iteration45_location_arrival.TestTrainerArrival" name="test_trainer_can_confirm_arrival" time="1.122" /><testcase classname="backend.tests.test_iteration45_location_arrival.TestTrainerArrival" name="test_trainee_cannot_confirm_trainer_arrival" time="0.109" /><testcase classname="backend.tests.test_iteration45_location_arrival.TestTrainerArrival" name="test_trainer_arrival_invalid_session" time="0.410" /><testcase classname="backend.tests.test_iteration45_location_arrival.TestTraineeArrival" name="test_trainee_can_confirm_arrival" time="1.333" /><testcase classname="backend.tests.test_iteration45_location_arrival.TestTraineeArrival" name="test_trainer_cannot_confirm_trainee_arrival" time="0.125" /><testcase classname="backend.tests.test_iteration45_location_arrival.TestTraineeArrival" name="test_trainee_arrival_invalid_session" time="0.129" /><testcase classname="backend.tests.test_iteration45_location_arrival.TestBothArrivedFlow" name="test_both_arrived_flag_true_when_both_confirm" time="0.793"><skipped type="pytest.skip" message="Could not create session for both-arrived test">/app/backend/tests/test_iteration45_location_arrival.py:477: Could not create session for both-arrived test</skipped></testcase><testcase classname="backend.tests.test_iteration45_location_arrival.TestEdgeCases" name="test_unauthenticated_propose_location" time="0.114" /><testcase classname="backend.tests.test_iteration45_location_arrival.TestEdgeCases" name="test_unauthenticated_agree_location" time="0.153" /><testcase classname="backend.tests.test_iteration45_location_arrival.TestEdgeCases" name="test_unauthenticated_trainer_arrived" time="0.193" /><testcase classname="backend.tests.test_iteration45_location_arrival.TestEdgeCases" name="test_unauthenticated_trainee_arrived" time="0.120" /><testcase classname="backend.tests.test_iteration45_location_arrival.TestEdgeCases" name="test_nonexistent_session_propose_location" time="0.465" /><testcase classname="backend.tests.test_iteration45_location_arrival.TestAPIServiceMethods" name="test_sessions_api_get_session" time="0.826" /></testsuite></testsuites>