<?xml version="1.0" encoding="utf-8"?><testsuites name="pytest tests"><testsuite name="pytest" errors="0" failures="0" skipped="0" tests="16" time="5.924" timestamp="2026-03-04T16:38:09.249680+00:00" hostname="agent-env-96a97a9b-6968-4a58-9161-43339b157b55"><testcase classname="backend.tests.test_iteration26_stripe_connect.TestHealthEndpoint" name="test_health_check" time="0.236" /><testcase classname="backend.tests.test_iteration26_stripe_connect.TestAdminLogin" name="test_admin_login" time="0.372" /><testcase classname="backend.tests.test_iteration26_stripe_connect.TestTrainerConnectEndpoints" name="test_trainer_connect_status_new_user" time="0.545" /><testcase classname="backend.tests.test_iteration26_stripe_connect.TestTrainerConnectEndpoints" name="test_trainer_connect_onboard" time="0.464" /><testcase classname="backend.tests.test_iteration26_stripe_connect.TestTrainerConnectEndpoints" name="test_trainer_connect_status_requires_auth" time="0.112" /><testcase classname="backend.tests.test_iteration26_stripe_connect.TestAdminPayoutEndpoints" name="test_admin_pending_payouts" time="0.452" /><testcase classname="backend.tests.test_iteration26_stripe_connect.TestAdminPayoutEndpoints" name="test_admin_pending_payouts_requires_admin" time="0.519" /><testcase classname="backend.tests.test_iteration26_stripe_connect.TestAdminPayoutEndpoints" name="test_admin_payout_history" time="0.122" /><testcase classname="backend.tests.test_iteration26_stripe_connect.TestAdminPayoutEndpoints" name="test_admin_pay_trainer_no_stripe_account" time="0.499" /><testcase classname="backend.tests.test_iteration26_stripe_connect.TestAdminPayoutEndpoints" name="test_admin_pay_trainer_invalid_trainer" time="0.109" /><testcase classname="backend.tests.test_iteration26_stripe_connect.TestAdminPayoutEndpoints" name="test_admin_pay_all" time="0.118" /><testcase classname="backend.tests.test_iteration26_stripe_connect.TestSessionEndpoints" name="test_trainer_sessions_endpoint" time="0.592" /><testcase classname="backend.tests.test_iteration26_stripe_connect.TestSessionEndpoints" name="test_trainee_sessions_endpoint" time="0.558" /><testcase classname="backend.tests.test_iteration26_stripe_connect.TestSessionCancellation" name="test_session_cancel_endpoint_exists" time="0.482" /><testcase classname="backend.tests.test_iteration26_stripe_connect.TestSessionCancellation" name="test_session_cancel_requires_auth" time="0.122" /><testcase classname="backend.tests.test_iteration26_stripe_connect.TestPayoutMinimumThreshold" name="test_payout_minimum_is_35_dollars" time="0.497" /></testsuite></testsuites>