<?xml version="1.0" encoding="utf-8"?><testsuites name="pytest tests"><testsuite name="pytest" errors="0" failures="0" skipped="0" tests="20" time="5.827" timestamp="2026-04-10T17:50:28.056650+00:00" hostname="agent-env-a2b3cef2-fc13-4dbf-9dd1-d3a8276a39dc"><testcase classname="backend.tests.test_iteration62_personality_tags.TestPersonalityTagEndpoints" name="test_trainer_set_valid_personality_tag_intense" time="0.303" /><testcase classname="backend.tests.test_iteration62_personality_tags.TestPersonalityTagEndpoints" name="test_trainer_set_valid_personality_tag_beast_mode" time="0.280" /><testcase classname="backend.tests.test_iteration62_personality_tags.TestPersonalityTagEndpoints" name="test_trainer_set_all_valid_tags" time="0.604" /><testcase classname="backend.tests.test_iteration62_personality_tags.TestPersonalityTagEndpoints" name="test_trainer_invalid_personality_tag_returns_400" time="0.307" /><testcase classname="backend.tests.test_iteration62_personality_tags.TestPersonalityTagEndpoints" name="test_trainer_clear_personality_tag_with_empty_string" time="0.358" /><testcase classname="backend.tests.test_iteration62_personality_tags.TestPersonalityTagEndpoints" name="test_trainer_clear_personality_tag_with_null" time="0.417" /><testcase classname="backend.tests.test_iteration62_personality_tags.TestPersonalityTagEndpoints" name="test_trainer_get_profile_includes_personality_tag" time="0.312" /><testcase classname="backend.tests.test_iteration62_personality_tags.TestPersonalityTagEndpoints" name="test_trainer_cannot_update_other_user_tag" time="0.275" /><testcase classname="backend.tests.test_iteration62_personality_tags.TestPersonalityTagEndpoints" name="test_trainer_personality_tag_requires_auth" time="0.002" /><testcase classname="backend.tests.test_iteration62_personality_tags.TestPersonalityTagEndpoints" name="test_trainee_set_valid_personality_tag_chill" time="0.287" /><testcase classname="backend.tests.test_iteration62_personality_tags.TestPersonalityTagEndpoints" name="test_trainee_set_valid_personality_tag_zen" time="0.281" /><testcase classname="backend.tests.test_iteration62_personality_tags.TestPersonalityTagEndpoints" name="test_trainee_set_all_valid_tags" time="0.701" /><testcase classname="backend.tests.test_iteration62_personality_tags.TestPersonalityTagEndpoints" name="test_trainee_invalid_personality_tag_returns_400" time="0.268" /><testcase classname="backend.tests.test_iteration62_personality_tags.TestPersonalityTagEndpoints" name="test_trainee_clear_personality_tag_with_empty_string" time="0.326" /><testcase classname="backend.tests.test_iteration62_personality_tags.TestPersonalityTagEndpoints" name="test_trainee_clear_personality_tag_with_null" time="0.323" /><testcase classname="backend.tests.test_iteration62_personality_tags.TestPersonalityTagEndpoints" name="test_trainee_get_profile_includes_personality_tag" time="0.344" /><testcase classname="backend.tests.test_iteration62_personality_tags.TestPersonalityTagEndpoints" name="test_trainee_cannot_update_other_user_tag" time="0.302" /><testcase classname="backend.tests.test_iteration62_personality_tags.TestPersonalityTagEndpoints" name="test_trainee_personality_tag_requires_auth" time="0.003" /><testcase classname="backend.tests.test_iteration62_personality_tags.TestBackendHealth" name="test_backend_health_check" time="0.005" /><testcase classname="backend.tests.test_iteration62_personality_tags.TestBackendHealth" name="test_api_root" time="0.002" /></testsuite></testsuites>