<?xml version="1.0" encoding="utf-8"?><testsuites name="pytest tests"><testsuite name="pytest" errors="0" failures="0" skipped="0" tests="25" time="8.304" timestamp="2026-03-05T00:30:54.822168+00:00" hostname="agent-env-13166c1f-7244-4573-9bc4-a4a269cf8c1d"><testcase classname="backend.tests.test_iteration29_refactoring_regression.TestAdminAuthentication" name="test_admin_login_success" time="0.397" /><testcase classname="backend.tests.test_iteration29_refactoring_regression.TestAdminAuthentication" name="test_admin_login_invalid_credentials" time="0.368" /><testcase classname="backend.tests.test_iteration29_refactoring_regression.TestAdminDashboard" name="test_admin_dashboard_returns_stats" time="0.450" /><testcase classname="backend.tests.test_iteration29_refactoring_regression.TestAdminDashboard" name="test_admin_dashboard_requires_auth" time="0.139" /><testcase classname="backend.tests.test_iteration29_refactoring_regression.TestAdminDashboard" name="test_admin_dashboard_requires_admin_role" time="0.486" /><testcase classname="backend.tests.test_iteration29_refactoring_regression.TestAdminUsersList" name="test_admin_users_list" time="0.446" /><testcase classname="backend.tests.test_iteration29_refactoring_regression.TestAdminUsersList" name="test_admin_users_list_with_pagination" time="0.126" /><testcase classname="backend.tests.test_iteration29_refactoring_regression.TestAdminUsersList" name="test_admin_users_list_with_role_filter" time="0.131" /><testcase classname="backend.tests.test_iteration29_refactoring_regression.TestAdminVerifications" name="test_admin_pending_verifications" time="0.467" /><testcase classname="backend.tests.test_iteration29_refactoring_regression.TestAdminVerifications" name="test_admin_verifications_requires_admin" time="0.137" /><testcase classname="backend.tests.test_iteration29_refactoring_regression.TestAdminSessions" name="test_admin_sessions_list" time="0.447" /><testcase classname="backend.tests.test_iteration29_refactoring_regression.TestAdminSessions" name="test_admin_sessions_with_status_filter" time="0.135" /><testcase classname="backend.tests.test_iteration29_refactoring_regression.TestAdminTransactions" name="test_admin_transactions_enriched" time="0.452" /><testcase classname="backend.tests.test_iteration29_refactoring_regression.TestAdminPayouts" name="test_admin_pending_payouts" time="0.445" /><testcase classname="backend.tests.test_iteration29_refactoring_regression.TestAdminPayouts" name="test_admin_payout_history" time="0.108" /><testcase classname="backend.tests.test_iteration29_refactoring_regression.TestAdminTopTrainers" name="test_admin_top_trainers" time="0.469" /><testcase classname="backend.tests.test_iteration29_refactoring_regression.TestAdminTopTrainers" name="test_admin_top_trainers_different_periods" time="0.244" /><testcase classname="backend.tests.test_iteration29_refactoring_regression.TestTraineeConvenienceFeatures" name="test_trainee_recent_trainers" time="0.448" /><testcase classname="backend.tests.test_iteration29_refactoring_regression.TestTraineeConvenienceFeatures" name="test_trainee_streak" time="0.108" /><testcase classname="backend.tests.test_iteration29_refactoring_regression.TestTraineeConvenienceFeatures" name="test_trainee_favorite_availability" time="0.116" /><testcase classname="backend.tests.test_iteration29_refactoring_regression.TestTrainerGoLive" name="test_trainer_go_live" time="0.448" /><testcase classname="backend.tests.test_iteration29_refactoring_regression.TestTrainerGoLive" name="test_trainer_go_offline" time="0.223" /><testcase classname="backend.tests.test_iteration29_refactoring_regression.TestStripeConnect" name="test_stripe_connect_status" time="1.081" /><testcase classname="backend.tests.test_iteration29_refactoring_regression.TestHealthEndpoint" name="test_root_health" time="0.107" /><testcase classname="backend.tests.test_iteration29_refactoring_regression.TestHealthEndpoint" name="test_api_health" time="0.223" /></testsuite></testsuites>