<?xml version="1.0" encoding="utf-8"?><testsuites name="pytest tests"><testsuite name="pytest" errors="0" failures="0" skipped="0" tests="22" time="11.294" timestamp="2026-04-17T19:55:00.279531+00:00" hostname="agent-env-fb4edd1c-c968-47d4-928a-9043a1bd22b6"><testcase classname="test_iteration68_comprehensive.TestAuthLogin" name="test_admin_login_returns_access_token" time="0.398" /><testcase classname="test_iteration68_comprehensive.TestAuthLogin" name="test_trainer_login_returns_access_token" time="0.350" /><testcase classname="test_iteration68_comprehensive.TestAuthLogin" name="test_trainee_login_returns_access_token" time="0.345" /><testcase classname="test_iteration68_comprehensive.TestAuthLogin" name="test_invalid_credentials_returns_401" time="0.130" /><testcase classname="test_iteration68_comprehensive.TestAdminDashboard" name="test_dashboard_returns_stats" time="0.475" /><testcase classname="test_iteration68_comprehensive.TestAdminVerifications" name="test_pending_verifications_returns_array" time="0.449" /><testcase classname="test_iteration68_comprehensive.TestAdminVerifications" name="test_approved_trainers_returns_array" time="0.465" /><testcase classname="test_iteration68_comprehensive.TestAdminVerifications" name="test_unverified_trainers_returns_array" time="0.476" /><testcase classname="test_iteration68_comprehensive.TestBackgroundCheckStatus" name="test_set_background_check_passed" time="0.838" /><testcase classname="test_iteration68_comprehensive.TestBackgroundCheckStatus" name="test_set_background_check_pending" time="0.813" /><testcase classname="test_iteration68_comprehensive.TestBackgroundCheckStatus" name="test_set_background_check_failed" time="0.871" /><testcase classname="test_iteration68_comprehensive.TestBackgroundCheckStatus" name="test_set_background_check_invalid_status" time="0.825" /><testcase classname="test_iteration68_comprehensive.TestBackgroundCheckStatus" name="test_background_check_requires_admin" time="0.813" /><testcase classname="test_iteration68_comprehensive.TestTrainerProfile" name="test_get_trainer_profile_returns_avatar_url" time="0.477" /><testcase classname="test_iteration68_comprehensive.TestTrainerProfile" name="test_get_trainer_highlights" time="0.502" /><testcase classname="test_iteration68_comprehensive.TestVibeEndpoints" name="test_update_vibe_requires_auth" time="0.450" /><testcase classname="test_iteration68_comprehensive.TestVibeEndpoints" name="test_delete_vibe_requires_auth" time="0.460" /><testcase classname="test_iteration68_comprehensive.TestVibeEndpoints" name="test_update_vibe_with_auth" time="0.793" /><testcase classname="test_iteration68_comprehensive.TestMusicSearch" name="test_music_search_returns_results" time="0.223" /><testcase classname="test_iteration68_comprehensive.TestBackgroundPII" name="test_submit_background_pii_validates_required_fields" time="0.457" /><testcase classname="test_iteration68_comprehensive.TestBackgroundPII" name="test_submit_background_pii_with_all_fields" time="0.486" /><testcase classname="test_iteration68_comprehensive.TestHealthEndpoint" name="test_health_endpoint" time="0.106" /></testsuite></testsuites>