<?xml version="1.0" encoding="utf-8"?><testsuites name="pytest tests"><testsuite name="pytest" errors="0" failures="2" skipped="0" tests="21" time="9.848" timestamp="2026-02-26T20:24:21.377737+00:00" hostname="agent-env-684430b2-5b29-408a-a5ab-81d87feeef9e"><testcase classname="backend.tests.test_iteration6_retest.TestBugFix_Sessions" name="test_get_trainee_sessions_returns_200" time="0.592" /><testcase classname="backend.tests.test_iteration6_retest.TestBugFix_Sessions" name="test_get_trainer_sessions_returns_200" time="0.489" /><testcase classname="backend.tests.test_iteration6_retest.TestRegression_Auth" name="test_login_trainer1" time="0.370" /><testcase classname="backend.tests.test_iteration6_retest.TestRegression_Auth" name="test_login_trainee1" time="0.357" /><testcase classname="backend.tests.test_iteration6_retest.TestRegression_Auth" name="test_login_admin" time="0.349" /><testcase classname="backend.tests.test_iteration6_retest.TestRegression_Payments" name="test_create_payment_intent" time="1.032" /><testcase classname="backend.tests.test_iteration6_retest.TestRegression_TrainerVerification" name="test_get_verification_status_returns_7_steps" time="0.502" /><testcase classname="backend.tests.test_iteration6_retest.TestRegression_TrainerEarnings" name="test_get_trainer_earnings" time="0.505"><failure message="AssertionError: Should have pendingPayoutCents&#10;assert 'pendingPayoutCents' in {'dailyBreakdown': [{'date': '02/23', 'day': 'Mon', 'earningsCents': 2400, 'sessions': 1}, {'date': '02/24', 'day': 'Tue', 'earningsCents': 0, 'sessions': 0}, {'date': '02/25', 'day': 'Wed', 'earningsCents': 0, 'sessions': 0}, {'date': '02/26', 'day': 'Thu', 'earningsCents': 3000, 'sessions': 1}, {'date': '02/27', 'day': 'Fri', 'earningsCents': 0, 'sessions': 0}, {'date': '02/28', 'day': 'Sat', 'earningsCents': 0, 'sessions': 0}, ...], 'lastMonthEarningsCents': 0, 'lastWeekEarningsCents': 0, 'monthEarningsCents': 5400, ...}">backend/tests/test_iteration6_retest.py:217: in test_get_trainer_earnings
    assert "pendingPayoutCents" in data, "Should have pendingPayoutCents"
E   AssertionError: Should have pendingPayoutCents
E   assert 'pendingPayoutCents' in {'dailyBreakdown': [{'date': '02/23', 'day': 'Mon', 'earningsCents': 2400, 'sessions': 1}, {'date': '02/24', 'day': 'Tue', 'earningsCents': 0, 'sessions': 0}, {'date': '02/25', 'day': 'Wed', 'earningsCents': 0, 'sessions': 0}, {'date': '02/26', 'day': 'Thu', 'earningsCents': 3000, 'sessions': 1}, {'date': '02/27', 'day': 'Fri', 'earningsCents': 0, 'sessions': 0}, {'date': '02/28', 'day': 'Sat', 'earningsCents': 0, 'sessions': 0}, ...], 'lastMonthEarningsCents': 0, 'lastWeekEarningsCents': 0, 'monthEarningsCents': 5400, ...}</failure></testcase><testcase classname="backend.tests.test_iteration6_retest.TestRegression_AdminDashboard" name="test_get_admin_dashboard_stats" time="0.657" /><testcase classname="backend.tests.test_iteration6_retest.TestRegression_Memberships" name="test_membership_duplicate_rejection" time="0.553" /><testcase classname="backend.tests.test_iteration6_retest.TestRegression_Boosts" name="test_get_my_boosts" time="0.669" /><testcase classname="backend.tests.test_iteration6_retest.TestRegression_Ratings" name="test_get_trainer_ratings_with_trainee_name" time="0.172" /><testcase classname="backend.tests.test_iteration6_retest.TestRegression_Messaging" name="test_get_conversations" time="0.553" /><testcase classname="backend.tests.test_iteration6_retest.TestFullFlow_SessionLifecycle" name="test_get_trainer2_id" time="0.483" /><testcase classname="backend.tests.test_iteration6_retest.TestFullFlow_SessionLifecycle" name="test_get_trainee2_id" time="0.494" /><testcase classname="backend.tests.test_iteration6_retest.TestFullFlow_SessionLifecycle" name="test_trainee2_sessions_endpoint" time="0.216" /><testcase classname="backend.tests.test_iteration6_retest.TestFullFlow_SessionLifecycle" name="test_trainer2_sessions_endpoint" time="0.127" /><testcase classname="backend.tests.test_iteration6_retest.TestRegression_Misc" name="test_health_endpoint" time="0.178" /><testcase classname="backend.tests.test_iteration6_retest.TestRegression_Misc" name="test_get_pricing_rules" time="0.124" /><testcase classname="backend.tests.test_iteration6_retest.TestRegression_Misc" name="test_trainer_pricing_limits" time="0.567" /><testcase classname="backend.tests.test_iteration6_retest.TestRegression_Misc" name="test_nearby_trainers" time="0.727"><failure message="AssertionError: Should return a list of trainers&#10;assert False&#10; +  where False = isinstance({'count': 2, 'radiusMiles': 50.0, 'searchLocation': {'latitude': 40.7128, 'longitude': -74.006}, 'trainers': [{'avatarUrl': None, 'averageRating': 4.8, 'bio': 'Certified personal trainer with over 5 years of experience helping clients achieve their fitness goals. Specializing in strength training, HIIT, and functional fitness.', 'distanceMiles': 0.0, ...}, {'avatarUrl': None, 'averageRating': 4.8, 'bio': 'Certified personal trainer with over 5 years of experience helping clients achieve their fitness goals. Specializing in strength training, HIIT, and functional fitness.', 'distanceMiles': 0.0, ...}]}, list)">backend/tests/test_iteration6_retest.py:472: in test_nearby_trainers
    assert isinstance(data, list), "Should return a list of trainers"
E   AssertionError: Should return a list of trainers
E   assert False
E    +  where False = isinstance({'count': 2, 'radiusMiles': 50.0, 'searchLocation': {'latitude': 40.7128, 'longitude': -74.006}, 'trainers': [{'avatarUrl': None, 'averageRating': 4.8, 'bio': 'Certified personal trainer with over 5 years of experience helping clients achieve their fitness goals. Specializing in strength training, HIIT, and functional fitness.', 'distanceMiles': 0.0, ...}, {'avatarUrl': None, 'averageRating': 4.8, 'bio': 'Certified personal trainer with over 5 years of experience helping clients achieve their fitness goals. Specializing in strength training, HIIT, and functional fitness.', 'distanceMiles': 0.0, ...}]}, list)</failure></testcase></testsuite></testsuites>