<?xml version="1.0" encoding="utf-8"?><testsuites name="pytest tests"><testsuite name="pytest" errors="0" failures="0" skipped="0" tests="20" time="7.701" timestamp="2026-04-09T14:29:16.945366+00:00" hostname="agent-env-8038f64f-8fd8-4286-96e6-f86e4d21dceb"><testcase classname="backend.tests.test_iteration57_premium_features.TestAuthLogin" name="test_admin_login_success" time="0.494" /><testcase classname="backend.tests.test_iteration57_premium_features.TestAuthLogin" name="test_trainer_login_success" time="0.379" /><testcase classname="backend.tests.test_iteration57_premium_features.TestAuthLogin" name="test_trainee_login_success" time="0.382" /><testcase classname="backend.tests.test_iteration57_premium_features.TestAuthLogin" name="test_login_invalid_credentials" time="0.135" /><testcase classname="backend.tests.test_iteration57_premium_features.TestAuthMe" name="test_auth_me_admin" time="0.645" /><testcase classname="backend.tests.test_iteration57_premium_features.TestAuthMe" name="test_auth_me_trainer" time="0.561" /><testcase classname="backend.tests.test_iteration57_premium_features.TestAuthMe" name="test_auth_me_trainee" time="0.501" /><testcase classname="backend.tests.test_iteration57_premium_features.TestAuthMe" name="test_auth_me_no_token" time="0.104" /><testcase classname="backend.tests.test_iteration57_premium_features.TestAuthMe" name="test_auth_me_invalid_token" time="0.099" /><testcase classname="backend.tests.test_iteration57_premium_features.TestTrainerProfiles" name="test_get_trainer_profile" time="0.450" /><testcase classname="backend.tests.test_iteration57_premium_features.TestTrainerProfiles" name="test_get_trainer_profile_public_access" time="0.496" /><testcase classname="backend.tests.test_iteration57_premium_features.TestAdminEarnings" name="test_admin_earnings_summary" time="0.552" /><testcase classname="backend.tests.test_iteration57_premium_features.TestAdminEarnings" name="test_admin_earnings_non_admin_forbidden" time="0.601" /><testcase classname="backend.tests.test_iteration57_premium_features.TestAdminEarnings" name="test_admin_earnings_no_auth" time="0.111" /><testcase classname="backend.tests.test_iteration57_premium_features.TestGalleryUpload" name="test_gallery_upload_with_auth" time="0.800" /><testcase classname="backend.tests.test_iteration57_premium_features.TestGalleryUpload" name="test_gallery_upload_no_auth" time="0.104" /><testcase classname="backend.tests.test_iteration57_premium_features.TestSocialLinks" name="test_update_social_links" time="0.471" /><testcase classname="backend.tests.test_iteration57_premium_features.TestSocialLinks" name="test_update_social_links_no_auth" time="0.100" /><testcase classname="backend.tests.test_iteration57_premium_features.TestGalleryUpdate" name="test_update_gallery" time="0.520" /><testcase classname="backend.tests.test_iteration57_premium_features.TestGalleryUpdate" name="test_update_gallery_no_auth" time="0.111" /></testsuite></testsuites>