<?xml version="1.0" encoding="utf-8"?><testsuites name="pytest tests"><testsuite name="pytest" errors="0" failures="0" skipped="0" tests="12" time="2.883" timestamp="2026-05-31T13:44:44.454584+00:00" hostname="agent-env-fb4edd1c-c968-47d4-928a-9043a1bd22b6"><testcase classname="backend.tests.test_iteration74_profile_photo_highlights.TestAuthRegression" name="test_admin_login" time="0.389" /><testcase classname="backend.tests.test_iteration74_profile_photo_highlights.TestAuthRegression" name="test_trainee_login" time="0.345" /><testcase classname="backend.tests.test_iteration74_profile_photo_highlights.TestAuthRegression" name="test_trainer_login" time="0.329" /><testcase classname="backend.tests.test_iteration74_profile_photo_highlights.TestTrainerProfilePhotoSync" name="test_post_with_legacy_profilePhoto_syncs_to_avatarUrl" time="0.432" /><testcase classname="backend.tests.test_iteration74_profile_photo_highlights.TestTrainerProfilePhotoSync" name="test_post_with_canonical_avatarUrl" time="0.181" /><testcase classname="backend.tests.test_iteration74_profile_photo_highlights.TestHighlights" name="test_upload_highlight_base64_and_retrieve_and_serve" time="0.589" /><testcase classname="backend.tests.test_iteration74_profile_photo_highlights.TestAdminVerification" name="test_verification_detail_has_steps_with_url_for_photo" time="0.190" /><testcase classname="backend.tests.test_iteration74_profile_photo_highlights.TestAdminVerification" name="test_approve_step_response_shape" time="0.062" /><testcase classname="backend.tests.test_iteration74_profile_photo_highlights.TestAdminVerification" name="test_approve_step_missing_stepId" time="0.053" /><testcase classname="backend.tests.test_iteration74_profile_photo_highlights.TestVerificationStatus" name="test_get_verification_status_shape" time="0.052" /><testcase classname="backend.tests.test_iteration74_profile_photo_highlights.TestBookingRegression" name="test_post_session_returns_requested" time="0.125" /><testcase classname="backend.tests.test_iteration74_profile_photo_highlights.TestBookingRegression" name="test_get_trainee_sessions_pending" time="0.061" /></testsuite></testsuites>