<?xml version="1.0" encoding="utf-8"?><testsuites name="pytest tests"><testsuite name="pytest" errors="0" failures="0" skipped="0" tests="18" time="7.574" timestamp="2026-04-10T18:09:48.157090+00:00" hostname="agent-env-a2b3cef2-fc13-4dbf-9dd1-d3a8276a39dc"><testcase classname="backend.tests.test_iteration63_refactoring_regression.TestHealthEndpoints" name="test_health_endpoint" time="0.161" /><testcase classname="backend.tests.test_iteration63_refactoring_regression.TestHealthEndpoints" name="test_api_health_endpoint" time="0.109" /><testcase classname="backend.tests.test_iteration63_refactoring_regression.TestAuthEndpoints" name="test_trainer_login" time="0.379" /><testcase classname="backend.tests.test_iteration63_refactoring_regression.TestAuthEndpoints" name="test_trainee_login" time="0.338" /><testcase classname="backend.tests.test_iteration63_refactoring_regression.TestAuthEndpoints" name="test_admin_login" time="0.436" /><testcase classname="backend.tests.test_iteration63_refactoring_regression.TestAuthEndpoints" name="test_get_me_with_valid_token" time="0.523" /><testcase classname="backend.tests.test_iteration63_refactoring_regression.TestAuthEndpoints" name="test_get_me_without_token" time="0.117" /><testcase classname="backend.tests.test_iteration63_refactoring_regression.TestAuthEndpoints" name="test_signup_new_user" time="0.337" /><testcase classname="backend.tests.test_iteration63_refactoring_regression.TestPersonalityTagEndpoints" name="test_trainer_set_valid_personality_tag" time="0.497" /><testcase classname="backend.tests.test_iteration63_refactoring_regression.TestPersonalityTagEndpoints" name="test_trainee_set_valid_personality_tag" time="0.451" /><testcase classname="backend.tests.test_iteration63_refactoring_regression.TestPersonalityTagEndpoints" name="test_trainer_invalid_personality_tag" time="0.485" /><testcase classname="backend.tests.test_iteration63_refactoring_regression.TestPersonalityTagEndpoints" name="test_trainee_invalid_personality_tag" time="0.546" /><testcase classname="backend.tests.test_iteration63_refactoring_regression.TestTrainerProfileEndpoints" name="test_get_trainer_profile_includes_personality_tag" time="0.550" /><testcase classname="backend.tests.test_iteration63_refactoring_regression.TestMusicSearchEndpoint" name="test_music_search" time="0.208" /><testcase classname="backend.tests.test_iteration63_refactoring_regression.TestImportsAndDependencies" name="test_pricing_rules_work" time="0.480" /><testcase classname="backend.tests.test_iteration63_refactoring_regression.TestImportsAndDependencies" name="test_verification_status_works" time="0.489" /><testcase classname="backend.tests.test_iteration63_refactoring_regression.TestDepsModuleFunctions" name="test_password_hashing_works" time="0.690" /><testcase classname="backend.tests.test_iteration63_refactoring_regression.TestDepsModuleFunctions" name="test_jwt_token_works" time="0.691" /></testsuite></testsuites>