<?xml version="1.0" encoding="utf-8"?><testsuites name="pytest tests"><testsuite name="pytest" errors="0" failures="0" skipped="0" tests="13" time="6.549" timestamp="2026-02-26T20:08:35.348123+00:00" hostname="agent-env-684430b2-5b29-408a-a5ab-81d87feeef9e"><testcase classname="backend.tests.test_iteration4_ratings_messaging.TestRatingsEndpoints" name="test_get_trainer_ratings_returns_traineename_field" time="0.327" /><testcase classname="backend.tests.test_iteration4_ratings_messaging.TestRatingsEndpoints" name="test_post_ratings_validates_session_exists" time="0.537" /><testcase classname="backend.tests.test_iteration4_ratings_messaging.TestRatingsEndpoints" name="test_post_ratings_with_invalid_session_fails" time="0.522" /><testcase classname="backend.tests.test_iteration4_ratings_messaging.TestMessagingSystem" name="test_get_conversations_returns_list_for_authenticated_user" time="0.550" /><testcase classname="backend.tests.test_iteration4_ratings_messaging.TestMessagingSystem" name="test_post_messages_creates_message_between_users" time="0.497" /><testcase classname="backend.tests.test_iteration4_ratings_messaging.TestMessagingSystem" name="test_get_conversation_messages_returns_messages" time="0.672" /><testcase classname="backend.tests.test_iteration4_ratings_messaging.TestMessagingSystem" name="test_get_conversations_unauthorized_fails" time="0.120" /><testcase classname="backend.tests.test_iteration4_ratings_messaging.TestMessagingSystem" name="test_get_messages_requires_participant_authorization" time="0.482" /><testcase classname="backend.tests.test_iteration4_ratings_messaging.TestRegressionBoosts" name="test_get_my_boosts_returns_trainer_boosts" time="0.524" /><testcase classname="backend.tests.test_iteration4_ratings_messaging.TestRegressionPayments" name="test_create_payment_intent_returns_error_or_paymentintentid" time="1.062" /><testcase classname="backend.tests.test_iteration4_ratings_messaging.TestRegressionTrainerEarnings" name="test_trainer_earnings_returns_full_breakdown" time="0.570" /><testcase classname="backend.tests.test_iteration4_ratings_messaging.TestRegressionAdminDashboard" name="test_admin_dashboard_returns_stats" time="0.448" /><testcase classname="backend.tests.test_iteration4_ratings_messaging.TestHealthCheck" name="test_api_health" time="0.121" /></testsuite></testsuites>