<?xml version="1.0" encoding="utf-8"?><testsuites name="pytest tests"><testsuite name="pytest" errors="0" failures="0" skipped="0" tests="28" time="13.613" timestamp="2026-03-07T03:04:24.490505+00:00" hostname="agent-env-d44a064d-0dff-4260-b451-202981b582ec"><testcase classname="backend.tests.test_iteration36_comprehensive_deployment.TestHealthCheck" name="test_api_health" time="0.268" /><testcase classname="backend.tests.test_iteration36_comprehensive_deployment.TestAuthEndpoints" name="test_login_admin_success" time="0.353" /><testcase classname="backend.tests.test_iteration36_comprehensive_deployment.TestAuthEndpoints" name="test_login_invalid_credentials" time="0.117" /><testcase classname="backend.tests.test_iteration36_comprehensive_deployment.TestAuthEndpoints" name="test_get_me_with_valid_token" time="0.466" /><testcase classname="backend.tests.test_iteration36_comprehensive_deployment.TestAuthEndpoints" name="test_change_password_wrong_current" time="0.792" /><testcase classname="backend.tests.test_iteration36_comprehensive_deployment.TestAuthEndpoints" name="test_change_password_short_new_password" time="0.737" /><testcase classname="backend.tests.test_iteration36_comprehensive_deployment.TestAdminEndpoints" name="test_admin_dashboard" time="0.498" /><testcase classname="backend.tests.test_iteration36_comprehensive_deployment.TestAdminEndpoints" name="test_admin_users" time="0.451" /><testcase classname="backend.tests.test_iteration36_comprehensive_deployment.TestAdminEndpoints" name="test_admin_sessions" time="0.491" /><testcase classname="backend.tests.test_iteration36_comprehensive_deployment.TestAdminEndpoints" name="test_admin_payouts" time="0.507" /><testcase classname="backend.tests.test_iteration36_comprehensive_deployment.TestSafetyEndpoints" name="test_safety_report" time="0.478" /><testcase classname="backend.tests.test_iteration36_comprehensive_deployment.TestFeedEndpoints" name="test_get_feed" time="0.518" /><testcase classname="backend.tests.test_iteration36_comprehensive_deployment.TestFeedEndpoints" name="test_create_feed_post" time="0.512" /><testcase classname="backend.tests.test_iteration36_comprehensive_deployment.TestFeedEndpoints" name="test_toggle_like" time="0.599" /><testcase classname="backend.tests.test_iteration36_comprehensive_deployment.TestProgressEndpoints" name="test_get_progress" time="0.583" /><testcase classname="backend.tests.test_iteration36_comprehensive_deployment.TestProgressEndpoints" name="test_get_progress_history" time="0.602" /><testcase classname="backend.tests.test_iteration36_comprehensive_deployment.TestTrainerToolsEndpoints" name="test_get_workout_plans" time="0.459" /><testcase classname="backend.tests.test_iteration36_comprehensive_deployment.TestTrainerToolsEndpoints" name="test_get_session_notes" time="0.545" /><testcase classname="backend.tests.test_iteration36_comprehensive_deployment.TestTrainerToolsEndpoints" name="test_create_note_requires_trainer" time="0.453" /><testcase classname="backend.tests.test_iteration36_comprehensive_deployment.TestTrainerToolsEndpoints" name="test_get_clients" time="0.499" /><testcase classname="backend.tests.test_iteration36_comprehensive_deployment.TestGroupSessionsEndpoints" name="test_get_group_sessions" time="0.570" /><testcase classname="backend.tests.test_iteration36_comprehensive_deployment.TestGroupSessionsEndpoints" name="test_create_group_session_requires_trainer" time="0.539" /><testcase classname="backend.tests.test_iteration36_comprehensive_deployment.TestMatchingEndpoints" name="test_ranked_search" time="0.446" /><testcase classname="backend.tests.test_iteration36_comprehensive_deployment.TestMatchingEndpoints" name="test_instant_match_requires_trainee" time="0.515" /><testcase classname="backend.tests.test_iteration36_comprehensive_deployment.TestMatchingEndpoints" name="test_virtual_instant_requires_trainee" time="0.472" /><testcase classname="backend.tests.test_iteration36_comprehensive_deployment.TestTrainerSearchEndpoints" name="test_search_trainers" time="0.518" /><testcase classname="backend.tests.test_iteration36_comprehensive_deployment.TestSessionEndpoints" name="test_get_trainee_sessions" time="0.503" /><testcase classname="backend.tests.test_iteration36_comprehensive_deployment.TestPricingRulesValidation" name="test_pricing_rules_values" time="0.000" /></testsuite></testsuites>