<?xml version="1.0" encoding="utf-8"?><testsuites name="pytest tests"><testsuite name="pytest" errors="0" failures="0" skipped="0" tests="33" time="7.298" timestamp="2026-04-10T21:42:36.340485+00:00" hostname="agent-env-13add8b0-a641-491c-8745-aca20ca57b93"><testcase classname="backend.tests.test_iteration66_profile_streak_payment_routes.TestAuthLogin" name="test_admin_login" time="0.429" /><testcase classname="backend.tests.test_iteration66_profile_streak_payment_routes.TestAuthLogin" name="test_trainer_login" time="0.342" /><testcase classname="backend.tests.test_iteration66_profile_streak_payment_routes.TestAuthLogin" name="test_trainee_login" time="0.338" /><testcase classname="backend.tests.test_iteration66_profile_streak_payment_routes.TestProfileRoutes" name="test_get_trainer_profile" time="0.824" /><testcase classname="backend.tests.test_iteration66_profile_streak_payment_routes.TestProfileRoutes" name="test_get_trainer_profile_not_found" time="0.111" /><testcase classname="backend.tests.test_iteration66_profile_streak_payment_routes.TestProfileRoutes" name="test_get_trainer_onboarding_status" time="0.121" /><testcase classname="backend.tests.test_iteration66_profile_streak_payment_routes.TestProfileRoutes" name="test_get_trainer_verification_status" time="0.112" /><testcase classname="backend.tests.test_iteration66_profile_streak_payment_routes.TestProfileRoutes" name="test_music_search" time="0.225" /><testcase classname="backend.tests.test_iteration66_profile_streak_payment_routes.TestProfileRoutes" name="test_get_trainer_highlights" time="0.128" /><testcase classname="backend.tests.test_iteration66_profile_streak_payment_routes.TestProfileRoutes" name="test_toggle_trainer_availability" time="0.138" /><testcase classname="backend.tests.test_iteration66_profile_streak_payment_routes.TestProfileRoutes" name="test_get_trainee_profile" time="0.804" /><testcase classname="backend.tests.test_iteration66_profile_streak_payment_routes.TestProfileRoutes" name="test_update_trainee_personality_tag" time="0.127" /><testcase classname="backend.tests.test_iteration66_profile_streak_payment_routes.TestStreakRoutes" name="test_get_my_streaks" time="0.117" /><testcase classname="backend.tests.test_iteration66_profile_streak_payment_routes.TestStreakRoutes" name="test_get_weekly_leaderboard" time="0.162" /><testcase classname="backend.tests.test_iteration66_profile_streak_payment_routes.TestStreakRoutes" name="test_get_trainer_achievements" time="0.116" /><testcase classname="backend.tests.test_iteration66_profile_streak_payment_routes.TestStreakRoutes" name="test_get_trainee_achievements" time="0.119" /><testcase classname="backend.tests.test_iteration66_profile_streak_payment_routes.TestStreakRoutes" name="test_trainer_achievements_requires_trainer_role" time="0.110" /><testcase classname="backend.tests.test_iteration66_profile_streak_payment_routes.TestStreakRoutes" name="test_trainee_achievements_requires_trainee_role" time="0.113" /><testcase classname="backend.tests.test_iteration66_profile_streak_payment_routes.TestPaymentRoutes" name="test_get_trainer_earnings" time="0.122" /><testcase classname="backend.tests.test_iteration66_profile_streak_payment_routes.TestPaymentRoutes" name="test_get_trainer_payout_requests" time="0.125" /><testcase classname="backend.tests.test_iteration66_profile_streak_payment_routes.TestPaymentRoutes" name="test_get_zelle_settings" time="0.184" /><testcase classname="backend.tests.test_iteration66_profile_streak_payment_routes.TestPaymentRoutes" name="test_get_trainer_zelle_info" time="0.115" /><testcase classname="backend.tests.test_iteration66_profile_streak_payment_routes.TestPaymentRoutes" name="test_get_pricing_rules" time="0.125" /><testcase classname="backend.tests.test_iteration66_profile_streak_payment_routes.TestPaymentRoutes" name="test_calculate_session_cost" time="0.155" /><testcase classname="backend.tests.test_iteration66_profile_streak_payment_routes.TestPaymentRoutes" name="test_get_trainee_receipts" time="0.137" /><testcase classname="backend.tests.test_iteration66_profile_streak_payment_routes.TestPaymentRoutes" name="test_get_trainer_receipts" time="0.118" /><testcase classname="backend.tests.test_iteration66_profile_streak_payment_routes.TestAdminRoutes" name="test_get_admin_trainers" time="0.470" /><testcase classname="backend.tests.test_iteration66_profile_streak_payment_routes.TestAdminRoutes" name="test_get_admin_revenue" time="0.107" /><testcase classname="backend.tests.test_iteration66_profile_streak_payment_routes.TestAdminRoutes" name="test_get_admin_pending_payouts" time="0.133" /><testcase classname="backend.tests.test_iteration66_profile_streak_payment_routes.TestAdminRoutes" name="test_get_admin_receipts" time="0.118" /><testcase classname="backend.tests.test_iteration66_profile_streak_payment_routes.TestAdminRoutes" name="test_admin_routes_require_admin" time="0.351" /><testcase classname="backend.tests.test_iteration66_profile_streak_payment_routes.TestHealthCheck" name="test_api_health" time="0.107" /><testcase classname="backend.tests.test_iteration66_profile_streak_payment_routes.TestHealthCheck" name="test_root_health" time="0.383" /></testsuite></testsuites>