<?xml version="1.0" encoding="utf-8"?><testsuites name="pytest tests"><testsuite name="pytest" errors="0" failures="0" skipped="0" tests="7" time="3.384" timestamp="2026-03-08T16:49:30.492423+00:00" hostname="agent-env-3aa1501b-ebdd-471e-ba81-0fa985caa55b"><testcase classname="tests.test_iteration39_bug_fixes.TestHealthAndAuth" name="test_health_endpoint" time="0.279" /><testcase classname="tests.test_iteration39_bug_fixes.TestHealthAndAuth" name="test_admin_login" time="0.407" /><testcase classname="tests.test_iteration39_bug_fixes.TestTrainerProfile" name="test_get_trainer_profile_returns_avatar_and_video_fields" time="0.667" /><testcase classname="tests.test_iteration39_bug_fixes.TestBackgroundCheckPII" name="test_submit_background_pii_success" time="0.478" /><testcase classname="tests.test_iteration39_bug_fixes.TestFavorites" name="test_toggle_favorite_returns_is_favorite" time="0.437" /><testcase classname="tests.test_iteration39_bug_fixes.TestSessionsWithGroupField" name="test_trainer_sessions_has_is_group_session_field" time="0.509" /><testcase classname="tests.test_iteration39_bug_fixes.TestSessionsWithGroupField" name="test_trainee_sessions_has_is_group_session_field" time="0.509" /></testsuite></testsuites>