<?xml version="1.0" encoding="utf-8"?><testsuites name="pytest tests"><testsuite name="pytest" errors="0" failures="0" skipped="3" tests="29" time="8.099" timestamp="2026-06-08T20:50:58.127048+00:00" hostname="agent-env-fb4edd1c-c968-47d4-928a-9043a1bd22b6"><testcase classname="backend.tests.test_iter102ah_pricing_consistency" name="test_trainer_profile_response_includes_tier_rates_and_assigned_tier" time="0.568" /><testcase classname="backend.tests.test_iter102ah_pricing_consistency" name="test_trainer_profile_returned_to_trainee_includes_tier_rates" time="0.502" /><testcase classname="backend.tests.test_iter102ah_pricing_consistency" name="test_nearby_trainers_includes_tier_rates" time="0.143"><skipped type="pytest.skip" message="No nearby trainers seeded in this DB.">/app/backend/tests/test_iter102ah_pricing_consistency.py:120: No nearby trainers seeded in this DB.</skipped></testcase><testcase classname="backend.tests.test_iter102ah_pricing_consistency" name="test_ranked_search_includes_tier_rates" time="0.139"><skipped type="pytest.skip" message="ranked-search returned empty list — no candidates seeded with lat/long.">/app/backend/tests/test_iter102ah_pricing_consistency.py:150: ranked-search returned empty list — no candidates seeded with lat/long.</skipped></testcase><testcase classname="backend.tests.test_iter102ah_pricing_consistency" name="test_trainers_search_includes_tier_rates" time="0.120"><skipped type="pytest.skip" message="trainers/search returned empty list.">/app/backend/tests/test_iter102ah_pricing_consistency.py:169: trainers/search returned empty list.</skipped></testcase><testcase classname="backend.tests.test_iter102ah_pricing_consistency" name="test_trainer_tier_rates_post_then_get_roundtrip" time="0.261" /><testcase classname="backend.tests.test_iter102ah_pricing_consistency" name="test_e2e_trainer_sets_rates_trainee_sees_them" time="0.273" /><testcase classname="backend.tests.test_iter102aj_accent_intensity" name="test_trainer_intensity_round_trip" time="0.357" /><testcase classname="backend.tests.test_iter102aj_accent_intensity" name="test_trainee_intensity_round_trip" time="0.353" /><testcase classname="backend.tests.test_iter102aj_accent_intensity" name="test_intensity_validation[1.5]" time="0.306" /><testcase classname="backend.tests.test_iter102aj_accent_intensity" name="test_intensity_validation[-0.1]" time="0.300" /><testcase classname="backend.tests.test_iter102aj_accent_intensity" name="test_intensity_validation[foo]" time="0.299" /><testcase classname="backend.tests.test_iter102aj_accent_intensity" name="test_intensity_validation[None]" time="0.300" /><testcase classname="backend.tests.test_iter102an_tier_pricing_chain" name="test_outdoor_60min_uses_tier_rate_not_legacy_default" time="0.000" /><testcase classname="backend.tests.test_iter102an_tier_pricing_chain" name="test_in_home_60min_also_uses_inperson_tier_rate" time="0.000" /><testcase classname="backend.tests.test_iter102an_tier_pricing_chain" name="test_virtual_uses_separate_virtual_tier" time="0.000" /><testcase classname="backend.tests.test_iter102an_tier_pricing_chain" name="test_fallback_to_legacy_when_no_tier_rate" time="0.000" /><testcase classname="backend.tests.test_iter102an_tier_pricing_chain" name="test_30min_session_picks_30min_tier" time="0.000" /><testcase classname="backend.tests.test_iter102ao_meeting_location_contract" name="test_trainee_sessions_surface_outdoor_location_fields" time="0.287" /><testcase classname="backend.tests.test_iter102ao_meeting_location_contract" name="test_trainer_sessions_surface_outdoor_location_fields" time="0.279" /><testcase classname="backend.tests.test_iter102ap_video_call_link" name="test_video_call_link_round_trip" time="0.353" /><testcase classname="backend.tests.test_iter102ap_video_call_link" name="test_video_call_link_rejects_non_url[hello world]" time="0.307" /><testcase classname="backend.tests.test_iter102ap_video_call_link" name="test_video_call_link_rejects_non_url[ftp://nope]" time="0.301" /><testcase classname="backend.tests.test_iter102ap_video_call_link" name="test_video_call_link_rejects_non_url[javascript:alert(1)]" time="0.301" /><testcase classname="backend.tests.test_iter102ap_video_call_link" name="test_video_call_link_rejects_non_url[ssh://server]" time="0.299" /><testcase classname="backend.tests.test_iter102ap_video_call_link" name="test_video_call_link_accepts_facetime_scheme" time="0.336" /><testcase classname="backend.tests.test_iter102ap_video_call_link" name="test_only_owner_can_update_link" time="0.574" /><testcase classname="backend.tests.test_iter102aq_accept_unlocks_payment" name="test_payment_intent_blocked_before_acceptance" time="0.331" /><testcase classname="backend.tests.test_iter102aq_accept_unlocks_payment" name="test_session_response_exposes_payment_ready_flag" time="0.306" /></testsuite></testsuites>