<?xml version="1.0" encoding="utf-8"?><testsuites name="pytest tests"><testsuite name="pytest" errors="0" failures="0" skipped="0" tests="11" time="5.303" timestamp="2026-04-07T02:23:48.804286+00:00" hostname="agent-env-e9f360b3-abd4-4d62-86c2-e4cd7c4b9876"><testcase classname="backend.tests.test_iteration50_receipt_list.TestTraineeReceiptsEndpoint" name="test_trainee_receipts_requires_auth" time="0.313" /><testcase classname="backend.tests.test_iteration50_receipt_list.TestTraineeReceiptsEndpoint" name="test_trainee_receipts_returns_list" time="0.413" /><testcase classname="backend.tests.test_iteration50_receipt_list.TestTraineeReceiptsEndpoint" name="test_trainee_receipts_correct_fields" time="0.386" /><testcase classname="backend.tests.test_iteration50_receipt_list.TestTraineeReceiptsEndpoint" name="test_trainee_receipts_pagination" time="0.638" /><testcase classname="backend.tests.test_iteration50_receipt_list.TestTrainerReceiptsEndpoint" name="test_trainer_receipts_requires_auth" time="0.618" /><testcase classname="backend.tests.test_iteration50_receipt_list.TestTrainerReceiptsEndpoint" name="test_trainer_receipts_returns_list" time="0.435" /><testcase classname="backend.tests.test_iteration50_receipt_list.TestTrainerReceiptsEndpoint" name="test_trainer_receipts_correct_fields" time="0.411" /><testcase classname="backend.tests.test_iteration50_receipt_list.TestTrainerReceiptsEndpoint" name="test_trainer_receipts_pagination" time="0.435" /><testcase classname="backend.tests.test_iteration50_receipt_list.TestEmptyReceiptsList" name="test_trainee_empty_receipts_list" time="0.420" /><testcase classname="backend.tests.test_iteration50_receipt_list.TestEmptyReceiptsList" name="test_trainer_empty_receipts_list" time="0.409" /><testcase classname="backend.tests.test_iteration50_receipt_list.TestReceiptsDataIntegrity" name="test_same_session_appears_in_both_lists" time="0.708" /></testsuite></testsuites>