<?xml version="1.0" encoding="utf-8"?><testsuites name="pytest tests"><testsuite name="pytest" errors="0" failures="6" skipped="0" tests="15" time="3.304" timestamp="2026-06-01T15:17:11.037931+00:00" hostname="agent-env-fb4edd1c-c968-47d4-928a-9043a1bd22b6"><testcase classname="backend.tests.test_iteration82_regression_and_edges" name="test_trainer_vibe_set_and_clear" time="0.661" /><testcase classname="backend.tests.test_iteration82_regression_and_edges" name="test_trainer_accent_color_valid_and_invalid" time="0.053"><failure message="AssertionError: {&quot;detail&quot;:&quot;Invalid accent color. Must be one of: ['#FF6A00', '#FF3D00', '#00D68F', '#6C5CE7', '#0984E3', '#FDBB2D', '#E84393', '#00CEC9', '#D63031', '#A29BFE']&quot;}&#10;assert 400 == 200&#10; +  where 400 = &lt;Response [400]&gt;.status_code">backend/tests/test_iteration82_regression_and_edges.py:98: in test_trainer_accent_color_valid_and_invalid
    assert r.status_code == 200, r.text
E   AssertionError: {"detail":"Invalid accent color. Must be one of: ['#FF6A00', '#FF3D00', '#00D68F', '#6C5CE7', '#0984E3', '#FDBB2D', '#E84393', '#00CEC9', '#D63031', '#A29BFE']"}
E   assert 400 == 200
E    +  where 400 = &lt;Response [400]&gt;.status_code</failure></testcase><testcase classname="backend.tests.test_iteration82_regression_and_edges" name="test_trainer_personality_tag" time="0.052"><failure message="AssertionError: {&quot;detail&quot;:&quot;Invalid personality tag. Must be one of: ['INTENSE', 'CHILL', 'BEAST MODE', 'ZEN', 'HIGH ENERGY', 'NO EXCUSES', 'PATIENT', 'COMPETITIVE']&quot;}&#10;assert 400 == 200&#10; +  where 400 = &lt;Response [400]&gt;.status_code">backend/tests/test_iteration82_regression_and_edges.py:116: in test_trainer_personality_tag
    assert r.status_code == 200, r.text
E   AssertionError: {"detail":"Invalid personality tag. Must be one of: ['INTENSE', 'CHILL', 'BEAST MODE', 'ZEN', 'HIGH ENERGY', 'NO EXCUSES', 'PATIENT', 'COMPETITIVE']"}
E   assert 400 == 200
E    +  where 400 = &lt;Response [400]&gt;.status_code</failure></testcase><testcase classname="backend.tests.test_iteration82_regression_and_edges" name="test_trainer_highlight_lifecycle" time="1.149" /><testcase classname="backend.tests.test_iteration82_regression_and_edges" name="test_trainer_profile_response_keys" time="0.119"><failure message="AssertionError: TrainerProfileResponse missing key: highlights&#10;assert 'highlights' in {'accentColor': None, 'accentColorAuto': None, 'availability': None, 'avatarUrl': 'https://example.com/iter75-sync-27656f49.png', ...}">backend/tests/test_iteration82_regression_and_edges.py:176: in test_trainer_profile_response_keys
    assert key in body, f"TrainerProfileResponse missing key: {key}"
E   AssertionError: TrainerProfileResponse missing key: highlights
E   assert 'highlights' in {'accentColor': None, 'accentColorAuto': None, 'availability': None, 'avatarUrl': 'https://example.com/iter75-sync-27656f49.png', ...}</failure></testcase><testcase classname="backend.tests.test_iteration82_regression_and_edges" name="test_discover_item_shape" time="0.626"><failure message="AssertionError: assert '#6C5CE7' == '#00B894'&#10;  &#10;  - #00B894&#10;  + #6C5CE7">backend/tests/test_iteration82_regression_and_edges.py:223: in test_discover_item_shape
    assert me["accentColor"] == "#00B894"
E   AssertionError: assert '#6C5CE7' == '#00B894'
E     
E     - #00B894
E     + #6C5CE7</failure></testcase><testcase classname="backend.tests.test_iteration82_regression_and_edges" name="test_discover_no_mongo_objectid_leak" time="0.050" /><testcase classname="backend.tests.test_iteration82_regression_and_edges" name="test_trainee_accent_color_invalid_variants[6C5CE7]" time="0.046" /><testcase classname="backend.tests.test_iteration82_regression_and_edges" name="test_trainee_accent_color_invalid_variants[#12345]" time="0.051" /><testcase classname="backend.tests.test_iteration82_regression_and_edges" name="test_trainee_accent_color_invalid_variants[#1234567]" time="0.048" /><testcase classname="backend.tests.test_iteration82_regression_and_edges" name="test_trainee_accent_color_invalid_variants[#GGGGGG]" time="0.052" /><testcase classname="backend.tests.test_iteration82_regression_and_edges" name="test_trainee_accent_color_invalid_variants[]" time="0.047"><failure message="AssertionError: expected 400 for '', got 200 {&quot;success&quot;:true,&quot;accentColor&quot;:&quot;&quot;}&#10;assert 200 == 400&#10; +  where 200 = &lt;Response [200]&gt;.status_code">backend/tests/test_iteration82_regression_and_edges.py:244: in test_trainee_accent_color_invalid_variants
    assert r.status_code == 400, f"expected 400 for {bad_color!r}, got {r.status_code} {r.text}"
E   AssertionError: expected 400 for '', got 200 {"success":true,"accentColor":""}
E   assert 200 == 400
E    +  where 200 = &lt;Response [200]&gt;.status_code</failure></testcase><testcase classname="backend.tests.test_iteration82_regression_and_edges" name="test_trainee_accent_color_invalid_variants[blue]" time="0.047" /><testcase classname="backend.tests.test_iteration82_regression_and_edges" name="test_trainee_highlight_bad_base64" time="0.052"><failure message="AssertionError: expected 4xx for bad base64, got 500: Internal Server Error&#10;assert 500 in (400, 422)&#10; +  where 500 = &lt;Response [500]&gt;.status_code">backend/tests/test_iteration82_regression_and_edges.py:259: in test_trainee_highlight_bad_base64
    assert r.status_code in (400, 422), (
E   AssertionError: expected 4xx for bad base64, got 500: Internal Server Error
E   assert 500 in (400, 422)
E    +  where 500 = &lt;Response [500]&gt;.status_code</failure></testcase><testcase classname="backend.tests.test_iteration82_regression_and_edges" name="test_trainee_vibe_unauthenticated_blocked" time="0.122" /></testsuite></testsuites>