<?xml version="1.0" encoding="utf-8"?><testsuites name="pytest tests"><testsuite name="pytest" errors="0" failures="0" skipped="0" tests="7" time="3.696" timestamp="2026-03-08T20:10:44.201729+00:00" hostname="agent-env-be6d7e80-86e9-4b5d-975f-c20687731f26"><testcase classname="tests.test_iteration39_trainer_ui_alignment.TestHealthCheck" name="test_health_endpoint" time="0.176" /><testcase classname="tests.test_iteration39_trainer_ui_alignment.TestAuthLogin" name="test_admin_login_success" time="0.339" /><testcase classname="tests.test_iteration39_trainer_ui_alignment.TestAuthLogin" name="test_login_invalid_credentials" time="1.280" /><testcase classname="tests.test_iteration39_trainer_ui_alignment.TestTrainerSessions" name="test_trainer_sessions_endpoint" time="0.458" /><testcase classname="tests.test_iteration39_trainer_ui_alignment.TestTrainerEarnings" name="test_trainer_earnings_endpoint" time="0.471" /><testcase classname="tests.test_iteration39_trainer_ui_alignment.TestTrainerProfiles" name="test_trainer_profile_endpoint" time="0.449" /><testcase classname="tests.test_iteration39_trainer_ui_alignment.TestAuthMe" name="test_auth_me_endpoint" time="0.466" /></testsuite></testsuites>