<?xml version="1.0" encoding="utf-8"?><testsuites name="pytest tests"><testsuite name="pytest" errors="0" failures="0" skipped="0" tests="12" time="4.770" timestamp="2026-03-08T03:36:23.089637+00:00" hostname="agent-env-3aa1501b-ebdd-471e-ba81-0fa985caa55b"><testcase classname="tests.test_iteration37_ui_ux_updates.TestHealthCheck" name="test_health_endpoint" time="0.148" /><testcase classname="tests.test_iteration37_ui_ux_updates.TestAuthLogin" name="test_login_admin_success" time="0.332" /><testcase classname="tests.test_iteration37_ui_ux_updates.TestAuthLogin" name="test_login_invalid_credentials" time="0.125" /><testcase classname="tests.test_iteration37_ui_ux_updates.TestBackgroundPIISubmission" name="test_submit_background_pii_success" time="0.582" /><testcase classname="tests.test_iteration37_ui_ux_updates.TestBackgroundPIISubmission" name="test_submit_background_pii_missing_fields" time="0.480" /><testcase classname="tests.test_iteration37_ui_ux_updates.TestToggleFavorite" name="test_toggle_favorite_trainer" time="0.629" /><testcase classname="tests.test_iteration37_ui_ux_updates.TestVerificationStatus" name="test_get_verification_status" time="0.522" /><testcase classname="tests.test_iteration37_ui_ux_updates.TestTrainerSessions" name="test_get_trainer_sessions" time="0.513" /><testcase classname="tests.test_iteration37_ui_ux_updates.TestTraineeSessions" name="test_get_trainee_sessions" time="0.449" /><testcase classname="tests.test_iteration37_ui_ux_updates.TestGroupSessionsEdit" name="test_edit_group_session_invalid_id" time="0.452" /><testcase classname="tests.test_iteration37_ui_ux_updates.TestGroupSessionsEdit" name="test_edit_group_session_malformed_id" time="0.450" /><testcase classname="tests.test_iteration37_ui_ux_updates.TestSessionResponseModel" name="test_session_response_has_isGroupSession_in_model" time="0.005" /></testsuite></testsuites>