<?xml version="1.0" encoding="utf-8"?><testsuites name="pytest tests"><testsuite name="pytest" errors="0" failures="2" skipped="0" tests="27" time="7.302" timestamp="2026-02-27T16:53:39.927903+00:00" hostname="agent-env-cf7fb010-1479-4389-9d49-cc38d9d1cbc0"><testcase classname="backend.tests.test_iteration15_new_features.TestHealthCheck" name="test_api_health" time="0.244" /><testcase classname="backend.tests.test_iteration15_new_features.TestPasswordResetFlow" name="test_forgot_password_existing_email" time="0.152" /><testcase classname="backend.tests.test_iteration15_new_features.TestPasswordResetFlow" name="test_forgot_password_nonexistent_email" time="0.117" /><testcase classname="backend.tests.test_iteration15_new_features.TestPasswordResetFlow" name="test_reset_password_valid_token" time="0.501" /><testcase classname="backend.tests.test_iteration15_new_features.TestPasswordResetFlow" name="test_reset_password_already_used_token" time="0.147" /><testcase classname="backend.tests.test_iteration15_new_features.TestPasswordResetFlow" name="test_reset_password_expired_token" time="0.137" /><testcase classname="backend.tests.test_iteration15_new_features.TestPasswordResetFlow" name="test_reset_password_short_password" time="0.137" /><testcase classname="backend.tests.test_iteration15_new_features.TestPasswordResetFlow" name="test_reset_password_invalid_token" time="0.165" /><testcase classname="backend.tests.test_iteration15_new_features.TestWeeklyDigest" name="test_weekly_digest_returns_summary" time="0.173" /><testcase classname="backend.tests.test_iteration15_new_features.TestWeeklyDigest" name="test_weekly_digest_requires_auth" time="0.154" /><testcase classname="backend.tests.test_iteration15_new_features.TestAdminPagination" name="test_admin_users_pagination_first_page" time="0.124" /><testcase classname="backend.tests.test_iteration15_new_features.TestAdminPagination" name="test_admin_users_pagination_second_page" time="0.275" /><testcase classname="backend.tests.test_iteration15_new_features.TestAdminPagination" name="test_admin_sessions_pagination" time="0.137" /><testcase classname="backend.tests.test_iteration15_new_features.TestAdminPagination" name="test_admin_transactions_enriched_pagination" time="0.137" /><testcase classname="backend.tests.test_iteration15_new_features.TestAdminPagination" name="test_admin_pagination_requires_admin" time="0.117" /><testcase classname="backend.tests.test_iteration15_new_features.TestAuthRegression" name="test_login_valid_credentials" time="0.394" /><testcase classname="backend.tests.test_iteration15_new_features.TestAuthRegression" name="test_login_invalid_credentials" time="0.333" /><testcase classname="backend.tests.test_iteration15_new_features.TestAuthRegression" name="test_signup_creates_user_with_email_verified" time="0.337" /><testcase classname="backend.tests.test_iteration15_new_features.TestRatingsRegression" name="test_ratings_require_auth" time="0.132" /><testcase classname="backend.tests.test_iteration15_new_features.TestNotificationsRegression" name="test_get_notifications" time="0.124"><failure message="AssertionError: assert False&#10; +  where False = isinstance({'notifications': [{'body': 'Your session has ended! Please confirm to release payment.', 'createdAt': '2026-02-27T16:37:39.760000', 'data': {'screen': 'trainee/sessions', 'sessionId': '69a1c8537328ab2ec77582d4'}, 'read': True, ...}, {'body': 'Alex Trainer is unable to take your session. Try another trainer!', 'createdAt': '2026-02-27T16:37:39.616000', 'data': {'screen': 'trainee/home', 'sessionId': '69a1c8537328ab2ec77582d1'}, 'read': True, ...}, {'body': 'Alex Trainer accepted your session request. Get ready!', 'createdAt': '2026-02-27T16:37:39.347000', 'data': {'screen': 'trainee/sessions', 'sessionId': '69a1c8537328ab2ec77582cb'}, 'read': True, ...}, {'body': 'Alex Trainer accepted your session request. Get ready!', 'createdAt': '2026-02-27T16:34:23.328000', 'data': {'screen': 'trainee/sessions', 'sessionId': '69a1c78e05e2b4bad1349eae'}, 'read': True, ...}, {'body': 'Alex Trainer accepted your session request. Get ready!', 'createdAt': '2026-02-27T16:19:56.580000', 'data': {'screen': 'trainee/sessions', 'sessionId': '69a1c4220b717056ce19bdc4'}, 'read': True, ...}]}, list)">backend/tests/test_iteration15_new_features.py:498: in test_get_notifications
    assert isinstance(data, list)
E   AssertionError: assert False
E    +  where False = isinstance({'notifications': [{'body': 'Your session has ended! Please confirm to release payment.', 'createdAt': '2026-02-27T16:37:39.760000', 'data': {'screen': 'trainee/sessions', 'sessionId': '69a1c8537328ab2ec77582d4'}, 'read': True, ...}, {'body': 'Alex Trainer is unable to take your session. Try another trainer!', 'createdAt': '2026-02-27T16:37:39.616000', 'data': {'screen': 'trainee/home', 'sessionId': '69a1c8537328ab2ec77582d1'}, 'read': True, ...}, {'body': 'Alex Trainer accepted your session request. Get ready!', 'createdAt': '2026-02-27T16:37:39.347000', 'data': {'screen': 'trainee/sessions', 'sessionId': '69a1c8537328ab2ec77582cb'}, 'read': True, ...}, {'body': 'Alex Trainer accepted your session request. Get ready!', 'createdAt': '2026-02-27T16:34:23.328000', 'data': {'screen': 'trainee/sessions', 'sessionId': '69a1c78e05e2b4bad1349eae'}, 'read': True, ...}, {'body': 'Alex Trainer accepted your session request. Get ready!', 'createdAt': '2026-02-27T16:19:56.580000', 'data': {'screen': 'trainee/sessions', 'sessionId': '69a1c4220b717056ce19bdc4'}, 'read': True, ...}]}, list)</failure></testcase><testcase classname="backend.tests.test_iteration15_new_features.TestNotificationsRegression" name="test_get_notification_preferences" time="0.116" /><testcase classname="backend.tests.test_iteration15_new_features.TestNotificationsRegression" name="test_update_notification_preferences" time="0.113" /><testcase classname="backend.tests.test_iteration15_new_features.TestPushTokensRegression" name="test_register_push_token" time="0.161" /><testcase classname="backend.tests.test_iteration15_new_features.TestPaymentsRegression" name="test_membership_subscribe_creates_payment_intent" time="0.111" /><testcase classname="backend.tests.test_iteration15_new_features.TestPaymentsRegression" name="test_boost_purchase_creates_payment_intent" time="1.199" /><testcase classname="backend.tests.test_iteration15_new_features.TestSessionsRegression" name="test_create_session" time="0.186"><failure message="assert 403 in [200, 201]&#10; +  where 403 = &lt;Response [403]&gt;.status_code">backend/tests/test_iteration15_new_features.py:612: in test_create_session
    assert response.status_code in [200, 201]
E   assert 403 in [200, 201]
E    +  where 403 = &lt;Response [403]&gt;.status_code</failure></testcase><testcase classname="backend.tests.test_iteration15_new_features.TestRateLimiting" name="test_login_rate_limiting" time="1.079" /></testsuite></testsuites>