<?xml version="1.0" encoding="utf-8"?><testsuites name="pytest tests"><testsuite name="pytest" errors="0" failures="0" skipped="0" tests="5" time="4.994" timestamp="2026-06-04T14:46:23.942151+00:00" hostname="agent-env-fb4edd1c-c968-47d4-928a-9043a1bd22b6"><testcase classname="tests.test_iteration96b_public_ingress" name="test_public_pricing_quote_45_min_flat_fee" time="0.491" /><testcase classname="tests.test_iteration96b_public_ingress" name="test_public_pricing_quote_flat_fee_all_combos" time="3.238" /><testcase classname="tests.test_iteration96b_public_ingress" name="test_public_corporate_quote_responds_for_trainee" time="0.450" /><testcase classname="tests.test_iteration96b_public_ingress" name="test_public_corporate_quote_requires_auth" time="0.145" /><testcase classname="tests.test_iteration96b_public_ingress" name="test_public_corporate_quote_validates_input" time="0.612" /></testsuite></testsuites>