<?xml version="1.0" encoding="utf-8"?><testsuites name="pytest tests"><testsuite name="pytest" errors="0" failures="0" skipped="0" tests="32" time="2.428" timestamp="2026-05-31T03:19:47.867457+00:00" hostname="agent-env-fb4edd1c-c968-47d4-928a-9043a1bd22b6"><testcase classname="backend.tests.test_iteration72_predeploy_regression.TestAuth" name="test_admin_login_role" time="0.351" /><testcase classname="backend.tests.test_iteration72_predeploy_regression.TestAuth" name="test_trainee_login_role" time="0.270" /><testcase classname="backend.tests.test_iteration72_predeploy_regression.TestAuth" name="test_trainer_login_role" time="0.267" /><testcase classname="backend.tests.test_iteration72_predeploy_regression.TestAuth" name="test_auth_me_admin" time="0.048" /><testcase classname="backend.tests.test_iteration72_predeploy_regression.TestAuth" name="test_auth_me_trainee" time="0.045" /><testcase classname="backend.tests.test_iteration72_predeploy_regression.TestAuth" name="test_auth_me_trainer" time="0.049" /><testcase classname="backend.tests.test_iteration72_predeploy_regression.TestSearch" name="test_trainer_search_by_name" time="0.064" /><testcase classname="backend.tests.test_iteration72_predeploy_regression.TestSearch" name="test_trainer_search_by_exact_email" time="0.048" /><testcase classname="backend.tests.test_iteration72_predeploy_regression.TestSearch" name="test_trainee_search_as_trainer" time="0.069" /><testcase classname="backend.tests.test_iteration72_predeploy_regression.TestSearch" name="test_trainee_search_as_trainee_forbidden" time="0.046" /><testcase classname="backend.tests.test_iteration72_predeploy_regression.TestSearch" name="test_trainee_search_no_auth" time="0.049" /><testcase classname="backend.tests.test_iteration72_predeploy_regression.TestReferral" name="test_my_code" time="0.049" /><testcase classname="backend.tests.test_iteration72_predeploy_regression.TestReferral" name="test_track_invite_sms" time="0.048" /><testcase classname="backend.tests.test_iteration72_predeploy_regression.TestReferral" name="test_track_invite_invalid_channel" time="0.054" /><testcase classname="backend.tests.test_iteration72_predeploy_regression.TestReferral" name="test_invite_stats" time="0.046" /><testcase classname="backend.tests.test_iteration72_predeploy_regression.TestExperiments" name="test_event_valid[impression]" time="0.048" /><testcase classname="backend.tests.test_iteration72_predeploy_regression.TestExperiments" name="test_event_valid[click]" time="0.051" /><testcase classname="backend.tests.test_iteration72_predeploy_regression.TestExperiments" name="test_event_valid[conversion]" time="0.051" /><testcase classname="backend.tests.test_iteration72_predeploy_regression.TestExperiments" name="test_event_invalid" time="0.053" /><testcase classname="backend.tests.test_iteration72_predeploy_regression.TestExperiments" name="test_results_as_admin" time="0.047" /><testcase classname="backend.tests.test_iteration72_predeploy_regression.TestExperiments" name="test_results_as_non_admin_forbidden" time="0.046" /><testcase classname="backend.tests.test_iteration72_predeploy_regression.TestInstagram" name="test_status_not_linked" time="0.056" /><testcase classname="backend.tests.test_iteration72_predeploy_regression.TestInstagram" name="test_oauth_start_503" time="0.049" /><testcase classname="backend.tests.test_iteration72_predeploy_regression.TestInstagram" name="test_deauthorize_ping" time="0.049" /><testcase classname="backend.tests.test_iteration72_predeploy_regression.TestInstagram" name="test_data_deletion_meta_shape" time="0.047" /><testcase classname="backend.tests.test_iteration72_predeploy_regression.TestInstagram" name="test_public_media_unlinked" time="0.048" /><testcase classname="backend.tests.test_iteration72_predeploy_regression.TestPrivacyPublic" name="test_privacy_policy_html" time="0.053" /><testcase classname="backend.tests.test_iteration72_predeploy_regression.TestPrivacyPublic" name="test_data_deletion_status_html" time="0.045" /><testcase classname="backend.tests.test_iteration72_predeploy_regression.TestCoreFlows" name="test_trainer_profile_self" time="0.056" /><testcase classname="backend.tests.test_iteration72_predeploy_regression.TestCoreFlows" name="test_trainee_profile_self" time="0.050" /><testcase classname="backend.tests.test_iteration72_predeploy_regression.TestCoreFlows" name="test_trainee_sessions_list" time="0.056" /><testcase classname="backend.tests.test_iteration72_predeploy_regression.TestCoreFlows" name="test_trainer_sessions_list" time="0.059" /></testsuite></testsuites>