<?xml version="1.0" encoding="utf-8"?><testsuites name="pytest tests"><testsuite name="pytest" errors="0" failures="2" skipped="0" tests="15" time="2.263" timestamp="2026-02-27T04:39:55.496730+00:00" hostname="agent-env-27f7b9fc-3e67-4779-97a2-88ee7010ffc7"><testcase classname="backend.tests.test_leaderboard_p2.TestLeaderboardWeekly" name="test_leaderboard_requires_auth" time="0.349" /><testcase classname="backend.tests.test_leaderboard_p2.TestLeaderboardWeekly" name="test_leaderboard_with_trainer_token" time="0.345" /><testcase classname="backend.tests.test_leaderboard_p2.TestLeaderboardWeekly" name="test_leaderboard_with_trainee_token" time="0.342" /><testcase classname="backend.tests.test_leaderboard_p2.TestLeaderboardWeekly" name="test_leaderboard_entry_structure" time="0.062" /><testcase classname="backend.tests.test_leaderboard_p2.TestLeaderboardWeekly" name="test_leaderboard_sorted_by_consistency_points" time="0.067" /><testcase classname="backend.tests.test_leaderboard_p2.TestLeaderboardWeekly" name="test_leaderboard_ranks_are_correct" time="0.075" /><testcase classname="backend.tests.test_leaderboard_p2.TestLeaderboardWeekly" name="test_leaderboard_my_entry_present" time="0.063" /><testcase classname="backend.tests.test_leaderboard_p2.TestLeaderboardWeekly" name="test_leaderboard_excludes_admin_users" time="0.337" /><testcase classname="backend.tests.test_leaderboard_p2.TestLeaderboardWeekly" name="test_leaderboard_limit_parameter" time="0.068" /><testcase classname="backend.tests.test_leaderboard_p2.TestStreaksRegression" name="test_streaks_trainer" time="0.063" /><testcase classname="backend.tests.test_leaderboard_p2.TestStreaksRegression" name="test_streaks_trainee" time="0.058" /><testcase classname="backend.tests.test_leaderboard_p2.TestAchievementsRegression" name="test_trainee_achievements_returns_12_badges" time="0.053" /><testcase classname="backend.tests.test_leaderboard_p2.TestAdminRegression" name="test_admin_dashboard" time="0.072" /><testcase classname="backend.tests.test_leaderboard_p2.TestAdminRegression" name="test_admin_sessions_enriched" time="0.052"><failure message="AssertionError: Admin sessions should return a list&#10;assert False&#10; +  where False = isinstance({'limit': 50, 'sessions': [{'actualDurationMinutes': None, 'createdAt': '2026-02-26T20:06:24.323000', 'durationMinutes': 60, 'finalSessionPriceCents': 4000, ...}, {'actualDurationMinutes': None, 'basePricePerMinuteCents': 133, 'baseSessionPriceCents': 4000, 'cancellationFeeCents': 2500, ...}, {'actualDurationMinutes': None, 'basePricePerMinuteCents': 50, 'baseSessionPriceCents': 3000, 'cancellationFeeCents': 1500, ...}, {'actualDurationMinutes': None, 'basePricePerMinuteCents': 133, 'baseSessionPriceCents': 4000, 'cancellationFeeCents': 2500, ...}, {'actualDurationMinutes': None, 'basePricePerMinuteCents': 50, 'baseSessionPriceCents': 3000, 'cancellationFeeCents': 1500, ...}, {'actualDurationMinutes': None, 'basePricePerMinuteCents': 100, 'baseSessionPriceCents': 6000, 'cancellationFeeCents': 3500, ...}, ...], 'skip': 0, 'total': 13}, list)">backend/tests/test_leaderboard_p2.py:343: in test_admin_sessions_enriched
    assert isinstance(data, list), "Admin sessions should return a list"
E   AssertionError: Admin sessions should return a list
E   assert False
E    +  where False = isinstance({'limit': 50, 'sessions': [{'actualDurationMinutes': None, 'createdAt': '2026-02-26T20:06:24.323000', 'durationMinutes': 60, 'finalSessionPriceCents': 4000, ...}, {'actualDurationMinutes': None, 'basePricePerMinuteCents': 133, 'baseSessionPriceCents': 4000, 'cancellationFeeCents': 2500, ...}, {'actualDurationMinutes': None, 'basePricePerMinuteCents': 50, 'baseSessionPriceCents': 3000, 'cancellationFeeCents': 1500, ...}, {'actualDurationMinutes': None, 'basePricePerMinuteCents': 133, 'baseSessionPriceCents': 4000, 'cancellationFeeCents': 2500, ...}, {'actualDurationMinutes': None, 'basePricePerMinuteCents': 50, 'baseSessionPriceCents': 3000, 'cancellationFeeCents': 1500, ...}, {'actualDurationMinutes': None, 'basePricePerMinuteCents': 100, 'baseSessionPriceCents': 6000, 'cancellationFeeCents': 3500, ...}, ...], 'skip': 0, 'total': 13}, list)</failure></testcase><testcase classname="backend.tests.test_leaderboard_p2.TestAdminRegression" name="test_admin_message" time="0.105"><failure message="AssertionError: Admin message failed: 422 - {&quot;detail&quot;:[{&quot;type&quot;:&quot;missing&quot;,&quot;loc&quot;:[&quot;body&quot;,&quot;receiverId&quot;],&quot;msg&quot;:&quot;Field required&quot;,&quot;input&quot;:{&quot;userId&quot;:&quot;697c077500b22ded1af3509d&quot;,&quot;content&quot;:&quot;TEST_admin_regression_message&quot;},&quot;url&quot;:&quot;https://errors.pydantic.dev/2.12/v/missing&quot;}]}&#10;assert 422 == 200&#10; +  where 422 = &lt;Response [422]&gt;.status_code">backend/tests/test_leaderboard_p2.py:373: in test_admin_message
    assert response.status_code == 200, f"Admin message failed: {response.status_code} - {response.text}"
E   AssertionError: Admin message failed: 422 - {"detail":[{"type":"missing","loc":["body","receiverId"],"msg":"Field required","input":{"userId":"697c077500b22ded1af3509d","content":"TEST_admin_regression_message"},"url":"https://errors.pydantic.dev/2.12/v/missing"}]}
E   assert 422 == 200
E    +  where 422 = &lt;Response [422]&gt;.status_code</failure></testcase></testsuite></testsuites>