<?xml version="1.0" encoding="utf-8"?><testsuites name="pytest tests"><testsuite name="pytest" errors="0" failures="0" skipped="0" tests="16" time="12.789" timestamp="2026-03-01T15:50:04.527034+00:00" hostname="agent-env-e67ddc2c-1581-410a-a27b-2841f9c14fad"><testcase classname="backend.tests.test_p0_smart_matching_engine.TestHealthAndAuth" name="test_health_endpoint" time="0.216" /><testcase classname="backend.tests.test_p0_smart_matching_engine.TestHealthAndAuth" name="test_login_trainee_success" time="0.837" /><testcase classname="backend.tests.test_p0_smart_matching_engine.TestHealthAndAuth" name="test_login_trainer_success" time="0.859" /><testcase classname="backend.tests.test_p0_smart_matching_engine.TestHealthAndAuth" name="test_login_invalid_credentials" time="1.102" /><testcase classname="backend.tests.test_p0_smart_matching_engine.TestVirtualSessionRequest" name="test_virtual_request_requires_trainee_role" time="0.108" /><testcase classname="backend.tests.test_p0_smart_matching_engine.TestVirtualSessionRequest" name="test_create_virtual_request" time="0.123" /><testcase classname="backend.tests.test_p0_smart_matching_engine.TestVirtualSessionRequest" name="test_duplicate_virtual_request_returns_existing" time="0.236" /><testcase classname="backend.tests.test_p0_smart_matching_engine.TestTrainerAcceptance" name="test_trainer_accept_virtual_request" time="0.954" /><testcase classname="backend.tests.test_p0_smart_matching_engine.TestTrainerAcceptance" name="test_race_condition_prevention" time="1.988" /><testcase classname="backend.tests.test_p0_smart_matching_engine.TestVirtualRequestStatus" name="test_get_virtual_request_status" time="1.263" /><testcase classname="backend.tests.test_p0_smart_matching_engine.TestInstantInPersonRequest" name="test_instant_request_requires_location" time="0.120" /><testcase classname="backend.tests.test_p0_smart_matching_engine.TestNotifications" name="test_get_notifications" time="0.125" /><testcase classname="backend.tests.test_p0_smart_matching_engine.TestNotifications" name="test_notification_preferences_endpoint" time="0.109" /><testcase classname="backend.tests.test_p0_smart_matching_engine.TestNotificationCreation" name="test_virtual_request_notifications_flow" time="2.176" /><testcase classname="backend.tests.test_p0_smart_matching_engine.TestNotificationCreation" name="test_acceptance_creates_matched_notification" time="2.222" /><testcase classname="backend.tests.test_p0_smart_matching_engine.TestCleanup" name="test_cleanup_virtual_requests" time="0.246" /></testsuite></testsuites>