<?xml version="1.0" encoding="utf-8"?><testsuites name="pytest tests"><testsuite name="pytest" errors="0" failures="0" skipped="0" tests="24" time="7.019" timestamp="2026-03-01T16:40:56.483012+00:00" hostname="agent-env-e67ddc2c-1581-410a-a27b-2841f9c14fad"><testcase classname="backend.tests.test_p1_cancellation_noshow_gps.TestHealthAndAuth" name="test_health_endpoint" time="0.217" /><testcase classname="backend.tests.test_p1_cancellation_noshow_gps.TestHealthAndAuth" name="test_login_trainee_success" time="0.639" /><testcase classname="backend.tests.test_p1_cancellation_noshow_gps.TestHealthAndAuth" name="test_login_trainer_success" time="0.651" /><testcase classname="backend.tests.test_p1_cancellation_noshow_gps.TestTraineeCancellation" name="test_trainee_cancel_more_than_12h_no_penalty" time="0.146" /><testcase classname="backend.tests.test_p1_cancellation_noshow_gps.TestTraineeCancellation" name="test_trainee_cancel_12_to_2h_25_percent_penalty" time="0.123" /><testcase classname="backend.tests.test_p1_cancellation_noshow_gps.TestTraineeCancellation" name="test_trainee_cancel_less_than_2h_50_percent_penalty" time="0.124" /><testcase classname="backend.tests.test_p1_cancellation_noshow_gps.TestTrainerCancellation" name="test_trainer_cancel_more_than_12h_no_strike" time="0.126" /><testcase classname="backend.tests.test_p1_cancellation_noshow_gps.TestTrainerCancellation" name="test_trainer_cancel_within_12h_gets_strike_and_credit" time="0.154" /><testcase classname="backend.tests.test_p1_cancellation_noshow_gps.TestNoShow" name="test_trainee_no_show_trainer_gets_50_percent" time="0.126" /><testcase classname="backend.tests.test_p1_cancellation_noshow_gps.TestNoShow" name="test_trainer_no_show_full_refund_and_strike" time="0.136" /><testcase classname="backend.tests.test_p1_cancellation_noshow_gps.TestStrikeThreshold" name="test_three_strikes_triggers_account_review" time="1.007" /><testcase classname="backend.tests.test_p1_cancellation_noshow_gps.TestGPSTracking" name="test_start_en_route" time="0.120" /><testcase classname="backend.tests.test_p1_cancellation_noshow_gps.TestGPSTracking" name="test_gps_update_success" time="0.238" /><testcase classname="backend.tests.test_p1_cancellation_noshow_gps.TestGPSTracking" name="test_gps_update_low_accuracy_alert" time="0.258" /><testcase classname="backend.tests.test_p1_cancellation_noshow_gps.TestGPSTracking" name="test_get_gps_track_active_session" time="0.476" /><testcase classname="backend.tests.test_p1_cancellation_noshow_gps.TestGPSTracking" name="test_gps_track_privacy_cancelled_session" time="0.264" /><testcase classname="backend.tests.test_p1_cancellation_noshow_gps.TestGPSConfirmDistance" name="test_confirm_gps_outdoor_within_025_miles" time="0.134" /><testcase classname="backend.tests.test_p1_cancellation_noshow_gps.TestGPSConfirmDistance" name="test_confirm_gps_outdoor_too_far" time="0.133" /><testcase classname="backend.tests.test_p1_cancellation_noshow_gps.TestGPSConfirmDistance" name="test_confirm_gps_at_home_stricter_threshold" time="0.155" /><testcase classname="backend.tests.test_p1_cancellation_noshow_gps.TestSessionStatusTransitions" name="test_start_session_in_progress" time="0.124" /><testcase classname="backend.tests.test_p1_cancellation_noshow_gps.TestSessionStatusTransitions" name="test_full_session_flow_en_route_to_in_progress" time="0.249" /><testcase classname="backend.tests.test_p1_cancellation_noshow_gps.TestEdgeCases" name="test_cancel_already_cancelled_session" time="0.231" /><testcase classname="backend.tests.test_p1_cancellation_noshow_gps.TestEdgeCases" name="test_unauthorized_cancel" time="0.788" /><testcase classname="backend.tests.test_p1_cancellation_noshow_gps.TestEdgeCases" name="test_invalid_no_show_who_parameter" time="0.152" /></testsuite></testsuites>