<?xml version="1.0" encoding="utf-8"?><testsuites name="pytest tests"><testsuite name="pytest" errors="0" failures="0" skipped="7" tests="17" time="5.983" timestamp="2026-03-01T20:53:31.134811+00:00" hostname="agent-env-e67ddc2c-1581-410a-a27b-2841f9c14fad"><testcase classname="tests.test_p2_selfie_verification.TestSelfieSubmission" name="test_trainer_submit_selfie_success" time="0.533" /><testcase classname="tests.test_p2_selfie_verification.TestSelfieSubmission" name="test_trainee_submit_selfie_both_verified" time="0.934" /><testcase classname="tests.test_p2_selfie_verification.TestSelfieValidation" name="test_reject_short_selfie_data" time="0.422" /><testcase classname="tests.test_p2_selfie_verification.TestSelfieValidation" name="test_reject_large_selfie_data" time="0.724" /><testcase classname="tests.test_p2_selfie_verification.TestSelfieValidation" name="test_reject_empty_selfie_data" time="0.399" /><testcase classname="tests.test_p2_selfie_verification.TestAccessControl" name="test_non_participant_cannot_submit_selfie" time="0.409" /><testcase classname="tests.test_p2_selfie_verification.TestAccessControl" name="test_non_participant_cannot_view_verification_status" time="0.437" /><testcase classname="tests.test_p2_selfie_verification.TestAccessControl" name="test_unauthenticated_cannot_submit_selfie" time="0.145" /><testcase classname="tests.test_p2_selfie_verification.TestVerificationStatus" name="test_initial_verification_status" time="0.394" /><testcase classname="tests.test_p2_selfie_verification.TestVerificationStatus" name="test_verification_status_after_trainer_selfie" time="0.521" /><testcase classname="tests.test_p2_selfie_verification.TestVerificationStatus" name="test_verification_status_after_both_selfies" time="0.128"><skipped type="pytest.skip" message="Trainer login failed: 429">/app/backend/tests/test_p2_selfie_verification.py:360: Trainer login failed: 429</skipped></testcase><testcase classname="tests.test_p2_selfie_verification.TestEdgeCases" name="test_invalid_session_id_format" time="0.160"><skipped type="pytest.skip" message="Trainer login failed: 429">/app/backend/tests/test_p2_selfie_verification.py:404: Trainer login failed: 429</skipped></testcase><testcase classname="tests.test_p2_selfie_verification.TestEdgeCases" name="test_nonexistent_session_id" time="0.114"><skipped type="pytest.skip" message="Trainer login failed: 429">/app/backend/tests/test_p2_selfie_verification.py:417: Trainer login failed: 429</skipped></testcase><testcase classname="tests.test_p2_selfie_verification.TestEdgeCases" name="test_trainee_can_view_verification_status" time="0.111"><skipped type="pytest.skip" message="Trainee login failed: 429">/app/backend/tests/test_p2_selfie_verification.py:433: Trainee login failed: 429</skipped></testcase><testcase classname="tests.test_p2_selfie_verification.TestEdgeCases" name="test_selfie_resubmission_updates_record" time="0.115"><skipped type="pytest.skip" message="Trainer login failed: 429">/app/backend/tests/test_p2_selfie_verification.py:450: Trainer login failed: 429</skipped></testcase><testcase classname="tests.test_p2_selfie_verification.TestDataStorage" name="test_selfie_stored_in_session_selfies_collection" time="0.108"><skipped type="pytest.skip" message="Trainer login failed: 429">/app/backend/tests/test_p2_selfie_verification.py:495: Trainer login failed: 429</skipped></testcase><testcase classname="tests.test_p2_selfie_verification.TestDataStorage" name="test_session_document_updated_with_flags" time="0.122"><skipped type="pytest.skip" message="Trainer login failed: 429">/app/backend/tests/test_p2_selfie_verification.py:527: Trainer login failed: 429</skipped></testcase></testsuite></testsuites>