<?xml version="1.0" encoding="utf-8"?><testsuites name="pytest tests"><testsuite name="pytest" errors="0" failures="0" skipped="0" tests="16" time="5.124" timestamp="2026-03-01T20:55:57.105480+00:00" hostname="agent-env-e67ddc2c-1581-410a-a27b-2841f9c14fad"><testcase classname="tests.test_p2_selfie_verification" name="test_trainer_submit_selfie_success" time="2.149" /><testcase classname="tests.test_p2_selfie_verification" name="test_trainee_submit_selfie_both_verified" time="0.258" /><testcase classname="tests.test_p2_selfie_verification" name="test_reject_short_selfie_data" time="0.126" /><testcase classname="tests.test_p2_selfie_verification" name="test_reject_large_selfie_data" time="0.398" /><testcase classname="tests.test_p2_selfie_verification" name="test_reject_empty_selfie_data" time="0.163" /><testcase classname="tests.test_p2_selfie_verification" name="test_non_participant_cannot_submit_selfie" time="0.143" /><testcase classname="tests.test_p2_selfie_verification" name="test_non_participant_cannot_view_status" time="0.121" /><testcase classname="tests.test_p2_selfie_verification" name="test_initial_verification_status" time="0.119" /><testcase classname="tests.test_p2_selfie_verification" name="test_verification_status_after_trainer_selfie" time="0.219" /><testcase classname="tests.test_p2_selfie_verification" name="test_verification_status_after_both_selfies" time="0.389" /><testcase classname="tests.test_p2_selfie_verification" name="test_invalid_session_id_format" time="0.143" /><testcase classname="tests.test_p2_selfie_verification" name="test_nonexistent_session_id" time="0.138" /><testcase classname="tests.test_p2_selfie_verification" name="test_trainee_can_view_status" time="0.112" /><testcase classname="tests.test_p2_selfie_verification" name="test_selfie_stored_truncated" time="0.111" /><testcase classname="tests.test_p2_selfie_verification" name="test_selfie_resubmission" time="0.249" /><testcase classname="tests.test_p2_selfie_verification" name="test_unauthenticated_blocked" time="0.144" /></testsuite></testsuites>