<?xml version="1.0" encoding="utf-8"?><testsuites name="pytest tests"><testsuite name="pytest" errors="0" failures="0" skipped="0" tests="16" time="9.183" timestamp="2026-02-26T17:02:28.175143+00:00" hostname="agent-env-684430b2-5b29-408a-a5ab-81d87feeef9e"><testcase classname="backend.tests.test_payments_memberships_boosts.TestPaymentsPricingRules" name="test_pricing_rules_returns_all_fields" time="0.384" /><testcase classname="backend.tests.test_payments_memberships_boosts.TestPaymentsCreatePaymentIntent" name="test_create_payment_intent_returns_error_with_invalid_key" time="0.991" /><testcase classname="backend.tests.test_payments_memberships_boosts.TestPaymentsCalculateSessionCost" name="test_calculate_session_cost_outdoor" time="0.163" /><testcase classname="backend.tests.test_payments_memberships_boosts.TestPaymentsCalculateSessionCost" name="test_calculate_session_cost_with_travel_fee" time="0.134" /><testcase classname="backend.tests.test_payments_memberships_boosts.TestMembershipsMyMembership" name="test_get_my_membership_trainee1_has_membership" time="0.721" /><testcase classname="backend.tests.test_payments_memberships_boosts.TestMembershipsMyMembership" name="test_get_my_membership_trainee2_no_membership" time="0.520" /><testcase classname="backend.tests.test_payments_memberships_boosts.TestMembershipsSubscribe" name="test_subscribe_creates_active_membership" time="0.921" /><testcase classname="backend.tests.test_payments_memberships_boosts.TestMembershipsSubscribe" name="test_subscribe_rejects_duplicate_active_membership" time="0.790" /><testcase classname="backend.tests.test_payments_memberships_boosts.TestBoostsPurchase" name="test_purchase_boost_daily_for_trainer" time="0.644" /><testcase classname="backend.tests.test_payments_memberships_boosts.TestBoostsPurchase" name="test_purchase_boost_rejects_non_trainer" time="0.532" /><testcase classname="backend.tests.test_payments_memberships_boosts.TestBoostsPurchase" name="test_purchase_boost_invalid_type_fails" time="0.601" /><testcase classname="backend.tests.test_payments_memberships_boosts.TestBoostsMyBoosts" name="test_get_my_boosts_returns_trainer_boosts" time="0.493" /><testcase classname="backend.tests.test_payments_memberships_boosts.TestTrainerSessions" name="test_get_trainer_sessions_returns_list" time="0.516" /><testcase classname="backend.tests.test_payments_memberships_boosts.TestRegressionTrainerVerificationStatus" name="test_trainer_verification_status_still_works" time="0.536" /><testcase classname="backend.tests.test_payments_memberships_boosts.TestRegressionTrainerEarnings" name="test_trainer_earnings_still_works" time="0.593" /><testcase classname="backend.tests.test_payments_memberships_boosts.TestRegressionAdminDashboard" name="test_admin_dashboard_still_works" time="0.514" /></testsuite></testsuites>