<?xml version="1.0" encoding="utf-8"?><testsuites name="pytest tests"><testsuite name="pytest" errors="0" failures="0" skipped="0" tests="33" time="6.929" timestamp="2026-03-05T19:31:59.352184+00:00" hostname="agent-env-bf4235a3-4ef2-4c8d-88aa-d24fa98f4530"><testcase classname="backend.tests.test_phase_features.TestCommunityFeed" name="test_get_feed" time="0.509" /><testcase classname="backend.tests.test_phase_features.TestCommunityFeed" name="test_create_feed_post" time="0.144" /><testcase classname="backend.tests.test_phase_features.TestCommunityFeed" name="test_toggle_like" time="0.229" /><testcase classname="backend.tests.test_phase_features.TestCommunityFeed" name="test_feed_pagination" time="0.234" /><testcase classname="backend.tests.test_phase_features.TestGroupSessions" name="test_list_group_sessions" time="0.131" /><testcase classname="backend.tests.test_phase_features.TestGroupSessions" name="test_create_group_session_requires_trainer" time="0.109" /><testcase classname="backend.tests.test_phase_features.TestGroupSessions" name="test_create_group_session_as_trainer" time="0.497" /><testcase classname="backend.tests.test_phase_features.TestGroupSessions" name="test_join_group_session" time="0.744" /><testcase classname="backend.tests.test_phase_features.TestGroupSessions" name="test_leave_group_session" time="0.241" /><testcase classname="backend.tests.test_phase_features.TestGroupSessions" name="test_start_group_session" time="0.263" /><testcase classname="backend.tests.test_phase_features.TestGroupSessions" name="test_complete_group_session" time="0.484" /><testcase classname="backend.tests.test_phase_features.TestProgressTracking" name="test_get_user_progress" time="0.124" /><testcase classname="backend.tests.test_phase_features.TestProgressTracking" name="test_get_workout_history" time="0.198" /><testcase classname="backend.tests.test_phase_features.TestEtaWeightedSearch" name="test_ranked_search" time="0.128" /><testcase classname="backend.tests.test_phase_features.TestInstantMatch" name="test_instant_match_requires_trainee" time="0.149" /><testcase classname="backend.tests.test_phase_features.TestInstantMatch" name="test_instant_match_as_trainee" time="0.123" /><testcase classname="backend.tests.test_phase_features.TestInstantMatch" name="test_instant_match_status" time="0.279" /><testcase classname="backend.tests.test_phase_features.TestInstantMatch" name="test_accept_instant_match_requires_trainer" time="0.143" /><testcase classname="backend.tests.test_phase_features.TestInstantMatch" name="test_decline_instant_match" time="0.148" /><testcase classname="backend.tests.test_phase_features.TestInstantMatch" name="test_cancel_instant_match" time="0.296" /><testcase classname="backend.tests.test_phase_features.TestVirtualInstantMatch" name="test_virtual_instant_requires_trainee" time="0.114" /><testcase classname="backend.tests.test_phase_features.TestVirtualInstantMatch" name="test_virtual_instant_as_trainee" time="0.114" /><testcase classname="backend.tests.test_phase_features.TestTrainerTools" name="test_create_workout_plan_requires_trainer" time="0.108" /><testcase classname="backend.tests.test_phase_features.TestTrainerTools" name="test_create_workout_plan" time="0.109" /><testcase classname="backend.tests.test_phase_features.TestTrainerTools" name="test_list_workout_plans" time="0.120" /><testcase classname="backend.tests.test_phase_features.TestTrainerTools" name="test_create_session_note_requires_trainer" time="0.106" /><testcase classname="backend.tests.test_phase_features.TestTrainerTools" name="test_create_session_note" time="0.149" /><testcase classname="backend.tests.test_phase_features.TestTrainerTools" name="test_list_session_notes" time="0.199" /><testcase classname="backend.tests.test_phase_features.TestTrainerTools" name="test_update_client_progress_requires_trainer" time="0.116" /><testcase classname="backend.tests.test_phase_features.TestTrainerTools" name="test_update_client_progress" time="0.171" /><testcase classname="backend.tests.test_phase_features.TestTrainerTools" name="test_get_client_progress" time="0.124" /><testcase classname="backend.tests.test_phase_features.TestTrainerTools" name="test_get_my_clients_requires_trainer" time="0.139" /><testcase classname="backend.tests.test_phase_features.TestTrainerTools" name="test_get_my_clients" time="0.116" /></testsuite></testsuites>