<?xml version="1.0" encoding="utf-8"?><testsuites name="pytest tests"><testsuite name="pytest" errors="0" failures="0" skipped="0" tests="2" time="2.573" timestamp="2026-02-27T15:36:07.963349+00:00" hostname="agent-env-27f7b9fc-3e67-4779-97a2-88ee7010ffc7"><testcase classname="backend.tests.test_qa_audit_fixes.TestZZRateLimiting" name="test_z1_login_rate_limit_returns_429_after_10_requests" time="0.959" /><testcase classname="backend.tests.test_qa_audit_fixes.TestZZRateLimiting" name="test_z2_signup_rate_limit_returns_429_after_5_requests" time="1.549" /></testsuite></testsuites>