<?xml version="1.0" encoding="utf-8"?><testsuites name="pytest tests"><testsuite name="pytest" errors="0" failures="0" skipped="3" tests="18" time="3.727" timestamp="2026-02-27T15:34:54.934585+00:00" hostname="agent-env-27f7b9fc-3e67-4779-97a2-88ee7010ffc7"><testcase classname="backend.tests.test_qa_audit_fixes.TestMembershipStripePayment" name="test_membership_subscribe_returns_stripe_payment_intent" time="0.553"><skipped type="pytest.skip" message="Trainee1 already has active membership - cannot test subscribe flow">/app/backend/tests/test_qa_audit_fixes.py:113: Trainee1 already has active membership - cannot test subscribe flow</skipped></testcase><testcase classname="backend.tests.test_qa_audit_fixes.TestMembershipStripePayment" name="test_membership_subscribe_returns_400_if_already_active" time="0.330" /><testcase classname="backend.tests.test_qa_audit_fixes.TestMembershipStripePayment" name="test_membership_confirm_payment_returns_403_for_non_owner" time="0.000"><skipped type="pytest.skip" message="No pending membership from previous test">/app/backend/tests/test_qa_audit_fixes.py:147: No pending membership from previous test</skipped></testcase><testcase classname="backend.tests.test_qa_audit_fixes.TestMembershipStripePayment" name="test_membership_confirm_payment_validates_stripe_status" time="0.000"><skipped type="pytest.skip" message="No pending membership from previous test">/app/backend/tests/test_qa_audit_fixes.py:161: No pending membership from previous test</skipped></testcase><testcase classname="backend.tests.test_qa_audit_fixes.TestBoostStripePayment" name="test_boost_purchase_daily_returns_stripe_payment_intent" time="0.802" /><testcase classname="backend.tests.test_qa_audit_fixes.TestBoostStripePayment" name="test_boost_purchase_weekly_returns_stripe_payment_intent" time="0.337" /><testcase classname="backend.tests.test_qa_audit_fixes.TestBoostStripePayment" name="test_boost_purchase_invalid_type_returns_400" time="0.058" /><testcase classname="backend.tests.test_qa_audit_fixes.TestBoostStripePayment" name="test_boost_purchase_returns_403_for_non_trainer" time="0.052" /><testcase classname="backend.tests.test_qa_audit_fixes.TestBoostStripePayment" name="test_boost_confirm_payment_returns_403_for_non_owner" time="0.342" /><testcase classname="backend.tests.test_qa_audit_fixes.TestSessionAuthRegression" name="test_get_session_returns_401_without_token" time="0.060" /><testcase classname="backend.tests.test_qa_audit_fixes.TestSessionAuthRegression" name="test_get_session_returns_403_for_non_participant" time="0.404" /><testcase classname="backend.tests.test_qa_audit_fixes.TestPaymentAmountValidationRegression" name="test_payment_intent_rejects_amount_under_100_cents" time="0.062" /><testcase classname="backend.tests.test_qa_audit_fixes.TestPaymentAmountValidationRegression" name="test_payment_intent_rejects_amount_over_500000_cents" time="0.059" /><testcase classname="backend.tests.test_qa_audit_fixes.TestPaymentAmountValidationRegression" name="test_payment_intent_accepts_valid_amount" time="0.310" /><testcase classname="backend.tests.test_qa_audit_fixes.TestGeneralRegression" name="test_admin_dashboard_works" time="0.064" /><testcase classname="backend.tests.test_qa_audit_fixes.TestGeneralRegression" name="test_streaks_endpoint_works" time="0.061" /><testcase classname="backend.tests.test_qa_audit_fixes.TestGeneralRegression" name="test_leaderboard_endpoint_works" time="0.081" /><testcase classname="backend.tests.test_qa_audit_fixes.TestGeneralRegression" name="test_trainee_achievements_endpoint_works" time="0.057" /></testsuite></testsuites>