<?xml version="1.0" encoding="utf-8"?><testsuites name="pytest tests"><testsuite name="pytest" errors="2" failures="0" skipped="3" tests="20" time="5.666" timestamp="2026-02-27T15:33:30.675867+00:00" hostname="agent-env-27f7b9fc-3e67-4779-97a2-88ee7010ffc7"><testcase classname="backend.tests.test_qa_audit_fixes.TestMembershipStripePayment" name="test_membership_subscribe_returns_stripe_payment_intent" time="0.475"><skipped type="pytest.skip" message="Trainee1 already has active membership - cannot test subscribe flow">/app/backend/tests/test_qa_audit_fixes.py:103: Trainee1 already has active membership - cannot test subscribe flow</skipped></testcase><testcase classname="backend.tests.test_qa_audit_fixes.TestMembershipStripePayment" name="test_membership_subscribe_returns_400_if_already_active" time="0.353" /><testcase classname="backend.tests.test_qa_audit_fixes.TestMembershipStripePayment" name="test_membership_confirm_payment_returns_403_for_non_owner" time="0.000"><skipped type="pytest.skip" message="No pending membership from previous test">/app/backend/tests/test_qa_audit_fixes.py:137: No pending membership from previous test</skipped></testcase><testcase classname="backend.tests.test_qa_audit_fixes.TestMembershipStripePayment" name="test_membership_confirm_payment_validates_stripe_status" time="0.000"><skipped type="pytest.skip" message="No pending membership from previous test">/app/backend/tests/test_qa_audit_fixes.py:151: No pending membership from previous test</skipped></testcase><testcase classname="backend.tests.test_qa_audit_fixes.TestBoostStripePayment" name="test_boost_purchase_daily_returns_stripe_payment_intent" time="0.822" /><testcase classname="backend.tests.test_qa_audit_fixes.TestBoostStripePayment" name="test_boost_purchase_weekly_returns_stripe_payment_intent" time="0.327" /><testcase classname="backend.tests.test_qa_audit_fixes.TestBoostStripePayment" name="test_boost_purchase_invalid_type_returns_400" time="0.049" /><testcase classname="backend.tests.test_qa_audit_fixes.TestBoostStripePayment" name="test_boost_purchase_returns_403_for_non_trainer" time="0.057" /><testcase classname="backend.tests.test_qa_audit_fixes.TestBoostStripePayment" name="test_boost_confirm_payment_returns_403_for_non_owner" time="0.365" /><testcase classname="backend.tests.test_qa_audit_fixes.TestZZRateLimiting" name="test_z1_login_rate_limit_returns_429_after_10_requests" time="0.736" /><testcase classname="backend.tests.test_qa_audit_fixes.TestZZRateLimiting" name="test_z2_signup_rate_limit_returns_429_after_5_requests" time="1.601" /><testcase classname="backend.tests.test_qa_audit_fixes.TestSessionAuthRegression" name="test_get_session_returns_401_without_token" time="0.050" /><testcase classname="backend.tests.test_qa_audit_fixes.TestSessionAuthRegression" name="test_get_session_returns_403_for_non_participant" time="0.055"><error message="failed on setup with &quot;AssertionError: Admin login failed: {&quot;error&quot;:&quot;Rate limit exceeded: 10 per 1 minute&quot;}&#10;assert 429 == 200&#10; +  where 429 = &lt;Response [429]&gt;.status_code&quot;">backend/tests/test_qa_audit_fixes.py:39: in admin_token
    assert response.status_code == 200, f"Admin login failed: {response.text}"
E   AssertionError: Admin login failed: {"error":"Rate limit exceeded: 10 per 1 minute"}
E   assert 429 == 200
E    +  where 429 = &lt;Response [429]&gt;.status_code</error></testcase><testcase classname="backend.tests.test_qa_audit_fixes.TestPaymentAmountValidationRegression" name="test_payment_intent_rejects_amount_under_100_cents" time="0.059" /><testcase classname="backend.tests.test_qa_audit_fixes.TestPaymentAmountValidationRegression" name="test_payment_intent_rejects_amount_over_500000_cents" time="0.063" /><testcase classname="backend.tests.test_qa_audit_fixes.TestPaymentAmountValidationRegression" name="test_payment_intent_accepts_valid_amount" time="0.334" /><testcase classname="backend.tests.test_qa_audit_fixes.TestGeneralRegression" name="test_admin_dashboard_works" time="0.000"><error message="failed on setup with &quot;AssertionError: Admin login failed: {&quot;error&quot;:&quot;Rate limit exceeded: 10 per 1 minute&quot;}&#10;assert 429 == 200&#10; +  where 429 = &lt;Response [429]&gt;.status_code&quot;">backend/tests/test_qa_audit_fixes.py:39: in admin_token
    assert response.status_code == 200, f"Admin login failed: {response.text}"
E   AssertionError: Admin login failed: {"error":"Rate limit exceeded: 10 per 1 minute"}
E   assert 429 == 200
E    +  where 429 = &lt;Response [429]&gt;.status_code</error></testcase><testcase classname="backend.tests.test_qa_audit_fixes.TestGeneralRegression" name="test_streaks_endpoint_works" time="0.071" /><testcase classname="backend.tests.test_qa_audit_fixes.TestGeneralRegression" name="test_leaderboard_endpoint_works" time="0.068" /><testcase classname="backend.tests.test_qa_audit_fixes.TestGeneralRegression" name="test_trainee_achievements_endpoint_works" time="0.070" /></testsuite></testsuites>