<?xml version="1.0" encoding="utf-8"?><testsuites name="pytest tests"><testsuite name="pytest" errors="0" failures="0" skipped="2" tests="17" time="6.380" timestamp="2026-02-27T16:04:17.036390+00:00" hostname="agent-env-cf7fb010-1479-4389-9d49-cc38d9d1cbc0"><testcase classname="backend.tests.test_rating_hardening.TestHealthCheck" name="test_health_check" time="0.269" /><testcase classname="backend.tests.test_rating_hardening.TestRatingRule1OnlyTraineeCanRate" name="test_non_trainee_cannot_rate" time="0.908" /><testcase classname="backend.tests.test_rating_hardening.TestRatingRule2OnlyOneRatingPerSession" name="test_duplicate_rating_rejected" time="0.298" /><testcase classname="backend.tests.test_rating_hardening.TestRatingRule3SessionMustBeCompleted" name="test_incomplete_session_rating_rejected" time="0.148" /><testcase classname="backend.tests.test_rating_hardening.TestRatingRule4TrainersCannotSelfRate" name="test_trainer_self_rate_rejected" time="0.164" /><testcase classname="backend.tests.test_rating_hardening.TestRatingRule5EmailVerificationRequired" name="test_unverified_email_rating_rejected" time="0.136" /><testcase classname="backend.tests.test_rating_hardening.TestRatingRule6AntiFraudMetadata" name="test_anti_fraud_metadata_recorded" time="0.139" /><testcase classname="backend.tests.test_rating_hardening.TestRating48HourWindow" name="test_rating_within_48h_allowed" time="0.151" /><testcase classname="backend.tests.test_rating_hardening.TestRating48HourWindow" name="test_rating_outside_48h_rejected" time="0.122" /><testcase classname="backend.tests.test_rating_hardening.TestRatingXSSSanitization" name="test_html_tags_stripped" time="0.140" /><testcase classname="backend.tests.test_rating_hardening.TestRateLimiting" name="test_login_rate_limit" time="1.057" /><testcase classname="backend.tests.test_rating_hardening.TestRateLimiting" name="test_signup_rate_limit" time="2.084" /><testcase classname="backend.tests.test_rating_hardening.TestStripeMembershipPayment" name="test_subscribe_membership_returns_client_secret" time="0.130"><skipped type="pytest.skip" message="Rate limited - skipping membership test">/app/backend/tests/test_rating_hardening.py:581: Rate limited - skipping membership test</skipped></testcase><testcase classname="backend.tests.test_rating_hardening.TestStripeBoostPayment" name="test_purchase_weekly_boost_returns_client_secret" time="0.119"><skipped type="pytest.skip" message="Rate limited - skipping boost test">/app/backend/tests/test_rating_hardening.py:627: Rate limited - skipping boost test</skipped></testcase><testcase classname="backend.tests.test_rating_hardening.TestStripeBoostPayment" name="test_non_trainer_cannot_purchase_boost" time="0.122" /><testcase classname="backend.tests.test_rating_hardening.TestBoostConfirmPayment" name="test_confirm_payment_non_owner_rejected" time="0.117" /><testcase classname="backend.tests.test_rating_hardening.TestMembershipConfirmPayment" name="test_confirm_payment_non_owner_rejected" time="0.126" /></testsuite></testsuites>