<?xml version="1.0" encoding="utf-8"?><testsuites name="pytest tests"><testsuite name="pytest" errors="0" failures="0" skipped="0" tests="20" time="9.566" timestamp="2026-03-08T23:25:40.992204+00:00" hostname="agent-env-be6d7e80-86e9-4b5d-975f-c20687731f26"><testcase classname="backend.tests.test_safety_check_system.TestSafetyCheckHealth" name="test_api_health" time="0.132" /><testcase classname="backend.tests.test_safety_check_system.TestSafetyCheckAuthSetup" name="test_admin_login" time="0.333" /><testcase classname="backend.tests.test_safety_check_system.TestSafetyCheckActiveSession" name="test_active_session_endpoint_returns_has_active_session_field" time="0.474" /><testcase classname="backend.tests.test_safety_check_system.TestSafetyCheckFullFlow" name="test_generate_token_requires_auth" time="0.111" /><testcase classname="backend.tests.test_safety_check_system.TestSafetyCheckFullFlow" name="test_generate_token_returns_token_with_expiry" time="1.820" /><testcase classname="backend.tests.test_safety_check_system.TestSafetyCheckFullFlow" name="test_verify_token_validates_qr" time="0.229" /><testcase classname="backend.tests.test_safety_check_system.TestSafetyCheckFullFlow" name="test_reused_token_fails_verification" time="0.378" /><testcase classname="backend.tests.test_safety_check_system.TestSafetyCheckFullFlow" name="test_get_badge_data" time="0.111" /><testcase classname="backend.tests.test_safety_check_system.TestSafetyCheckFullFlow" name="test_get_timer_status" time="0.114" /><testcase classname="backend.tests.test_safety_check_system.TestSafetyCheckFullFlow" name="test_complete_timer" time="0.357" /><testcase classname="backend.tests.test_safety_check_system.TestSafetyCheckFullFlow" name="test_can_start_virtual_session" time="0.287" /><testcase classname="backend.tests.test_safety_check_system.TestSafetyCheckFullFlow" name="test_can_start_outdoor_session_before_verification" time="0.229" /><testcase classname="backend.tests.test_safety_check_system.TestSafetyCheckAdminEndpoints" name="test_admin_active_sessions" time="0.471" /><testcase classname="backend.tests.test_safety_check_system.TestSafetyCheckAdminEndpoints" name="test_admin_verification_log" time="0.130" /><testcase classname="backend.tests.test_safety_check_system.TestSafetyCheckAdminEndpoints" name="test_admin_safety_events" time="0.106" /><testcase classname="backend.tests.test_safety_check_system.TestSafetyCheckAdminEndpoints" name="test_admin_duration_tracking" time="0.132" /><testcase classname="backend.tests.test_safety_check_system.TestSafetyCheckAdminEndpoints" name="test_admin_override" time="1.195" /><testcase classname="backend.tests.test_safety_check_system.TestSafetyCheckAdminEndpoints" name="test_admin_endpoints_require_admin_auth" time="0.761" /><testcase classname="backend.tests.test_safety_check_system.TestTokenSecurity" name="test_invalid_token_rejected" time="1.429" /><testcase classname="backend.tests.test_safety_check_system.TestTokenSecurity" name="test_token_expiry_within_5_minutes" time="0.684" /></testsuite></testsuites>