<?xml version="1.0" encoding="utf-8"?><testsuites name="pytest tests"><testsuite name="pytest" errors="0" failures="0" skipped="0" tests="14" time="6.333" timestamp="2026-02-27T04:09:56.028950+00:00" hostname="agent-env-27f7b9fc-3e67-4779-97a2-88ee7010ffc7"><testcase classname="backend.tests.test_streaks_achievements.TestStreaksEndpoint" name="test_streaks_requires_authentication" time="0.151" /><testcase classname="backend.tests.test_streaks_achievements.TestStreaksEndpoint" name="test_trainer_streaks_data" time="0.464" /><testcase classname="backend.tests.test_streaks_achievements.TestStreaksEndpoint" name="test_trainee_streaks_data" time="0.502" /><testcase classname="backend.tests.test_streaks_achievements.TestTraineeAchievements" name="test_achievements_returns_12_badges" time="0.457" /><testcase classname="backend.tests.test_streaks_achievements.TestTraineeAchievements" name="test_streak_star_badge_structure" time="0.463" /><testcase classname="backend.tests.test_streaks_achievements.TestTraineeAchievements" name="test_duration_master_badge_structure" time="0.464" /><testcase classname="backend.tests.test_streaks_achievements.TestTraineeAchievements" name="test_streak_star_matches_streak_data" time="0.583" /><testcase classname="backend.tests.test_streaks_achievements.TestTraineeAchievements" name="test_duration_master_matches_streak_data" time="0.586" /><testcase classname="backend.tests.test_streaks_achievements.TestAdminEndpointsRegression" name="test_admin_dashboard" time="0.465" /><testcase classname="backend.tests.test_streaks_achievements.TestAdminEndpointsRegression" name="test_admin_sessions" time="0.613" /><testcase classname="backend.tests.test_streaks_achievements.TestAdminEndpointsRegression" name="test_admin_users" time="0.478" /><testcase classname="backend.tests.test_streaks_achievements.TestAdminEndpointsRegression" name="test_admin_dashboard_requires_auth" time="0.106" /><testcase classname="backend.tests.test_streaks_achievements.TestAdminEndpointsRegression" name="test_admin_dashboard_requires_admin_role" time="0.455" /><testcase classname="backend.tests.test_streaks_achievements.TestAllBadgesStructure" name="test_all_badges_have_required_fields" time="0.456" /></testsuite></testsuites>