<?xml version="1.0" encoding="utf-8"?><testsuites name="pytest tests"><testsuite name="pytest" errors="0" failures="2" skipped="0" tests="14" time="7.106" timestamp="2026-02-27T04:09:29.814514+00:00" hostname="agent-env-27f7b9fc-3e67-4779-97a2-88ee7010ffc7"><testcase classname="backend.tests.test_streaks_achievements.TestStreaksEndpoint" name="test_streaks_requires_authentication" time="0.281" /><testcase classname="backend.tests.test_streaks_achievements.TestStreaksEndpoint" name="test_trainer_streaks_data" time="0.489" /><testcase classname="backend.tests.test_streaks_achievements.TestStreaksEndpoint" name="test_trainee_streaks_data" time="0.486" /><testcase classname="backend.tests.test_streaks_achievements.TestTraineeAchievements" name="test_achievements_returns_12_badges" time="0.462" /><testcase classname="backend.tests.test_streaks_achievements.TestTraineeAchievements" name="test_streak_star_badge_structure" time="0.476" /><testcase classname="backend.tests.test_streaks_achievements.TestTraineeAchievements" name="test_duration_master_badge_structure" time="0.437" /><testcase classname="backend.tests.test_streaks_achievements.TestTraineeAchievements" name="test_streak_star_matches_streak_data" time="0.616" /><testcase classname="backend.tests.test_streaks_achievements.TestTraineeAchievements" name="test_duration_master_matches_streak_data" time="0.582" /><testcase classname="backend.tests.test_streaks_achievements.TestAdminEndpointsRegression" name="test_admin_dashboard" time="0.461" /><testcase classname="backend.tests.test_streaks_achievements.TestAdminEndpointsRegression" name="test_admin_sessions" time="0.502"><failure message="AssertionError: Should return list of sessions&#10;assert False&#10; +  where False = isinstance({'limit': 50, 'sessions': [{'actualDurationMinutes': None, 'createdAt': '2026-02-26T20:06:24.323000', 'durationMinutes': 60, 'finalSessionPriceCents': 4000, ...}, {'actualDurationMinutes': None, 'basePricePerMinuteCents': 133, 'baseSessionPriceCents': 4000, 'cancellationFeeCents': 2500, ...}, {'actualDurationMinutes': None, 'basePricePerMinuteCents': 50, 'baseSessionPriceCents': 3000, 'cancellationFeeCents': 1500, ...}, {'actualDurationMinutes': None, 'basePricePerMinuteCents': 133, 'baseSessionPriceCents': 4000, 'cancellationFeeCents': 2500, ...}, {'actualDurationMinutes': None, 'basePricePerMinuteCents': 50, 'baseSessionPriceCents': 3000, 'cancellationFeeCents': 1500, ...}, {'actualDurationMinutes': None, 'basePricePerMinuteCents': 100, 'baseSessionPriceCents': 6000, 'cancellationFeeCents': 3500, ...}, ...], 'skip': 0, 'total': 13}, list)">backend/tests/test_streaks_achievements.py:390: in test_admin_sessions
    assert isinstance(data, list), "Should return list of sessions"
E   AssertionError: Should return list of sessions
E   assert False
E    +  where False = isinstance({'limit': 50, 'sessions': [{'actualDurationMinutes': None, 'createdAt': '2026-02-26T20:06:24.323000', 'durationMinutes': 60, 'finalSessionPriceCents': 4000, ...}, {'actualDurationMinutes': None, 'basePricePerMinuteCents': 133, 'baseSessionPriceCents': 4000, 'cancellationFeeCents': 2500, ...}, {'actualDurationMinutes': None, 'basePricePerMinuteCents': 50, 'baseSessionPriceCents': 3000, 'cancellationFeeCents': 1500, ...}, {'actualDurationMinutes': None, 'basePricePerMinuteCents': 133, 'baseSessionPriceCents': 4000, 'cancellationFeeCents': 2500, ...}, {'actualDurationMinutes': None, 'basePricePerMinuteCents': 50, 'baseSessionPriceCents': 3000, 'cancellationFeeCents': 1500, ...}, {'actualDurationMinutes': None, 'basePricePerMinuteCents': 100, 'baseSessionPriceCents': 6000, 'cancellationFeeCents': 3500, ...}, ...], 'skip': 0, 'total': 13}, list)</failure></testcase><testcase classname="backend.tests.test_streaks_achievements.TestAdminEndpointsRegression" name="test_admin_users" time="0.465"><failure message="AssertionError: Should return list of users&#10;assert False&#10; +  where False = isinstance({'limit': 50, 'skip': 0, 'total': 19, 'users': [{'createdAt': '2026-01-30T01:20:53.157000', 'email': 'trainer1@test.com', 'fullName': 'Alex Trainer', 'id': '697c077500b22ded1af35097', ...}, {'createdAt': '2026-01-30T01:20:53.157000', 'email': 'trainer2@test.com', 'fullName': 'Jordan Fit', 'id': '697c077500b22ded1af35099', ...}, {'createdAt': '2026-01-30T01:20:53.158000', 'email': 'trainer3@test.com', 'fullName': 'Sam Strong', 'id': '697c077500b22ded1af3509b', ...}, {'createdAt': '2026-01-30T01:20:53.158000', 'email': 'trainee1@test.com', 'fullName': 'Chris Client', 'id': '697c077500b22ded1af3509d', ...}, {'createdAt': '2026-01-30T01:20:53.158000', 'email': 'trainee2@test.com', 'fullName': 'Dana Demo', 'id': '697c077500b22ded1af3509f', ...}, {'createdAt': '2026-01-30T01:20:53.159000', 'email': 'trainee3@test.com', 'fullName': 'Pat Patron', 'id': '697c077500b22ded1af350a1', ...}, ...]}, list)">backend/tests/test_streaks_achievements.py:409: in test_admin_users
    assert isinstance(data, list), "Should return list of users"
E   AssertionError: Should return list of users
E   assert False
E    +  where False = isinstance({'limit': 50, 'skip': 0, 'total': 19, 'users': [{'createdAt': '2026-01-30T01:20:53.157000', 'email': 'trainer1@test.com', 'fullName': 'Alex Trainer', 'id': '697c077500b22ded1af35097', ...}, {'createdAt': '2026-01-30T01:20:53.157000', 'email': 'trainer2@test.com', 'fullName': 'Jordan Fit', 'id': '697c077500b22ded1af35099', ...}, {'createdAt': '2026-01-30T01:20:53.158000', 'email': 'trainer3@test.com', 'fullName': 'Sam Strong', 'id': '697c077500b22ded1af3509b', ...}, {'createdAt': '2026-01-30T01:20:53.158000', 'email': 'trainee1@test.com', 'fullName': 'Chris Client', 'id': '697c077500b22ded1af3509d', ...}, {'createdAt': '2026-01-30T01:20:53.158000', 'email': 'trainee2@test.com', 'fullName': 'Dana Demo', 'id': '697c077500b22ded1af3509f', ...}, {'createdAt': '2026-01-30T01:20:53.159000', 'email': 'trainee3@test.com', 'fullName': 'Pat Patron', 'id': '697c077500b22ded1af350a1', ...}, ...]}, list)</failure></testcase><testcase classname="backend.tests.test_streaks_achievements.TestAdminEndpointsRegression" name="test_admin_dashboard_requires_auth" time="0.110" /><testcase classname="backend.tests.test_streaks_achievements.TestAdminEndpointsRegression" name="test_admin_dashboard_requires_admin_role" time="1.130" /><testcase classname="backend.tests.test_streaks_achievements.TestAllBadgesStructure" name="test_all_badges_have_required_fields" time="0.447" /></testsuite></testsuites>