<?xml version="1.0" encoding="utf-8"?><testsuites name="pytest tests"><testsuite name="pytest" errors="0" failures="0" skipped="0" tests="15" time="4.156" timestamp="2026-02-26T16:46:36.114302+00:00" hostname="agent-env-684430b2-5b29-408a-a5ab-81d87feeef9e"><testcase classname="backend.tests.test_trainer_earnings.TestHealthCheck" name="test_api_health" time="0.421" /><testcase classname="backend.tests.test_trainer_earnings.TestTrainerEarningsEndpoint" name="test_trainer_earnings_returns_full_data" time="0.635" /><testcase classname="backend.tests.test_trainer_earnings.TestTrainerEarningsEndpoint" name="test_earnings_numeric_fields_are_integers" time="0.212" /><testcase classname="backend.tests.test_trainer_earnings.TestTrainerEarningsEndpoint" name="test_daily_breakdown_has_7_items" time="0.120" /><testcase classname="backend.tests.test_trainer_earnings.TestTrainerEarningsEndpoint" name="test_weekly_breakdown_exists" time="0.141" /><testcase classname="backend.tests.test_trainer_earnings.TestTrainerEarningsEndpoint" name="test_recent_sessions_structure" time="0.146" /><testcase classname="backend.tests.test_trainer_earnings.TestTrainerEarningsEndpoint" name="test_payouts_and_payout_requests_are_lists" time="0.222" /><testcase classname="backend.tests.test_trainer_earnings.TestPayoutRequestCreation" name="test_request_payout_with_valid_data" time="0.735" /><testcase classname="backend.tests.test_trainer_earnings.TestPayoutRequestCreation" name="test_duplicate_pending_request_rejected" time="0.163" /><testcase classname="backend.tests.test_trainer_earnings.TestPayoutRequestHistory" name="test_get_payout_requests_returns_list" time="0.140" /><testcase classname="backend.tests.test_trainer_earnings.TestAuthenticationAndAuthorization" name="test_earnings_requires_authentication" time="0.130" /><testcase classname="backend.tests.test_trainer_earnings.TestAuthenticationAndAuthorization" name="test_request_payout_requires_authentication" time="0.157" /><testcase classname="backend.tests.test_trainer_earnings.TestAuthenticationAndAuthorization" name="test_payout_requests_history_requires_authentication" time="0.159" /><testcase classname="backend.tests.test_trainer_earnings.TestAuthenticationAndAuthorization" name="test_trainee_can_access_earnings_endpoint" time="0.514" /><testcase classname="backend.tests.test_trainer_earnings.TestPaymentMethods" name="test_invalid_payment_method_validation" time="0.137" /></testsuite></testsuites>