<?xml version="1.0" encoding="utf-8"?><testsuites name="pytest tests"><testsuite name="pytest" errors="0" failures="0" skipped="0" tests="7" time="3.372" timestamp="2026-03-07T01:36:00.560807+00:00" hostname="agent-env-d44a064d-0dff-4260-b451-202981b582ec"><testcase classname="backend.tests.test_ui_update_features.TestAdminAuth" name="test_health_check" time="0.138" /><testcase classname="backend.tests.test_ui_update_features.TestAdminAuth" name="test_admin_login" time="0.376" /><testcase classname="backend.tests.test_ui_update_features.TestAdminAuth" name="test_admin_dashboard" time="0.476" /><testcase classname="backend.tests.test_ui_update_features.TestAdminAuth" name="test_change_password_endpoint_exists" time="0.754" /><testcase classname="backend.tests.test_ui_update_features.TestAdminAuth" name="test_change_password_validation" time="0.689" /><testcase classname="backend.tests.test_ui_update_features.TestRevenueSplit" name="test_pricing_rules_platform_fee" time="0.445" /><testcase classname="backend.tests.test_ui_update_features.TestTopTrainersLeaderboard" name="test_admin_top_trainers" time="0.438" /></testsuite></testsuites>